#
# There is insufficient memory for the Java Runtime Environment to continue.
# Native memory allocation (malloc) failed to allocate 468496 bytes for Chunk::new
# Possible reasons:
#   The system is out of physical RAM or swap space
#   In 32 bit mode, the process size limit was hit
# Possible solutions:
#   Reduce memory load on the system
#   Increase physical memory or swap space
#   Check if swap backing store is full
#   Use 64 bit Java on a 64 bit OS
#   Decrease Java heap size (-Xmx/-Xms)
#   Decrease number of Java threads
#   Decrease Java thread stack sizes (-Xss)
#   Set larger code cache with -XX:ReservedCodeCacheSize=
# This output file may be truncated or incomplete.
#
#  Out of Memory Error (allocation.cpp:390), pid=9624, tid=8008
#
# JRE version: Java(TM) SE Runtime Environment (8.0_25-b18) (build 1.8.0_25-b18)
# Java VM: Java HotSpot(TM) 64-Bit Server VM (25.25-b02 mixed mode windows-amd64 compressed oops)
# Failed to write core dump. Minidumps are not enabled by default on client versions of Windows
#

---------------  T H R E A D  ---------------

Current thread (0x000000001786d000):  JavaThread "C2 CompilerThread2" daemon [_thread_in_native, id=8008, stack(0x0000000017ff0000,0x00000000180f0000)]

Stack: [0x0000000017ff0000,0x00000000180f0000]
Native frames: (J=compiled Java code, j=interpreted, Vv=VM code, C=native code)
V  [jvm.dll+0x31667a]


Current CompileTask:
C2:   3060 1100       4       com.android.dx.ssa.SsaMethod::forEachInsn (36 bytes)


---------------  P R O C E S S  ---------------

Java Threads: ( => current thread )
  0x0000000017ac0800 JavaThread "pool-1-thread-4" [_thread_in_Java, id=10996, stack(0x00000000187f0000,0x00000000188f0000)]
  0x0000000017a91000 JavaThread "pool-1-thread-3" [_thread_blocked, id=2292, stack(0x00000000186f0000,0x00000000187f0000)]
  0x00000000179d1800 JavaThread "pool-1-thread-2" [_thread_in_Java, id=4900, stack(0x00000000185f0000,0x00000000186f0000)]
  0x00000000179cf000 JavaThread "pool-2-thread-1" [_thread_blocked, id=10592, stack(0x00000000184f0000,0x00000000185f0000)]
  0x00000000179ce000 JavaThread "pool-1-thread-1" [_thread_in_Java, id=6692, stack(0x00000000183f0000,0x00000000184f0000)]
  0x0000000017878800 JavaThread "Service Thread" daemon [_thread_blocked, id=4196, stack(0x00000000181f0000,0x00000000182f0000)]
  0x000000001786f800 JavaThread "C1 CompilerThread3" daemon [_thread_blocked, id=6872, stack(0x00000000180f0000,0x00000000181f0000)]
=>0x000000001786d000 JavaThread "C2 CompilerThread2" daemon [_thread_in_native, id=8008, stack(0x0000000017ff0000,0x00000000180f0000)]
  0x0000000017868000 JavaThread "C2 CompilerThread1" daemon [_thread_blocked, id=12084, stack(0x0000000017ef0000,0x0000000017ff0000)]
  0x0000000017817800 JavaThread "C2 CompilerThread0" daemon [_thread_in_native, id=1636, stack(0x0000000017df0000,0x0000000017ef0000)]
  0x0000000017816800 JavaThread "Attach Listener" daemon [_thread_blocked, id=8680, stack(0x0000000017cf0000,0x0000000017df0000)]
  0x000000001582e800 JavaThread "Signal Dispatcher" daemon [_thread_blocked, id=8028, stack(0x0000000017bf0000,0x0000000017cf0000)]
  0x0000000002cf7800 JavaThread "Finalizer" daemon [_thread_blocked, id=6276, stack(0x00000000176f0000,0x00000000177f0000)]
  0x000000001581c800 JavaThread "Reference Handler" daemon [_thread_blocked, id=2676, stack(0x00000000175f0000,0x00000000176f0000)]
  0x0000000002c00800 JavaThread "main" [_thread_in_Java, id=4336, stack(0x0000000002b00000,0x0000000002c00000)]

Other Threads:
  0x0000000015818800 VMThread [stack: 0x00000000174f0000,0x00000000175f0000] [id=8164]
  0x000000001787b800 WatcherThread [stack: 0x00000000182f0000,0x00000000183f0000] [id=4112]

VM state:not at safepoint (normal execution)

VM Mutex/Monitor currently owned by a thread: None

Heap:
 PSYoungGen      total 38400K, used 7753K [0x00000000eab00000, 0x00000000ed580000, 0x0000000100000000)
  eden space 33280K, 7% used [0x00000000eab00000,0x00000000ead985e8,0x00000000ecb80000)
  from space 5120K, 99% used [0x00000000ecb80000,0x00000000ed07a088,0x00000000ed080000)
  to   space 5120K, 0% used [0x00000000ed080000,0x00000000ed080000,0x00000000ed580000)
 ParOldGen       total 87552K, used 1215K [0x00000000c0000000, 0x00000000c5580000, 0x00000000eab00000)
  object space 87552K, 1% used [0x00000000c0000000,0x00000000c012ffc0,0x00000000c5580000)
 Metaspace       used 5858K, capacity 6896K, committed 7040K, reserved 1056768K
  class space    used 587K, capacity 616K, committed 640K, reserved 1048576K

Card table byte_map: [0x00000000120c0000,0x00000000122d0000] byte_map_base: 0x0000000011ac0000

Marking Bits: (ParMarkBitMap*) 0x0000000065c9d490
 Begin Bits: [0x0000000012c30000, 0x0000000013c30000)
 End Bits:   [0x0000000013c30000, 0x0000000014c30000)

Polling page: 0x0000000002960000

CodeCache: size=245760Kb used=4026Kb max_used=4043Kb free=241733Kb
 bounds [0x0000000002d00000, 0x0000000003100000, 0x0000000011d00000]
 total_blobs=1326 nmethods=1062 adapters=178
 compilation: enabled

Compilation events (10 events):
Event: 3.031 Thread 0x000000001786d000 nmethod 1034 0x00000000030f36d0 code [0x00000000030f38e0, 0x00000000030f4740]
Event: 3.032 Thread 0x000000001786d000 1086       4       com.android.dx.util.FixedSizeList::hashCode (8 bytes)
Event: 3.032 Thread 0x0000000017817800 nmethod 1035 0x00000000030ee190 code [0x00000000030ee380, 0x00000000030ef7b8]
Event: 3.032 Thread 0x0000000017817800 1024   !   4       com.android.dx.rop.code.RegisterSpecSet::get (18 bytes)
Event: 3.032 Thread 0x0000000017817800 nmethod 1024 0x00000000030dc990 code [0x00000000030dcac0, 0x00000000030dcb58]
Event: 3.032 Thread 0x0000000017817800 1031       4       java.util.ArrayList::grow (45 bytes)
Event: 3.036 Thread 0x0000000017817800 nmethod 1031 0x00000000030ec750 code [0x00000000030ec8a0, 0x00000000030ecb08]
Event: 3.036 Thread 0x0000000017817800 1099       4       com.android.dx.ssa.SsaBasicBlock::forEachInsn (37 bytes)
Event: 3.037 Thread 0x000000001786d000 nmethod 1086 0x00000000030ec150 code [0x00000000030ec2a0, 0x00000000030ec4f8]
Event: 3.037 Thread 0x000000001786d000 1100       4       com.android.dx.ssa.SsaMethod::forEachInsn (36 bytes)

GC Heap History (2 events):
Event: 2.768 GC heap before
{Heap before GC invocations=1 (full 0):
 PSYoungGen      total 38400K, used 33280K [0x00000000eab00000, 0x00000000ed580000, 0x0000000100000000)
  eden space 33280K, 100% used [0x00000000eab00000,0x00000000ecb80000,0x00000000ecb80000)
  from space 5120K, 0% used [0x00000000ed080000,0x00000000ed080000,0x00000000ed580000)
  to   space 5120K, 0% used [0x00000000ecb80000,0x00000000ecb80000,0x00000000ed080000)
 ParOldGen       total 87552K, used 0K [0x00000000c0000000, 0x00000000c5580000, 0x00000000eab00000)
  object space 87552K, 0% used [0x00000000c0000000,0x00000000c0000000,0x00000000c5580000)
 Metaspace       used 5830K, capacity 6832K, committed 7040K, reserved 1056768K
  class space    used 586K, capacity 616K, committed 640K, reserved 1048576K
Event: 3.029 GC heap after
Heap after GC invocations=1 (full 0):
 PSYoungGen      total 38400K, used 5096K [0x00000000eab00000, 0x00000000ed580000, 0x0000000100000000)
  eden space 33280K, 0% used [0x00000000eab00000,0x00000000eab00000,0x00000000ecb80000)
  from space 5120K, 99% used [0x00000000ecb80000,0x00000000ed07a088,0x00000000ed080000)
  to   space 5120K, 0% used [0x00000000ed080000,0x00000000ed080000,0x00000000ed580000)
 ParOldGen       total 87552K, used 1215K [0x00000000c0000000, 0x00000000c5580000, 0x00000000eab00000)
  object space 87552K, 1% used [0x00000000c0000000,0x00000000c012ffc0,0x00000000c5580000)
 Metaspace       used 5830K, capacity 6832K, committed 7040K, reserved 1056768K
  class space    used 586K, capacity 616K, committed 640K, reserved 1048576K
}

Deoptimization events (9 events):
Event: 2.251 Thread 0x0000000017a91000 Uncommon trap: reason=null_check action=make_not_entrant pc=0x0000000002f49324 method=com.android.dx.ssa.SsaRenamer.getLocalForNewReg(I)Lcom/android/dx/rop/code/LocalItem; @ 19
Event: 2.304 Thread 0x00000000179ce000 Uncommon trap: reason=unreached action=reinterpret pc=0x0000000002f3cb1c method=com.android.dx.rop.cst.Constant.compareTo(Lcom/android/dx/rop/cst/Constant;)I @ 12
Event: 3.033 Thread 0x0000000017ac0800 Uncommon trap: reason=class_check action=maybe_recompile pc=0x0000000003061f78 method=com.android.dx.ssa.NormalSsaInsn.accept(Lcom/android/dx/ssa/SsaInsn$Visitor;)V @ 9
Event: 3.033 Thread 0x0000000017ac0800 Uncommon trap: reason=class_check action=maybe_recompile pc=0x0000000003061f78 method=com.android.dx.ssa.NormalSsaInsn.accept(Lcom/android/dx/ssa/SsaInsn$Visitor;)V @ 9
Event: 3.033 Thread 0x0000000017ac0800 Uncommon trap: reason=class_check action=maybe_recompile pc=0x0000000003061f78 method=com.android.dx.ssa.NormalSsaInsn.accept(Lcom/android/dx/ssa/SsaInsn$Visitor;)V @ 9
Event: 3.034 Thread 0x0000000017ac0800 Uncommon trap: reason=class_check action=maybe_recompile pc=0x0000000003061f78 method=com.android.dx.ssa.NormalSsaInsn.accept(Lcom/android/dx/ssa/SsaInsn$Visitor;)V @ 9
Event: 3.034 Thread 0x0000000017ac0800 Uncommon trap: reason=class_check action=maybe_recompile pc=0x0000000003021f14 method=com.android.dx.ssa.NormalSsaInsn.accept(Lcom/android/dx/ssa/SsaInsn$Visitor;)V @ 9
Event: 3.035 Thread 0x0000000017ac0800 Uncommon trap: reason=unreached action=reinterpret pc=0x000000000303699c method=com.android.dx.ssa.SsaMethod.updateOneDefinition(Lcom/android/dx/ssa/SsaInsn;Lcom/android/dx/rop/code/RegisterSpec;)V @ 4
Event: 3.035 Thread 0x0000000017ac0800 Uncommon trap: reason=class_check action=maybe_recompile pc=0x0000000002f31ab0 method=com.android.dx.ssa.NormalSsaInsn.accept(Lcom/android/dx/ssa/SsaInsn$Visitor;)V @ 9

Internal exceptions (10 events):
Event: 1.481 Thread 0x00000000179ce000 Exception <a 'java/security/PrivilegedActionException'> (0x00000000eb1c0710) thrown at [D:\re\workspace\8-2-build-windows-amd64-cygwin\jdk8u25\1677\hotspot\src\share\vm\prims\jvm.cpp, line 1312]
Event: 1.487 Thread 0x00000000179ce000 Exception <a 'java/security/PrivilegedActionException'> (0x00000000eb1d3d50) thrown at [D:\re\workspace\8-2-build-windows-amd64-cygwin\jdk8u25\1677\hotspot\src\share\vm\prims\jvm.cpp, line 1312]
Event: 1.524 Thread 0x0000000002c00800 Exception <a 'java/security/PrivilegedActionException'> (0x00000000eb4ad6a8) thrown at [D:\re\workspace\8-2-build-windows-amd64-cygwin\jdk8u25\1677\hotspot\src\share\vm\prims\jvm.cpp, line 1312]
Event: 1.925 Thread 0x0000000017ac0800 Exception <a 'java/security/PrivilegedActionException'> (0x00000000eb9f5de8) thrown at [D:\re\workspace\8-2-build-windows-amd64-cygwin\jdk8u25\1677\hotspot\src\share\vm\prims\jvm.cpp, line 1312]
Event: 1.928 Thread 0x0000000017ac0800 Exception <a 'java/security/PrivilegedActionException'> (0x00000000eb9fb370) thrown at [D:\re\workspace\8-2-build-windows-amd64-cygwin\jdk8u25\1677\hotspot\src\share\vm\prims\jvm.cpp, line 1312]
Event: 1.929 Thread 0x0000000017ac0800 Exception <a 'java/security/PrivilegedActionException'> (0x00000000eb9fe168) thrown at [D:\re\workspace\8-2-build-windows-amd64-cygwin\jdk8u25\1677\hotspot\src\share\vm\prims\jvm.cpp, line 1312]
Event: 1.930 Thread 0x0000000017ac0800 Exception <a 'java/security/PrivilegedActionException'> (0x00000000eba048d0) thrown at [D:\re\workspace\8-2-build-windows-amd64-cygwin\jdk8u25\1677\hotspot\src\share\vm\prims\jvm.cpp, line 1312]
Event: 2.088 Thread 0x0000000017a91000 Exception <a 'java/security/PrivilegedActionException'> (0x00000000eb878c60) thrown at [D:\re\workspace\8-2-build-windows-amd64-cygwin\jdk8u25\1677\hotspot\src\share\vm\prims\jvm.cpp, line 1312]
Event: 2.251 Thread 0x0000000017a91000 Implicit null exception at 0x0000000002f47598 to 0x0000000002f492fd
Event: 3.034 Thread 0x0000000017ac0800 Exception <a 'java/security/PrivilegedActionException'> (0x00000000eab70740) thrown at [D:\re\workspace\8-2-build-windows-amd64-cygwin\jdk8u25\1677\hotspot\src\share\vm\prims\jvm.cpp, line 1312]

Events (10 events):
Event: 3.034 loading class com/android/dx/rop/code/RegOps
Event: 3.034 loading class com/android/dx/rop/code/RegOps done
Event: 3.035 Thread 0x0000000017ac0800 Uncommon trap: trap_request=0xffffffad fr.pc=0x000000000303699c
Event: 3.035 Thread 0x0000000017ac0800 DEOPT PACKING pc=0x000000000303699c sp=0x00000000188ee2b0
Event: 3.035 Thread 0x0000000017ac0800 DEOPT UNPACKING pc=0x0000000002d4556a sp=0x00000000188ee258 mode 2
Event: 3.035 Thread 0x0000000017ac0800 Uncommon trap: trap_request=0xffffffde fr.pc=0x0000000002f31ab0
Event: 3.035 Thread 0x0000000017ac0800 DEOPT PACKING pc=0x0000000002f31ab0 sp=0x00000000188ee550
Event: 3.035 Thread 0x0000000017ac0800 DEOPT UNPACKING pc=0x0000000002d4556a sp=0x00000000188ee4f0 mode 2
Event: 3.052 loading class sun/misc/Cleaner
Event: 3.052 loading class sun/misc/Cleaner done


Dynamic libraries:
0x00007ff6a4b00000 - 0x00007ff6a4b34000 	C:\Program Files\Java\jdk1.8.0_25\bin\java.exe
0x00007ffca8790000 - 0x00007ffca893d000 	C:\WINDOWS\SYSTEM32\ntdll.dll
0x00007ffca83a0000 - 0x00007ffca84de000 	C:\WINDOWS\system32\KERNEL32.DLL
0x00007ffca5c90000 - 0x00007ffca5da5000 	C:\WINDOWS\system32\KERNELBASE.dll
0x00007ffca4460000 - 0x00007ffca44ee000 	C:\WINDOWS\system32\apphelp.dll
0x00007ffc98a30000 - 0x00007ffc98a83000 	C:\WINDOWS\AppPatch\AppPatch64\AcGenral.DLL
0x00007ffca69a0000 - 0x00007ffca6a4a000 	C:\WINDOWS\system32\msvcrt.dll
0x00007ffca5710000 - 0x00007ffca573e000 	C:\WINDOWS\SYSTEM32\SspiCli.dll
0x00007ffca63b0000 - 0x00007ffca6404000 	C:\WINDOWS\system32\SHLWAPI.dll
0x00007ffca6820000 - 0x00007ffca6997000 	C:\WINDOWS\system32\USER32.dll
0x00007ffca6410000 - 0x00007ffca65a4000 	C:\WINDOWS\system32\ole32.dll
0x00007ffca6e70000 - 0x00007ffca839a000 	C:\WINDOWS\system32\SHELL32.dll
0x00007ffca4e80000 - 0x00007ffca4ea1000 	C:\WINDOWS\SYSTEM32\USERENV.dll
0x00007ffca6100000 - 0x00007ffca61aa000 	C:\WINDOWS\system32\ADVAPI32.dll
0x00007ffc9b110000 - 0x00007ffc9b12e000 	C:\WINDOWS\SYSTEM32\MPR.dll
0x00007ffca8640000 - 0x00007ffca8781000 	C:\WINDOWS\system32\RPCRT4.dll
0x00007ffca65c0000 - 0x00007ffca6619000 	C:\WINDOWS\SYSTEM32\sechost.dll
0x00007ffca5ee0000 - 0x00007ffca60f1000 	C:\WINDOWS\SYSTEM32\combase.dll
0x00007ffca61b0000 - 0x00007ffca6300000 	C:\WINDOWS\system32\GDI32.dll
0x00007ffca58e0000 - 0x00007ffca58f5000 	C:\WINDOWS\SYSTEM32\profapi.dll
0x00007ffca3c80000 - 0x00007ffca3d32000 	C:\WINDOWS\SYSTEM32\SHCORE.dll
0x00007ffca6310000 - 0x00007ffca6346000 	C:\WINDOWS\system32\IMM32.DLL
0x00007ffca84e0000 - 0x00007ffca8632000 	C:\WINDOWS\system32\MSCTF.dll
0x00007ffca0620000 - 0x00007ffca089b000 	C:\WINDOWS\WinSxS\amd64_microsoft.windows.common-controls_6595b64144ccf1df_6.0.9600.18006_none_623f33d3ecbe86e8\COMCTL32.dll
0x0000000065040000 - 0x0000000065112000 	C:\Program Files\Java\jdk1.8.0_25\jre\bin\msvcr100.dll
0x00000000654c0000 - 0x0000000065d1a000 	C:\Program Files\Java\jdk1.8.0_25\jre\bin\server\jvm.dll
0x00007ffc9cb20000 - 0x00007ffc9cb29000 	C:\WINDOWS\SYSTEM32\WSOCK32.dll
0x00007ffc9a480000 - 0x00007ffc9a4a2000 	C:\WINDOWS\SYSTEM32\WINMM.dll
0x00007ffca6810000 - 0x00007ffca6817000 	C:\WINDOWS\system32\PSAPI.DLL
0x00007ffca6e10000 - 0x00007ffca6e6a000 	C:\WINDOWS\system32\WS2_32.dll
0x00007ffc99580000 - 0x00007ffc995aa000 	C:\WINDOWS\SYSTEM32\WINMMBASE.dll
0x00007ffca6800000 - 0x00007ffca6809000 	C:\WINDOWS\system32\NSI.dll
0x00007ffca5c40000 - 0x00007ffca5c8f000 	C:\WINDOWS\SYSTEM32\cfgmgr32.dll
0x00007ffca46e0000 - 0x00007ffca4708000 	C:\WINDOWS\SYSTEM32\DEVOBJ.dll
0x00000000654b0000 - 0x00000000654bf000 	C:\Program Files\Java\jdk1.8.0_25\jre\bin\verify.dll
0x0000000065480000 - 0x00000000654a8000 	C:\Program Files\Java\jdk1.8.0_25\jre\bin\java.dll
0x0000000065460000 - 0x0000000065476000 	C:\Program Files\Java\jdk1.8.0_25\jre\bin\zip.dll

VM Arguments:
jvm_args: -Xmx1024M -Dfile.encoding=windows-1252 -Duser.country=US -Duser.language=en -Duser.variant 
java_command: com.android.dx.command.Main --dex --num-threads=4 --output D:\sources\Rabbitmq\app\build\intermediates\pre-dexed\debug\commons-io-1.2-a24d3e93eb8a235d5f46a6424733d7778d0f0721.jar D:\sources\Rabbitmq\app\libs\commons-io-1.2.jar
java_class_path (initial): C:\Users\Ali Haider\AppData\Local\Android\sdk\build-tools\24.0.0-preview\lib\dx.jar
Launcher Type: SUN_STANDARD

Environment Variables:
JAVA_HOME=C:\Program Files\Java\jdk1.8.0_25
PATH=C:\Program Files (x86)\Common Files\NetSarang;C:\WINDOWS\system32;C:\WINDOWS;C:\WINDOWS\System32\Wbem;C:\WINDOWS\System32\WindowsPowerShell\v1.0\;C:\Program Files\TortoiseSVN\bin;C:\Program Files (x86)\Git\cmd;C:\Program Files (x86)\Git\bin;C:\Program Files (x86)\Skype\Phone\;C:\Program Files (x86)\ATI Technologies\ATI.ACE\Core-Static;C:\wamp\bin\mysql\mysql5.6.12\bin;C:\Python26;C:\Python26\Scripts;C:\Python26\Lib\site-packages\django\bin;C:\Program Files\Java\jdk1.8.0_25\bin;C:\Users\Ali Haider\AppData\Local\Android\sdk\tools;C:\Users\Ali Haider\AppData\Local\Android\sdk\platform-tools
USERNAME=Hina Khan
OS=Windows_NT
PROCESSOR_IDENTIFIER=Intel64 Family 6 Model 42 Stepping 7, GenuineIntel



---------------  S Y S T E M  ---------------

OS: Windows 8.1 , 64 bit Build 9600 

CPU:total 8 (4 cores per cpu, 2 threads per core) family 6 model 42 stepping 7, cmov, cx8, fxsr, mmx, sse, sse2, sse3, ssse3, sse4.1, sse4.2, popcnt, avx, aes, clmul, ht, tsc, tscinvbit

Memory: 4k page, physical 8321388k(1314236k free), swap 11467116k(5168k free)

vm_info: Java HotSpot(TM) 64-Bit Server VM (25.25-b02) for windows-amd64 JRE (1.8.0_25-b18), built on Oct  7 2014 14:25:37 by "java_re" with MS VC++ 10.0 (VS2010)

time: Sat Jun 25 01:15:22 2016
elapsed time: 3 seconds (0d 0h 0m 3s)

