#
# There is insufficient memory for the Java Runtime Environment to continue.
# Native memory allocation (malloc) failed to allocate 955536 bytes for Chunk::new
# Possible reasons:
#   The system is out of physical RAM or swap space
#   In 32 bit mode, the process size limit was hit
# Possible solutions:
#   Reduce memory load on the system
#   Increase physical memory or swap space
#   Check if swap backing store is full
#   Use 64 bit Java on a 64 bit OS
#   Decrease Java heap size (-Xmx/-Xms)
#   Decrease number of Java threads
#   Decrease Java thread stack sizes (-Xss)
#   Set larger code cache with -XX:ReservedCodeCacheSize=
# This output file may be truncated or incomplete.
#
#  Out of Memory Error (allocation.cpp:390), pid=8492, tid=11324
#
# JRE version: Java(TM) SE Runtime Environment (8.0_25-b18) (build 1.8.0_25-b18)
# Java VM: Java HotSpot(TM) 64-Bit Server VM (25.25-b02 mixed mode windows-amd64 compressed oops)
# Failed to write core dump. Minidumps are not enabled by default on client versions of Windows
#

---------------  T H R E A D  ---------------

Current thread (0x0000000017070800):  JavaThread "C2 CompilerThread1" daemon [_thread_in_native, id=11324, stack(0x0000000017700000,0x0000000017800000)]

Stack: [0x0000000017700000,0x0000000017800000]
Native frames: (J=compiled Java code, j=interpreted, Vv=VM code, C=native code)
V  [jvm.dll+0x31667a]
V  [jvm.dll+0x267073]
V  [jvm.dll+0x267cb3]
V  [jvm.dll+0x25f5b5]
V  [jvm.dll+0xbf165]
V  [jvm.dll+0xbf60c]
V  [jvm.dll+0x45d672]
V  [jvm.dll+0x49e8ef]
V  [jvm.dll+0x452b41]
V  [jvm.dll+0x453864]
V  [jvm.dll+0x437372]
V  [jvm.dll+0x98a02]
V  [jvm.dll+0x991f3]
V  [jvm.dll+0x22bde4]
V  [jvm.dll+0x2852fa]
C  [msvcr100.dll+0x21d9f]
C  [msvcr100.dll+0x21e3b]
C  [KERNEL32.DLL+0x13d2]
C  [ntdll.dll+0x154e4]


Current CompileTask:
C2:   2704 1651       4       com.android.dx.ssa.SCCP::simulatePhiBlock (50 bytes)


---------------  P R O C E S S  ---------------

Java Threads: ( => current thread )
  0x00000000173b4800 JavaThread "pool-1-thread-4" [_thread_in_Java, id=8468, stack(0x0000000018800000,0x0000000018900000)]
  0x00000000173b8800 JavaThread "pool-1-thread-3" [_thread_in_Java, id=11052, stack(0x0000000018700000,0x0000000018800000)]
  0x00000000173c4800 JavaThread "pool-1-thread-2" [_thread_in_Java, id=9232, stack(0x0000000018600000,0x0000000018700000)]
  0x0000000017328000 JavaThread "pool-2-thread-1" [_thread_blocked, id=11828, stack(0x0000000018500000,0x0000000018600000)]
  0x0000000017327800 JavaThread "pool-1-thread-1" [_thread_in_Java, id=5488, stack(0x0000000018400000,0x0000000018500000)]
  0x00000000170c0000 JavaThread "Service Thread" daemon [_thread_blocked, id=2776, stack(0x0000000017a00000,0x0000000017b00000)]
  0x0000000017077000 JavaThread "C1 CompilerThread3" daemon [_thread_blocked, id=11440, stack(0x0000000017900000,0x0000000017a00000)]
  0x0000000017074000 JavaThread "C2 CompilerThread2" daemon [_thread_in_native, id=1772, stack(0x0000000017800000,0x0000000017900000)]
=>0x0000000017070800 JavaThread "C2 CompilerThread1" daemon [_thread_in_native, id=11324, stack(0x0000000017700000,0x0000000017800000)]
  0x0000000017028000 JavaThread "C2 CompilerThread0" daemon [_thread_in_native, id=4292, stack(0x0000000017600000,0x0000000017700000)]
  0x0000000017026800 JavaThread "Attach Listener" daemon [_thread_blocked, id=10408, stack(0x0000000017500000,0x0000000017600000)]
  0x0000000017025800 JavaThread "Signal Dispatcher" daemon [_thread_blocked, id=1116, stack(0x0000000017400000,0x0000000017500000)]
  0x00000000024f8800 JavaThread "Finalizer" daemon [_thread_blocked, id=10884, stack(0x0000000016f00000,0x0000000017000000)]
  0x00000000024f1800 JavaThread "Reference Handler" daemon [_thread_blocked, id=4172, stack(0x0000000016e00000,0x0000000016f00000)]
  0x0000000002400800 JavaThread "main" [_thread_in_Java, id=11392, stack(0x0000000002220000,0x0000000002320000)]

Other Threads:
  0x0000000015018800 VMThread [stack: 0x0000000016d00000,0x0000000016e00000] [id=8180]
  0x00000000170c3000 WatcherThread [stack: 0x0000000017b00000,0x0000000017c00000] [id=9132]

VM state:not at safepoint (normal execution)

VM Mutex/Monitor currently owned by a thread: None

Heap:
 PSYoungGen      total 71680K, used 56017K [0x00000000eab00000, 0x00000000ef600000, 0x0000000100000000)
  eden space 66560K, 76% used [0x00000000eab00000,0x00000000edcb5ad8,0x00000000eec00000)
  from space 5120K, 99% used [0x00000000ef100000,0x00000000ef5fe990,0x00000000ef600000)
  to   space 5120K, 0% used [0x00000000eec00000,0x00000000eec00000,0x00000000ef100000)
 ParOldGen       total 87552K, used 2864K [0x00000000c0000000, 0x00000000c5580000, 0x00000000eab00000)
  object space 87552K, 3% used [0x00000000c0000000,0x00000000c02cc100,0x00000000c5580000)
 Metaspace       used 6177K, capacity 7088K, committed 7296K, reserved 1056768K
  class space    used 593K, capacity 616K, committed 640K, reserved 1048576K

Card table byte_map: [0x00000000118c0000,0x0000000011ad0000] byte_map_base: 0x00000000112c0000

Marking Bits: (ParMarkBitMap*) 0x0000000065c9d490
 Begin Bits: [0x0000000012430000, 0x0000000013430000)
 End Bits:   [0x0000000013430000, 0x0000000014430000)

Polling page: 0x0000000000900000

CodeCache: size=245760Kb used=6479Kb max_used=6479Kb free=239280Kb
 bounds [0x0000000002500000, 0x0000000002b60000, 0x0000000011500000]
 total_blobs=1931 nmethods=1667 adapters=178
 compilation: enabled

Compilation events (10 events):
Event: 2.661 Thread 0x0000000017077000 1673       2       com.android.dx.ssa.back.FirstFitLocalCombiningAllocator$1::visitPhiInsn (6 bytes)
Event: 2.661 Thread 0x0000000017077000 nmethod 1673 0x0000000002afa710 code [0x0000000002afa880, 0x0000000002afa9e8]
Event: 2.667 Thread 0x0000000017077000 1674       2       com.android.dx.ssa.SsaRenamer$BlockRenamer::process (191 bytes)
Event: 2.669 Thread 0x0000000017077000 nmethod 1674 0x0000000002b2b8d0 code [0x0000000002b2bb40, 0x0000000002b2c578]
Event: 2.669 Thread 0x0000000017077000 1675       2       com.android.dx.ssa.SsaRenamer::access$300 (5 bytes)
Event: 2.670 Thread 0x0000000017077000 nmethod 1675 0x0000000002afa250 code [0x0000000002afa3c0, 0x0000000002afa608]
Event: 2.670 Thread 0x0000000017077000 1676       2       com.android.dx.ssa.SsaRenamer::dupArray (17 bytes)
Event: 2.670 Thread 0x0000000017077000 nmethod 1676 0x0000000002af9dd0 code [0x0000000002af9f40, 0x0000000002afa188]
Event: 2.678 Thread 0x0000000017077000 1678       2       com.android.dx.rop.annotation.Annotations::addAll (59 bytes)
Event: 2.679 Thread 0x0000000017077000 nmethod 1678 0x0000000002b32210 code [0x0000000002b323e0, 0x0000000002b32858]

GC Heap History (4 events):
Event: 0.966 GC heap before
{Heap before GC invocations=1 (full 0):
 PSYoungGen      total 38400K, used 33280K [0x00000000eab00000, 0x00000000ed580000, 0x0000000100000000)
  eden space 33280K, 100% used [0x00000000eab00000,0x00000000ecb80000,0x00000000ecb80000)
  from space 5120K, 0% used [0x00000000ed080000,0x00000000ed080000,0x00000000ed580000)
  to   space 5120K, 0% used [0x00000000ecb80000,0x00000000ecb80000,0x00000000ed080000)
 ParOldGen       total 87552K, used 0K [0x00000000c0000000, 0x00000000c5580000, 0x00000000eab00000)
  object space 87552K, 0% used [0x00000000c0000000,0x00000000c0000000,0x00000000c5580000)
 Metaspace       used 5801K, capacity 6768K, committed 7040K, reserved 1056768K
  class space    used 590K, capacity 616K, committed 640K, reserved 1048576K
Event: 1.089 GC heap after
Heap after GC invocations=1 (full 0):
 PSYoungGen      total 38400K, used 4792K [0x00000000eab00000, 0x00000000ef600000, 0x0000000100000000)
  eden space 33280K, 0% used [0x00000000eab00000,0x00000000eab00000,0x00000000ecb80000)
  from space 5120K, 93% used [0x00000000ecb80000,0x00000000ed02e220,0x00000000ed080000)
  to   space 5120K, 0% used [0x00000000ef100000,0x00000000ef100000,0x00000000ef600000)
 ParOldGen       total 87552K, used 16K [0x00000000c0000000, 0x00000000c5580000, 0x00000000eab00000)
  object space 87552K, 0% used [0x00000000c0000000,0x00000000c0004000,0x00000000c5580000)
 Metaspace       used 5801K, capacity 6768K, committed 7040K, reserved 1056768K
  class space    used 590K, capacity 616K, committed 640K, reserved 1048576K
}
Event: 1.755 GC heap before
{Heap before GC invocations=2 (full 0):
 PSYoungGen      total 38400K, used 38072K [0x00000000eab00000, 0x00000000ef600000, 0x0000000100000000)
  eden space 33280K, 100% used [0x00000000eab00000,0x00000000ecb80000,0x00000000ecb80000)
  from space 5120K, 93% used [0x00000000ecb80000,0x00000000ed02e220,0x00000000ed080000)
  to   space 5120K, 0% used [0x00000000ef100000,0x00000000ef100000,0x00000000ef600000)
 ParOldGen       total 87552K, used 16K [0x00000000c0000000, 0x00000000c5580000, 0x00000000eab00000)
  object space 87552K, 0% used [0x00000000c0000000,0x00000000c0004000,0x00000000c5580000)
 Metaspace       used 6074K, capacity 7024K, committed 7296K, reserved 1056768K
  class space    used 593K, capacity 616K, committed 640K, reserved 1048576K
Event: 1.893 GC heap after
Heap after GC invocations=2 (full 0):
 PSYoungGen      total 71680K, used 5114K [0x00000000eab00000, 0x00000000ef600000, 0x0000000100000000)
  eden space 66560K, 0% used [0x00000000eab00000,0x00000000eab00000,0x00000000eec00000)
  from space 5120K, 99% used [0x00000000ef100000,0x00000000ef5fe990,0x00000000ef600000)
  to   space 5120K, 0% used [0x00000000eec00000,0x00000000eec00000,0x00000000ef100000)
 ParOldGen       total 87552K, used 2864K [0x00000000c0000000, 0x00000000c5580000, 0x00000000eab00000)
  object space 87552K, 3% used [0x00000000c0000000,0x00000000c02cc100,0x00000000c5580000)
 Metaspace       used 6074K, capacity 7024K, committed 7296K, reserved 1056768K
  class space    used 593K, capacity 616K, committed 640K, reserved 1048576K
}

Deoptimization events (10 events):
Event: 2.171 Thread 0x0000000017327800 Uncommon trap: reason=class_check action=maybe_recompile pc=0x0000000002943b7c method=java.util.HashMap.putVal(ILjava/lang/Object;Ljava/lang/Object;ZZ)Ljava/lang/Object; @ 203
Event: 2.171 Thread 0x0000000017327800 Uncommon trap: reason=bimorphic action=maybe_recompile pc=0x0000000002743d18 method=java.util.HashMap.getNode(ILjava/lang/Object;)Ljava/util/HashMap$Node; @ 126
Event: 2.172 Thread 0x0000000017327800 Uncommon trap: reason=class_check action=maybe_recompile pc=0x0000000002943b7c method=java.util.HashMap.putVal(ILjava/lang/Object;Ljava/lang/Object;ZZ)Ljava/lang/Object; @ 203
Event: 2.172 Thread 0x0000000017327800 Uncommon trap: reason=bimorphic action=maybe_recompile pc=0x00000000027803f0 method=java.util.HashMap.getNode(ILjava/lang/Object;)Ljava/util/HashMap$Node; @ 126
Event: 2.172 Thread 0x0000000017327800 Uncommon trap: reason=bimorphic action=maybe_recompile pc=0x00000000027803f0 method=java.util.HashMap.getNode(ILjava/lang/Object;)Ljava/util/HashMap$Node; @ 126
Event: 2.172 Thread 0x0000000017327800 Uncommon trap: reason=class_check action=maybe_recompile pc=0x0000000002a04538 method=java.util.HashMap.putVal(ILjava/lang/Object;Ljava/lang/Object;ZZ)Ljava/lang/Object; @ 203
Event: 2.172 Thread 0x0000000017327800 Uncommon trap: reason=bimorphic action=maybe_recompile pc=0x0000000002743d18 method=java.util.HashMap.getNode(ILjava/lang/Object;)Ljava/util/HashMap$Node; @ 126
Event: 2.526 Thread 0x00000000173c4800 Uncommon trap: reason=bimorphic action=maybe_recompile pc=0x0000000002b190dc method=com.android.dx.cf.code.BytecodeArray.parseInstruction(ILcom/android/dx/cf/code/BytecodeArray$Visitor;)I @ 1501
Event: 2.530 Thread 0x00000000173c4800 Uncommon trap: reason=bimorphic action=maybe_recompile pc=0x0000000002b190dc method=com.android.dx.cf.code.BytecodeArray.parseInstruction(ILcom/android/dx/cf/code/BytecodeArray$Visitor;)I @ 1501
Event: 2.661 Thread 0x0000000017327800 Uncommon trap: reason=unreached action=reinterpret pc=0x0000000002b3b678 method=com.android.dx.ssa.SsaRenamer$BlockRenamer.process()V @ 90

Internal exceptions (10 events):
Event: 0.817 Thread 0x0000000002400800 Exception <a 'java/security/PrivilegedActionException'> (0x00000000ec2e34e8) thrown at [D:\re\workspace\8-2-build-windows-amd64-cygwin\jdk8u25\1677\hotspot\src\share\vm\prims\jvm.cpp, line 1312]
Event: 0.820 Thread 0x0000000002400800 Exception <a 'java/security/PrivilegedActionException'> (0x00000000ec2fa6a8) thrown at [D:\re\workspace\8-2-build-windows-amd64-cygwin\jdk8u25\1677\hotspot\src\share\vm\prims\jvm.cpp, line 1312]
Event: 0.824 Thread 0x0000000002400800 Exception <a 'java/security/PrivilegedActionException'> (0x00000000ec2fced8) thrown at [D:\re\workspace\8-2-build-windows-amd64-cygwin\jdk8u25\1677\hotspot\src\share\vm\prims\jvm.cpp, line 1312]
Event: 0.828 Thread 0x00000000173c4800 Exception <a 'java/security/PrivilegedActionException'> (0x00000000ec62eeb8) thrown at [D:\re\workspace\8-2-build-windows-amd64-cygwin\jdk8u25\1677\hotspot\src\share\vm\prims\jvm.cpp, line 1312]
Event: 0.829 Thread 0x00000000173c4800 Exception <a 'java/security/PrivilegedActionException'> (0x00000000ec633f48) thrown at [D:\re\workspace\8-2-build-windows-amd64-cygwin\jdk8u25\1677\hotspot\src\share\vm\prims\jvm.cpp, line 1312]
Event: 0.830 Thread 0x00000000173c4800 Exception <a 'java/security/PrivilegedActionException'> (0x00000000ec639a70) thrown at [D:\re\workspace\8-2-build-windows-amd64-cygwin\jdk8u25\1677\hotspot\src\share\vm\prims\jvm.cpp, line 1312]
Event: 0.830 Thread 0x00000000173c4800 Exception <a 'java/security/PrivilegedActionException'> (0x00000000ec63f260) thrown at [D:\re\workspace\8-2-build-windows-amd64-cygwin\jdk8u25\1677\hotspot\src\share\vm\prims\jvm.cpp, line 1312]
Event: 0.856 Thread 0x0000000017327800 Exception <a 'java/security/PrivilegedActionException'> (0x00000000ec438558) thrown at [D:\re\workspace\8-2-build-windows-amd64-cygwin\jdk8u25\1677\hotspot\src\share\vm\prims\jvm.cpp, line 1312]
Event: 0.934 Thread 0x0000000002400800 Exception <a 'java/security/PrivilegedActionException'> (0x00000000ec979b98) thrown at [D:\re\workspace\8-2-build-windows-amd64-cygwin\jdk8u25\1677\hotspot\src\share\vm\prims\jvm.cpp, line 1312]
Event: 1.392 Thread 0x00000000173b8800 Exception <a 'java/security/PrivilegedActionException'> (0x00000000ebb331c0) thrown at [D:\re\workspace\8-2-build-windows-amd64-cygwin\jdk8u25\1677\hotspot\src\share\vm\prims\jvm.cpp, line 1312]

Events (10 events):
Event: 2.249 Thread 0x00000000173c4800 DEOPT UNPACKING pc=0x00000000025475bf sp=0x00000000186fe888 mode 0
Event: 2.526 Thread 0x00000000173c4800 Uncommon trap: trap_request=0xffffffc6 fr.pc=0x0000000002b190dc
Event: 2.526 Thread 0x00000000173c4800 DEOPT PACKING pc=0x0000000002b190dc sp=0x00000000186fe930
Event: 2.526 Thread 0x00000000173c4800 DEOPT UNPACKING pc=0x000000000254556a sp=0x00000000186fe8c0 mode 2
Event: 2.530 Thread 0x00000000173c4800 Uncommon trap: trap_request=0xffffffc6 fr.pc=0x0000000002b190dc
Event: 2.530 Thread 0x00000000173c4800 DEOPT PACKING pc=0x0000000002b190dc sp=0x00000000186fe770
Event: 2.530 Thread 0x00000000173c4800 DEOPT UNPACKING pc=0x000000000254556a sp=0x00000000186fe700 mode 2
Event: 2.661 Thread 0x0000000017327800 Uncommon trap: trap_request=0xffffffad fr.pc=0x0000000002b3b678
Event: 2.661 Thread 0x0000000017327800 DEOPT PACKING pc=0x0000000002b3b678 sp=0x00000000184fea10
Event: 2.661 Thread 0x0000000017327800 DEOPT UNPACKING pc=0x000000000254556a sp=0x00000000184fea10 mode 2


Dynamic libraries:
0x00007ff6a4b00000 - 0x00007ff6a4b34000 	C:\Program Files\Java\jdk1.8.0_25\bin\java.exe
0x00007ffca8790000 - 0x00007ffca893d000 	C:\WINDOWS\SYSTEM32\ntdll.dll
0x00007ffca83a0000 - 0x00007ffca84de000 	C:\WINDOWS\system32\KERNEL32.DLL
0x00007ffca5c90000 - 0x00007ffca5da5000 	C:\WINDOWS\system32\KERNELBASE.dll
0x00007ffca4460000 - 0x00007ffca44ee000 	C:\WINDOWS\system32\apphelp.dll
0x00007ffc98a30000 - 0x00007ffc98a83000 	C:\WINDOWS\AppPatch\AppPatch64\AcGenral.DLL
0x00007ffca69a0000 - 0x00007ffca6a4a000 	C:\WINDOWS\system32\msvcrt.dll
0x00007ffca5710000 - 0x00007ffca573e000 	C:\WINDOWS\SYSTEM32\SspiCli.dll
0x00007ffca63b0000 - 0x00007ffca6404000 	C:\WINDOWS\system32\SHLWAPI.dll
0x00007ffca6820000 - 0x00007ffca6997000 	C:\WINDOWS\system32\USER32.dll
0x00007ffca6410000 - 0x00007ffca65a4000 	C:\WINDOWS\system32\ole32.dll
0x00007ffca6e70000 - 0x00007ffca839a000 	C:\WINDOWS\system32\SHELL32.dll
0x00007ffca4e80000 - 0x00007ffca4ea1000 	C:\WINDOWS\SYSTEM32\USERENV.dll
0x00007ffca6100000 - 0x00007ffca61aa000 	C:\WINDOWS\system32\ADVAPI32.dll
0x00007ffc9b110000 - 0x00007ffc9b12e000 	C:\WINDOWS\SYSTEM32\MPR.dll
0x00007ffca8640000 - 0x00007ffca8781000 	C:\WINDOWS\system32\RPCRT4.dll
0x00007ffca65c0000 - 0x00007ffca6619000 	C:\WINDOWS\SYSTEM32\sechost.dll
0x00007ffca5ee0000 - 0x00007ffca60f1000 	C:\WINDOWS\SYSTEM32\combase.dll
0x00007ffca61b0000 - 0x00007ffca6300000 	C:\WINDOWS\system32\GDI32.dll
0x00007ffca58e0000 - 0x00007ffca58f5000 	C:\WINDOWS\SYSTEM32\profapi.dll
0x00007ffca3c80000 - 0x00007ffca3d32000 	C:\WINDOWS\SYSTEM32\SHCORE.dll
0x00007ffca6310000 - 0x00007ffca6346000 	C:\WINDOWS\system32\IMM32.DLL
0x00007ffca84e0000 - 0x00007ffca8632000 	C:\WINDOWS\system32\MSCTF.dll
0x00007ffca0620000 - 0x00007ffca089b000 	C:\WINDOWS\WinSxS\amd64_microsoft.windows.common-controls_6595b64144ccf1df_6.0.9600.18006_none_623f33d3ecbe86e8\COMCTL32.dll
0x0000000065040000 - 0x0000000065112000 	C:\Program Files\Java\jdk1.8.0_25\jre\bin\msvcr100.dll
0x00000000654c0000 - 0x0000000065d1a000 	C:\Program Files\Java\jdk1.8.0_25\jre\bin\server\jvm.dll
0x00007ffc9cb20000 - 0x00007ffc9cb29000 	C:\WINDOWS\SYSTEM32\WSOCK32.dll
0x00007ffc9a480000 - 0x00007ffc9a4a2000 	C:\WINDOWS\SYSTEM32\WINMM.dll
0x00007ffca6810000 - 0x00007ffca6817000 	C:\WINDOWS\system32\PSAPI.DLL
0x00007ffca6e10000 - 0x00007ffca6e6a000 	C:\WINDOWS\system32\WS2_32.dll
0x00007ffc99580000 - 0x00007ffc995aa000 	C:\WINDOWS\SYSTEM32\WINMMBASE.dll
0x00007ffca6800000 - 0x00007ffca6809000 	C:\WINDOWS\system32\NSI.dll
0x00007ffca5c40000 - 0x00007ffca5c8f000 	C:\WINDOWS\SYSTEM32\cfgmgr32.dll
0x00007ffca46e0000 - 0x00007ffca4708000 	C:\WINDOWS\SYSTEM32\DEVOBJ.dll
0x00000000654b0000 - 0x00000000654bf000 	C:\Program Files\Java\jdk1.8.0_25\jre\bin\verify.dll
0x0000000065480000 - 0x00000000654a8000 	C:\Program Files\Java\jdk1.8.0_25\jre\bin\java.dll
0x0000000065460000 - 0x0000000065476000 	C:\Program Files\Java\jdk1.8.0_25\jre\bin\zip.dll
0x00007ffc7c8c0000 - 0x00007ffc7ca49000 	C:\WINDOWS\SYSTEM32\dbghelp.dll

VM Arguments:
jvm_args: -Xmx1024M -Dfile.encoding=windows-1252 -Duser.country=US -Duser.language=en -Duser.variant 
java_command: com.android.dx.command.Main --dex --num-threads=4 --output D:\sources\Rabbitmq\app\build\intermediates\pre-dexed\debug\classes-53e8d7e1b3833f9e2793805366a428facc96c43f.jar D:\sources\Rabbitmq\app\build\intermediates\exploded-aar\com.android.support\support-v4\24.0.0\jars\classes.jar
java_class_path (initial): C:\Users\Ali Haider\AppData\Local\Android\sdk\build-tools\24.0.0-preview\lib\dx.jar
Launcher Type: SUN_STANDARD

Environment Variables:
JAVA_HOME=C:\Program Files\Java\jdk1.8.0_25
PATH=C:\Program Files (x86)\Common Files\NetSarang;C:\WINDOWS\system32;C:\WINDOWS;C:\WINDOWS\System32\Wbem;C:\WINDOWS\System32\WindowsPowerShell\v1.0\;C:\Program Files\TortoiseSVN\bin;C:\Program Files (x86)\Git\cmd;C:\Program Files (x86)\Git\bin;C:\Program Files (x86)\Skype\Phone\;C:\Program Files (x86)\ATI Technologies\ATI.ACE\Core-Static;C:\wamp\bin\mysql\mysql5.6.12\bin;C:\Python26;C:\Python26\Scripts;C:\Python26\Lib\site-packages\django\bin;C:\Program Files\Java\jdk1.8.0_25\bin;C:\Users\Ali Haider\AppData\Local\Android\sdk\tools;C:\Users\Ali Haider\AppData\Local\Android\sdk\platform-tools
USERNAME=Hina Khan
OS=Windows_NT
PROCESSOR_IDENTIFIER=Intel64 Family 6 Model 42 Stepping 7, GenuineIntel



---------------  S Y S T E M  ---------------

OS: Windows 8.1 , 64 bit Build 9600 

CPU:total 8 (4 cores per cpu, 2 threads per core) family 6 model 42 stepping 7, cmov, cx8, fxsr, mmx, sse, sse2, sse3, ssse3, sse4.1, sse4.2, popcnt, avx, aes, clmul, ht, tsc, tscinvbit

Memory: 4k page, physical 8321388k(1372204k free), swap 11467116k(5208k free)

vm_info: Java HotSpot(TM) 64-Bit Server VM (25.25-b02) for windows-amd64 JRE (1.8.0_25-b18), built on Oct  7 2014 14:25:37 by "java_re" with MS VC++ 10.0 (VS2010)

time: Sat Jun 25 01:27:01 2016
elapsed time: 2 seconds (0d 0h 0m 2s)

