#
# There is insufficient memory for the Java Runtime Environment to continue.
# Native memory allocation (malloc) failed to allocate 1211216 bytes for Chunk::new
# Possible reasons:
#   The system is out of physical RAM or swap space
#   In 32 bit mode, the process size limit was hit
# Possible solutions:
#   Reduce memory load on the system
#   Increase physical memory or swap space
#   Check if swap backing store is full
#   Use 64 bit Java on a 64 bit OS
#   Decrease Java heap size (-Xmx/-Xms)
#   Decrease number of Java threads
#   Decrease Java thread stack sizes (-Xss)
#   Set larger code cache with -XX:ReservedCodeCacheSize=
# This output file may be truncated or incomplete.
#
#  Out of Memory Error (allocation.cpp:390), pid=8616, tid=12052
#
# JRE version: Java(TM) SE Runtime Environment (8.0_25-b18) (build 1.8.0_25-b18)
# Java VM: Java HotSpot(TM) 64-Bit Server VM (25.25-b02 mixed mode windows-amd64 compressed oops)
# Failed to write core dump. Minidumps are not enabled by default on client versions of Windows
#

---------------  T H R E A D  ---------------

Current thread (0x00000000176be000):  JavaThread "C2 CompilerThread2" daemon [_thread_in_native, id=12052, stack(0x0000000017e40000,0x0000000017f40000)]

Stack: [0x0000000017e40000,0x0000000017f40000]
Native frames: (J=compiled Java code, j=interpreted, Vv=VM code, C=native code)
V  [jvm.dll+0x31667a]


Current CompileTask:
C2:   3366 1476   !   4       com.android.dx.cf.code.BytecodeArray::parseInstruction (2764 bytes)


---------------  P R O C E S S  ---------------

Java Threads: ( => current thread )
  0x0000000017842800 JavaThread "pool-1-thread-3" [_thread_in_Java, id=3200, stack(0x0000000018540000,0x0000000018640000)]
  0x0000000017825800 JavaThread "pool-2-thread-1" [_thread_blocked, id=7740, stack(0x0000000018340000,0x0000000018440000)]
  0x00000000176f7000 JavaThread "Service Thread" daemon [_thread_blocked, id=7144, stack(0x0000000018040000,0x0000000018140000)]
  0x00000000176ce800 JavaThread "C1 CompilerThread3" daemon [_thread_blocked, id=8952, stack(0x0000000017f40000,0x0000000018040000)]
=>0x00000000176be000 JavaThread "C2 CompilerThread2" daemon [_thread_in_native, id=12052, stack(0x0000000017e40000,0x0000000017f40000)]
  0x00000000176ae000 JavaThread "C2 CompilerThread1" daemon [_thread_in_native, id=3696, stack(0x0000000017d40000,0x0000000017e40000)]
  0x0000000017665800 JavaThread "C2 CompilerThread0" daemon [_thread_in_native, id=9792, stack(0x0000000017c40000,0x0000000017d40000)]
  0x0000000017664800 JavaThread "Attach Listener" daemon [_thread_blocked, id=9252, stack(0x0000000017b40000,0x0000000017c40000)]
  0x0000000017663800 JavaThread "Signal Dispatcher" daemon [_thread_blocked, id=8540, stack(0x0000000017a40000,0x0000000017b40000)]
  0x0000000002b57800 JavaThread "Finalizer" daemon [_thread_blocked, id=8376, stack(0x0000000017540000,0x0000000017640000)]
  0x0000000002b51800 JavaThread "Reference Handler" daemon [_thread_blocked, id=10052, stack(0x0000000017440000,0x0000000017540000)]
  0x0000000002a60800 JavaThread "main" [_thread_blocked, id=11208, stack(0x0000000002960000,0x0000000002a60000)]

Other Threads:
  0x0000000015678800 VMThread [stack: 0x0000000017340000,0x0000000017440000] [id=8256]
  0x00000000176f8000 WatcherThread [stack: 0x0000000018140000,0x0000000018240000] [id=11604]

VM state:not at safepoint (normal execution)

VM Mutex/Monitor currently owned by a thread: None

Heap:
 PSYoungGen      total 38400K, used 21525K [0x00000000eab00000, 0x00000000ed580000, 0x0000000100000000)
  eden space 33280K, 49% used [0x00000000eab00000,0x00000000ebb0b3f8,0x00000000ecb80000)
  from space 5120K, 99% used [0x00000000ecb80000,0x00000000ed07a088,0x00000000ed080000)
  to   space 5120K, 0% used [0x00000000ed080000,0x00000000ed080000,0x00000000ed580000)
 ParOldGen       total 87552K, used 1228K [0x00000000c0000000, 0x00000000c5580000, 0x00000000eab00000)
  object space 87552K, 1% used [0x00000000c0000000,0x00000000c01332d0,0x00000000c5580000)
 Metaspace       used 6063K, capacity 7024K, committed 7296K, reserved 1056768K
  class space    used 590K, capacity 616K, committed 640K, reserved 1048576K

Card table byte_map: [0x0000000011f20000,0x0000000012130000] byte_map_base: 0x0000000011920000

Marking Bits: (ParMarkBitMap*) 0x0000000065c9d490
 Begin Bits: [0x0000000012a90000, 0x0000000013a90000)
 End Bits:   [0x0000000013a90000, 0x0000000014a90000)

Polling page: 0x0000000001130000

CodeCache: size=245760Kb used=6119Kb max_used=6136Kb free=239640Kb
 bounds [0x0000000002b60000, 0x0000000003170000, 0x0000000011b60000]
 total_blobs=1735 nmethods=1471 adapters=178
 compilation: enabled

Compilation events (10 events):
Event: 3.137 Thread 0x00000000176ce800 1483       3       com.android.dx.rop.cst.CstType::getType (4 bytes)
Event: 3.137 Thread 0x00000000176ce800 nmethod 1483 0x000000000313c510 code [0x000000000313c660, 0x000000000313c7b0]
Event: 3.137 Thread 0x00000000176ce800 1484       3       com.android.dx.rop.cst.CstType::hashCode (8 bytes)
Event: 3.137 Thread 0x00000000176ce800 nmethod 1484 0x000000000313bf90 code [0x000000000313c100, 0x000000000313c3e8]
Event: 3.137 Thread 0x00000000176ce800 1485       3       com.android.dx.rop.code.Rops::opReturn (89 bytes)
Event: 3.138 Thread 0x00000000176ce800 nmethod 1485 0x0000000003157750 code [0x0000000003157980, 0x0000000003158558]
Event: 3.255 Thread 0x00000000176be000 nmethod 1458 0x000000000315c550 code [0x000000000315d140, 0x000000000315fd18]
Event: 3.256 Thread 0x00000000176be000 1465       4       com.android.dx.ssa.SsaMethod::updateOneDefinition (70 bytes)
Event: 3.258 Thread 0x00000000176be000 nmethod 1465 0x000000000313bbd0 code [0x000000000313bd20, 0x000000000313be38]
Event: 3.258 Thread 0x00000000176be000 1476   !   4       com.android.dx.cf.code.BytecodeArray::parseInstruction (2764 bytes)

GC Heap History (2 events):
Event: 2.154 GC heap before
{Heap before GC invocations=1 (full 0):
 PSYoungGen      total 38400K, used 33280K [0x00000000eab00000, 0x00000000ed580000, 0x0000000100000000)
  eden space 33280K, 100% used [0x00000000eab00000,0x00000000ecb80000,0x00000000ecb80000)
  from space 5120K, 0% used [0x00000000ed080000,0x00000000ed080000,0x00000000ed580000)
  to   space 5120K, 0% used [0x00000000ecb80000,0x00000000ecb80000,0x00000000ed080000)
 ParOldGen       total 87552K, used 0K [0x00000000c0000000, 0x00000000c5580000, 0x00000000eab00000)
  object space 87552K, 0% used [0x00000000c0000000,0x00000000c0000000,0x00000000c5580000)
 Metaspace       used 5956K, capacity 6960K, committed 7040K, reserved 1056768K
  class space    used 587K, capacity 616K, committed 640K, reserved 1048576K
Event: 2.760 GC heap after
Heap after GC invocations=1 (full 0):
 PSYoungGen      total 38400K, used 5096K [0x00000000eab00000, 0x00000000ed580000, 0x0000000100000000)
  eden space 33280K, 0% used [0x00000000eab00000,0x00000000eab00000,0x00000000ecb80000)
  from space 5120K, 99% used [0x00000000ecb80000,0x00000000ed07a088,0x00000000ed080000)
  to   space 5120K, 0% used [0x00000000ed080000,0x00000000ed080000,0x00000000ed580000)
 ParOldGen       total 87552K, used 1228K [0x00000000c0000000, 0x00000000c5580000, 0x00000000eab00000)
  object space 87552K, 1% used [0x00000000c0000000,0x00000000c01332d0,0x00000000c5580000)
 Metaspace       used 5956K, capacity 6960K, committed 7040K, reserved 1056768K
  class space    used 587K, capacity 616K, committed 640K, reserved 1048576K
}

Deoptimization events (10 events):
Event: 2.796 Thread 0x0000000002a60800 Uncommon trap: reason=unreached action=reinterpret pc=0x0000000002f5ba1c method=com.android.dx.ssa.SsaMethod.updateOneDefinition(Lcom/android/dx/ssa/SsaInsn;Lcom/android/dx/rop/code/RegisterSpec;)V @ 4
Event: 2.816 Thread 0x0000000017895000 Uncommon trap: reason=bimorphic action=maybe_recompile pc=0x0000000003078768 method=com.android.dx.cf.code.BytecodeArray.parseInstruction(ILcom/android/dx/cf/code/BytecodeArray$Visitor;)I @ 1161
Event: 2.817 Thread 0x0000000017895000 Uncommon trap: reason=bimorphic action=maybe_recompile pc=0x0000000003078768 method=com.android.dx.cf.code.BytecodeArray.parseInstruction(ILcom/android/dx/cf/code/BytecodeArray$Visitor;)I @ 1161
Event: 2.820 Thread 0x0000000017895000 Uncommon trap: reason=bimorphic action=maybe_recompile pc=0x0000000003078768 method=com.android.dx.cf.code.BytecodeArray.parseInstruction(ILcom/android/dx/cf/code/BytecodeArray$Visitor;)I @ 1161
Event: 2.820 Thread 0x0000000017895000 Uncommon trap: reason=bimorphic action=maybe_recompile pc=0x0000000003078768 method=com.android.dx.cf.code.BytecodeArray.parseInstruction(ILcom/android/dx/cf/code/BytecodeArray$Visitor;)I @ 1161
Event: 3.110 Thread 0x0000000017835800 Uncommon trap: reason=bimorphic action=maybe_recompile pc=0x0000000003149058 method=com.android.dx.cf.code.BytecodeArray.parseInstruction(ILcom/android/dx/cf/code/BytecodeArray$Visitor;)I @ 923
Event: 3.119 Thread 0x0000000017835800 Uncommon trap: reason=bimorphic action=maybe_recompile pc=0x0000000003149114 method=com.android.dx.cf.code.BytecodeArray.parseInstruction(ILcom/android/dx/cf/code/BytecodeArray$Visitor;)I @ 955
Event: 3.119 Thread 0x0000000017835800 Uncommon trap: reason=bimorphic action=maybe_recompile pc=0x0000000003149194 method=com.android.dx.cf.code.BytecodeArray.parseInstruction(ILcom/android/dx/cf/code/BytecodeArray$Visitor;)I @ 971
Event: 3.119 Thread 0x0000000017835800 Uncommon trap: reason=bimorphic action=maybe_recompile pc=0x0000000003149214 method=com.android.dx.cf.code.BytecodeArray.parseInstruction(ILcom/android/dx/cf/code/BytecodeArray$Visitor;)I @ 987
Event: 3.119 Thread 0x0000000017835800 Uncommon trap: reason=bimorphic action=maybe_recompile pc=0x0000000003149058 method=com.android.dx.cf.code.BytecodeArray.parseInstruction(ILcom/android/dx/cf/code/BytecodeArray$Visitor;)I @ 923

Internal exceptions (10 events):
Event: 0.823 Thread 0x0000000017825000 Exception <a 'java/security/PrivilegedActionException'> (0x00000000eb4b6ff0) thrown at [D:\re\workspace\8-2-build-windows-amd64-cygwin\jdk8u25\1677\hotspot\src\share\vm\prims\jvm.cpp, line 1312]
Event: 0.828 Thread 0x0000000017895000 Exception <a 'java/security/PrivilegedActionException'> (0x00000000eb3290d8) thrown at [D:\re\workspace\8-2-build-windows-amd64-cygwin\jdk8u25\1677\hotspot\src\share\vm\prims\jvm.cpp, line 1312]
Event: 0.833 Thread 0x0000000017895000 Exception <a 'java/security/PrivilegedActionException'> (0x00000000eb332370) thrown at [D:\re\workspace\8-2-build-windows-amd64-cygwin\jdk8u25\1677\hotspot\src\share\vm\prims\jvm.cpp, line 1312]
Event: 0.881 Thread 0x0000000017895000 Exception <a 'java/security/PrivilegedActionException'> (0x00000000eb374ec0) thrown at [D:\re\workspace\8-2-build-windows-amd64-cygwin\jdk8u25\1677\hotspot\src\share\vm\prims\jvm.cpp, line 1312]
Event: 0.914 Thread 0x0000000017895000 Exception <a 'java/security/PrivilegedActionException'> (0x00000000eb92ccb8) thrown at [D:\re\workspace\8-2-build-windows-amd64-cygwin\jdk8u25\1677\hotspot\src\share\vm\prims\jvm.cpp, line 1312]
Event: 0.926 Thread 0x0000000017895000 Exception <a 'java/security/PrivilegedActionException'> (0x00000000eb940680) thrown at [D:\re\workspace\8-2-build-windows-amd64-cygwin\jdk8u25\1677\hotspot\src\share\vm\prims\jvm.cpp, line 1312]
Event: 0.927 Thread 0x0000000017895000 Exception <a 'java/security/PrivilegedActionException'> (0x00000000eb943a10) thrown at [D:\re\workspace\8-2-build-windows-amd64-cygwin\jdk8u25\1677\hotspot\src\share\vm\prims\jvm.cpp, line 1312]
Event: 0.929 Thread 0x0000000017895000 Exception <a 'java/security/PrivilegedActionException'> (0x00000000eb94a9d8) thrown at [D:\re\workspace\8-2-build-windows-amd64-cygwin\jdk8u25\1677\hotspot\src\share\vm\prims\jvm.cpp, line 1312]
Event: 1.159 Thread 0x0000000017895000 Implicit null exception at 0x0000000002e6c088 to 0x0000000002e6df59
Event: 2.795 Thread 0x0000000002a60800 Exception <a 'java/security/PrivilegedActionException'> (0x00000000ead627e0) thrown at [D:\re\workspace\8-2-build-windows-amd64-cygwin\jdk8u25\1677\hotspot\src\share\vm\prims\jvm.cpp, line 1312]

Events (10 events):
Event: 3.119 Thread 0x0000000017835800 Uncommon trap: trap_request=0xffffffc6 fr.pc=0x0000000003149194
Event: 3.119 Thread 0x0000000017835800 DEOPT PACKING pc=0x0000000003149194 sp=0x000000001853e9c0
Event: 3.119 Thread 0x0000000017835800 DEOPT UNPACKING pc=0x0000000002ba556a sp=0x000000001853e958 mode 2
Event: 3.119 Thread 0x0000000017835800 Uncommon trap: trap_request=0xffffffc6 fr.pc=0x0000000003149214
Event: 3.119 Thread 0x0000000017835800 DEOPT PACKING pc=0x0000000003149214 sp=0x000000001853e9c0
Event: 3.119 Thread 0x0000000017835800 DEOPT UNPACKING pc=0x0000000002ba556a sp=0x000000001853e958 mode 2
Event: 3.119 Thread 0x0000000017835800 Uncommon trap: trap_request=0xffffffc6 fr.pc=0x0000000003149058
Event: 3.119 Thread 0x0000000017835800 DEOPT PACKING pc=0x0000000003149058 sp=0x000000001853e9c0
Event: 3.119 Thread 0x0000000017835800 DEOPT UNPACKING pc=0x0000000002ba556a sp=0x000000001853e958 mode 2
Event: 3.121 Thread 0x0000000017835800 Thread exited: 0x0000000017835800


Dynamic libraries:
0x00007ff6a4b00000 - 0x00007ff6a4b34000 	C:\Program Files\Java\jdk1.8.0_25\bin\java.exe
0x00007ffca8790000 - 0x00007ffca893d000 	C:\WINDOWS\SYSTEM32\ntdll.dll
0x00007ffca83a0000 - 0x00007ffca84de000 	C:\WINDOWS\system32\KERNEL32.DLL
0x00007ffca5c90000 - 0x00007ffca5da5000 	C:\WINDOWS\system32\KERNELBASE.dll
0x00007ffca4460000 - 0x00007ffca44ee000 	C:\WINDOWS\system32\apphelp.dll
0x00007ffc98a30000 - 0x00007ffc98a83000 	C:\WINDOWS\AppPatch\AppPatch64\AcGenral.DLL
0x00007ffca69a0000 - 0x00007ffca6a4a000 	C:\WINDOWS\system32\msvcrt.dll
0x00007ffca5710000 - 0x00007ffca573e000 	C:\WINDOWS\SYSTEM32\SspiCli.dll
0x00007ffca63b0000 - 0x00007ffca6404000 	C:\WINDOWS\system32\SHLWAPI.dll
0x00007ffca6820000 - 0x00007ffca6997000 	C:\WINDOWS\system32\USER32.dll
0x00007ffca6410000 - 0x00007ffca65a4000 	C:\WINDOWS\system32\ole32.dll
0x00007ffca6e70000 - 0x00007ffca839a000 	C:\WINDOWS\system32\SHELL32.dll
0x00007ffca4e80000 - 0x00007ffca4ea1000 	C:\WINDOWS\SYSTEM32\USERENV.dll
0x00007ffca6100000 - 0x00007ffca61aa000 	C:\WINDOWS\system32\ADVAPI32.dll
0x00007ffc9b110000 - 0x00007ffc9b12e000 	C:\WINDOWS\SYSTEM32\MPR.dll
0x00007ffca8640000 - 0x00007ffca8781000 	C:\WINDOWS\system32\RPCRT4.dll
0x00007ffca65c0000 - 0x00007ffca6619000 	C:\WINDOWS\SYSTEM32\sechost.dll
0x00007ffca5ee0000 - 0x00007ffca60f1000 	C:\WINDOWS\SYSTEM32\combase.dll
0x00007ffca61b0000 - 0x00007ffca6300000 	C:\WINDOWS\system32\GDI32.dll
0x00007ffca58e0000 - 0x00007ffca58f5000 	C:\WINDOWS\SYSTEM32\profapi.dll
0x00007ffca3c80000 - 0x00007ffca3d32000 	C:\WINDOWS\SYSTEM32\SHCORE.dll
0x00007ffca6310000 - 0x00007ffca6346000 	C:\WINDOWS\system32\IMM32.DLL
0x00007ffca84e0000 - 0x00007ffca8632000 	C:\WINDOWS\system32\MSCTF.dll
0x00007ffca0620000 - 0x00007ffca089b000 	C:\WINDOWS\WinSxS\amd64_microsoft.windows.common-controls_6595b64144ccf1df_6.0.9600.18006_none_623f33d3ecbe86e8\COMCTL32.dll
0x0000000065040000 - 0x0000000065112000 	C:\Program Files\Java\jdk1.8.0_25\jre\bin\msvcr100.dll
0x00000000654c0000 - 0x0000000065d1a000 	C:\Program Files\Java\jdk1.8.0_25\jre\bin\server\jvm.dll
0x00007ffc9cb20000 - 0x00007ffc9cb29000 	C:\WINDOWS\SYSTEM32\WSOCK32.dll
0x00007ffc9a480000 - 0x00007ffc9a4a2000 	C:\WINDOWS\SYSTEM32\WINMM.dll
0x00007ffca6810000 - 0x00007ffca6817000 	C:\WINDOWS\system32\PSAPI.DLL
0x00007ffca6e10000 - 0x00007ffca6e6a000 	C:\WINDOWS\system32\WS2_32.dll
0x00007ffc99580000 - 0x00007ffc995aa000 	C:\WINDOWS\SYSTEM32\WINMMBASE.dll
0x00007ffca6800000 - 0x00007ffca6809000 	C:\WINDOWS\system32\NSI.dll
0x00007ffca5c40000 - 0x00007ffca5c8f000 	C:\WINDOWS\SYSTEM32\cfgmgr32.dll
0x00007ffca46e0000 - 0x00007ffca4708000 	C:\WINDOWS\SYSTEM32\DEVOBJ.dll
0x00000000654b0000 - 0x00000000654bf000 	C:\Program Files\Java\jdk1.8.0_25\jre\bin\verify.dll
0x0000000065480000 - 0x00000000654a8000 	C:\Program Files\Java\jdk1.8.0_25\jre\bin\java.dll
0x0000000065460000 - 0x0000000065476000 	C:\Program Files\Java\jdk1.8.0_25\jre\bin\zip.dll
0x00007ffc7c8c0000 - 0x00007ffc7ca49000 	C:\WINDOWS\SYSTEM32\dbghelp.dll

VM Arguments:
jvm_args: -Xmx1024M -Dfile.encoding=windows-1252 -Duser.country=US -Duser.language=en -Duser.variant 
java_command: com.android.dx.command.Main --dex --num-threads=4 --output D:\sources\Rabbitmq\app\build\intermediates\pre-dexed\debug\commons-io-1.2-a24d3e93eb8a235d5f46a6424733d7778d0f0721.jar D:\sources\Rabbitmq\app\libs\commons-io-1.2.jar
java_class_path (initial): C:\Users\Ali Haider\AppData\Local\Android\sdk\build-tools\24.0.0-preview\lib\dx.jar
Launcher Type: SUN_STANDARD

Environment Variables:
JAVA_HOME=C:\Program Files\Java\jdk1.8.0_25
PATH=C:\Program Files (x86)\Common Files\NetSarang;C:\WINDOWS\system32;C:\WINDOWS;C:\WINDOWS\System32\Wbem;C:\WINDOWS\System32\WindowsPowerShell\v1.0\;C:\Program Files\TortoiseSVN\bin;C:\Program Files (x86)\Git\cmd;C:\Program Files (x86)\Git\bin;C:\Program Files (x86)\Skype\Phone\;C:\Program Files (x86)\ATI Technologies\ATI.ACE\Core-Static;C:\wamp\bin\mysql\mysql5.6.12\bin;C:\Python26;C:\Python26\Scripts;C:\Python26\Lib\site-packages\django\bin;C:\Program Files\Java\jdk1.8.0_25\bin;C:\Users\Ali Haider\AppData\Local\Android\sdk\tools;C:\Users\Ali Haider\AppData\Local\Android\sdk\platform-tools
USERNAME=Hina Khan
OS=Windows_NT
PROCESSOR_IDENTIFIER=Intel64 Family 6 Model 42 Stepping 7, GenuineIntel



---------------  S Y S T E M  ---------------

OS: Windows 8.1 , 64 bit Build 9600 

CPU:total 8 (4 cores per cpu, 2 threads per core) family 6 model 42 stepping 7, cmov, cx8, fxsr, mmx, sse, sse2, sse3, ssse3, sse4.1, sse4.2, popcnt, avx, aes, clmul, ht, tsc, tscinvbit

Memory: 4k page, physical 8321388k(1088088k free), swap 11467116k(5132k free)

vm_info: Java HotSpot(TM) 64-Bit Server VM (25.25-b02) for windows-amd64 JRE (1.8.0_25-b18), built on Oct  7 2014 14:25:37 by "java_re" with MS VC++ 10.0 (VS2010)

time: Sat Jun 25 01:30:47 2016
elapsed time: 3 seconds (0d 0h 0m 3s)

