#
# There is insufficient memory for the Java Runtime Environment to continue.
# Native memory allocation (malloc) failed to allocate 275408 bytes for Chunk::new
# Possible reasons:
#   The system is out of physical RAM or swap space
#   In 32 bit mode, the process size limit was hit
# Possible solutions:
#   Reduce memory load on the system
#   Increase physical memory or swap space
#   Check if swap backing store is full
#   Use 64 bit Java on a 64 bit OS
#   Decrease Java heap size (-Xmx/-Xms)
#   Decrease number of Java threads
#   Decrease Java thread stack sizes (-Xss)
#   Set larger code cache with -XX:ReservedCodeCacheSize=
# This output file may be truncated or incomplete.
#
#  Out of Memory Error (allocation.cpp:390), pid=6816, tid=3444
#
# JRE version: Java(TM) SE Runtime Environment (8.0_25-b18) (build 1.8.0_25-b18)
# Java VM: Java HotSpot(TM) 64-Bit Server VM (25.25-b02 mixed mode windows-amd64 compressed oops)
# Failed to write core dump. Minidumps are not enabled by default on client versions of Windows
#

---------------  T H R E A D  ---------------

Current thread (0x00000000172cb800):  JavaThread "C2 CompilerThread2" daemon [_thread_in_native, id=3444, stack(0x0000000017a50000,0x0000000017b50000)]

Stack: [0x0000000017a50000,0x0000000017b50000]
Native frames: (J=compiled Java code, j=interpreted, Vv=VM code, C=native code)
V  [jvm.dll+0x31667a]


Current CompileTask:
C2:   3506 1286       4       com.android.dx.ssa.back.FirstFitLocalCombiningAllocator$1::processInsn (169 bytes)


---------------  P R O C E S S  ---------------

Java Threads: ( => current thread )
  0x0000000017f1c800 JavaThread "pool-1-thread-4" [_thread_blocked, id=5024, stack(0x0000000018a50000,0x0000000018b50000)]
  0x00000000175d9000 JavaThread "pool-1-thread-3" [_thread_blocked, id=8036, stack(0x0000000018950000,0x0000000018a50000)]
  0x00000000175d4000 JavaThread "pool-1-thread-2" [_thread_blocked, id=4268, stack(0x0000000018850000,0x0000000018950000)]
  0x0000000017647800 JavaThread "pool-2-thread-1" [_thread_blocked, id=5620, stack(0x0000000018750000,0x0000000018850000)]
  0x000000001752e800 JavaThread "pool-1-thread-1" [_thread_in_Java, id=2620, stack(0x0000000018650000,0x0000000018750000)]
  0x00000000172db800 JavaThread "Service Thread" daemon [_thread_blocked, id=9268, stack(0x0000000017c50000,0x0000000017d50000)]
  0x00000000172d1800 JavaThread "C1 CompilerThread3" daemon [_thread_in_vm, id=12168, stack(0x0000000017b50000,0x0000000017c50000)]
=>0x00000000172cb800 JavaThread "C2 CompilerThread2" daemon [_thread_in_native, id=3444, stack(0x0000000017a50000,0x0000000017b50000)]
  0x0000000017279000 JavaThread "C2 CompilerThread1" daemon [_thread_in_native, id=10492, stack(0x0000000017950000,0x0000000017a50000)]
  0x0000000017275800 JavaThread "C2 CompilerThread0" daemon [_thread_in_native, id=8188, stack(0x0000000017850000,0x0000000017950000)]
  0x0000000017274800 JavaThread "Attach Listener" daemon [_thread_blocked, id=8176, stack(0x0000000017750000,0x0000000017850000)]
  0x000000001528e800 JavaThread "Signal Dispatcher" daemon [_thread_blocked, id=1808, stack(0x0000000017650000,0x0000000017750000)]
  0x0000000002752000 JavaThread "Finalizer" daemon [_thread_blocked, id=7028, stack(0x0000000017150000,0x0000000017250000)]
  0x0000000002751800 JavaThread "Reference Handler" daemon [_thread_blocked, id=10984, stack(0x0000000017050000,0x0000000017150000)]
  0x0000000002660800 JavaThread "main" [_thread_in_Java, id=1036, stack(0x0000000002560000,0x0000000002660000)]

Other Threads:
  0x0000000015278800 VMThread [stack: 0x0000000016f50000,0x0000000017050000] [id=5064]
  0x00000000172dc800 WatcherThread [stack: 0x0000000017d50000,0x0000000017e50000] [id=8852]

VM state:not at safepoint (normal execution)

VM Mutex/Monitor currently owned by a thread: None

Heap:
 PSYoungGen      total 38400K, used 33280K [0x00000000eab00000, 0x00000000ed580000, 0x0000000100000000)
  eden space 33280K, 100% used [0x00000000eab00000,0x00000000ecb80000,0x00000000ecb80000)
  from space 5120K, 0% used [0x00000000ed080000,0x00000000ed080000,0x00000000ed580000)
  to   space 5120K, 0% used [0x00000000ecb80000,0x00000000ecb80000,0x00000000ed080000)
 ParOldGen       total 87552K, used 0K [0x00000000c0000000, 0x00000000c5580000, 0x00000000eab00000)
  object space 87552K, 0% used [0x00000000c0000000,0x00000000c0000000,0x00000000c5580000)
 Metaspace       used 5934K, capacity 6896K, committed 7040K, reserved 1056768K
  class space    used 586K, capacity 616K, committed 640K, reserved 1048576K

Card table byte_map: [0x0000000011b20000,0x0000000011d30000] byte_map_base: 0x0000000011520000

Marking Bits: (ParMarkBitMap*) 0x0000000065c9d490
 Begin Bits: [0x0000000012690000, 0x0000000013690000)
 End Bits:   [0x0000000013690000, 0x0000000014690000)

Polling page: 0x0000000000d70000

CodeCache: size=245760Kb used=5188Kb max_used=5195Kb free=240571Kb
 bounds [0x0000000002760000, 0x0000000002c80000, 0x0000000011760000]
 total_blobs=1556 nmethods=1291 adapters=178
 compilation: enabled

Compilation events (10 events):
Event: 2.798 Thread 0x00000000172d1800 nmethod 1285 0x0000000002c50a50 code [0x0000000002c50be0, 0x0000000002c51198]
Event: 2.820 Thread 0x00000000172cb800 nmethod 1278 0x0000000002c5bd50 code [0x0000000002c5bfe0, 0x0000000002c5d388]
Event: 2.835 Thread 0x0000000017275800 nmethod 1246 0x0000000002c66250 code [0x0000000002c67800, 0x0000000002c6d600]
Event: 2.984 Thread 0x0000000017279000 nmethod 1279 0x0000000002c75ad0 code [0x0000000002c75fe0, 0x0000000002c78590]
Event: 3.259 Thread 0x00000000172cb800 1286       4       com.android.dx.ssa.back.FirstFitLocalCombiningAllocator$1::processInsn (169 bytes)
Event: 3.498 Thread 0x0000000017275800 1287       4       java.lang.StringBuilder::append (8 bytes)
Event: 3.499 Thread 0x0000000017279000 1288       4       com.android.dx.ssa.back.FirstFitLocalCombiningAllocator$1::visitNonMoveInsn (6 bytes)
Event: 3.501 Thread 0x00000000172d1800 1289       3       java.util.TreeMap::rotateLeft (96 bytes)
Event: 3.501 Thread 0x00000000172d1800 nmethod 1289 0x0000000002c50490 code [0x0000000002c50600, 0x0000000002c50950]
Event: 3.502 Thread 0x00000000172d1800 1290       3       com.android.dx.rop.cst.StdConstantPool::get0Ok (12 bytes)

GC Heap History (0 events):
No events

Deoptimization events (10 events):
Event: 1.827 Thread 0x00000000175d4000 Uncommon trap: reason=class_check action=maybe_recompile pc=0x0000000002a14d4c method=com.android.dx.ssa.NormalSsaInsn.accept(Lcom/android/dx/ssa/SsaInsn$Visitor;)V @ 9
Event: 1.827 Thread 0x00000000175d4000 Uncommon trap: reason=class_check action=maybe_recompile pc=0x0000000002a14d4c method=com.android.dx.ssa.NormalSsaInsn.accept(Lcom/android/dx/ssa/SsaInsn$Visitor;)V @ 9
Event: 1.827 Thread 0x00000000175d4000 Uncommon trap: reason=class_check action=maybe_recompile pc=0x0000000002a14d4c method=com.android.dx.ssa.NormalSsaInsn.accept(Lcom/android/dx/ssa/SsaInsn$Visitor;)V @ 9
Event: 1.828 Thread 0x00000000175d4000 Uncommon trap: reason=class_check action=maybe_recompile pc=0x0000000002a14d4c method=com.android.dx.ssa.NormalSsaInsn.accept(Lcom/android/dx/ssa/SsaInsn$Visitor;)V @ 9
Event: 1.828 Thread 0x00000000175d4000 Uncommon trap: reason=class_check action=maybe_recompile pc=0x00000000029f3d70 method=com.android.dx.ssa.NormalSsaInsn.accept(Lcom/android/dx/ssa/SsaInsn$Visitor;)V @ 9
Event: 2.101 Thread 0x0000000017f1c800 Uncommon trap: reason=bimorphic action=maybe_recompile pc=0x0000000002b27e6c method=com.android.dx.ssa.NormalSsaInsn.accept(Lcom/android/dx/ssa/SsaInsn$Visitor;)V @ 9
Event: 2.101 Thread 0x0000000017f1c800 Uncommon trap: reason=bimorphic action=maybe_recompile pc=0x0000000002b27e6c method=com.android.dx.ssa.NormalSsaInsn.accept(Lcom/android/dx/ssa/SsaInsn$Visitor;)V @ 9
Event: 2.101 Thread 0x0000000017f1c800 Uncommon trap: reason=bimorphic action=maybe_recompile pc=0x0000000002b27e6c method=com.android.dx.ssa.NormalSsaInsn.accept(Lcom/android/dx/ssa/SsaInsn$Visitor;)V @ 9
Event: 2.101 Thread 0x0000000017f1c800 Uncommon trap: reason=bimorphic action=maybe_recompile pc=0x0000000002b27e6c method=com.android.dx.ssa.NormalSsaInsn.accept(Lcom/android/dx/ssa/SsaInsn$Visitor;)V @ 9
Event: 2.355 Thread 0x00000000175d9000 Uncommon trap: reason=null_check action=make_not_entrant pc=0x0000000002b6949c method=com.android.dx.ssa.SsaRenamer.getLocalForNewReg(I)Lcom/android/dx/rop/code/LocalItem; @ 19

Internal exceptions (10 events):
Event: 1.207 Thread 0x000000001752e800 Exception <a 'java/security/PrivilegedActionException'> (0x00000000eb9518e0) thrown at [D:\re\workspace\8-2-build-windows-amd64-cygwin\jdk8u25\1677\hotspot\src\share\vm\prims\jvm.cpp, line 1312]
Event: 1.208 Thread 0x000000001752e800 Exception <a 'java/security/PrivilegedActionException'> (0x00000000eb957458) thrown at [D:\re\workspace\8-2-build-windows-amd64-cygwin\jdk8u25\1677\hotspot\src\share\vm\prims\jvm.cpp, line 1312]
Event: 1.209 Thread 0x000000001752e800 Exception <a 'java/security/PrivilegedActionException'> (0x00000000eb960010) thrown at [D:\re\workspace\8-2-build-windows-amd64-cygwin\jdk8u25\1677\hotspot\src\share\vm\prims\jvm.cpp, line 1312]
Event: 1.210 Thread 0x00000000175d9000 Exception <a 'java/security/PrivilegedActionException'> (0x00000000eb8201a0) thrown at [D:\re\workspace\8-2-build-windows-amd64-cygwin\jdk8u25\1677\hotspot\src\share\vm\prims\jvm.cpp, line 1312]
Event: 1.212 Thread 0x0000000002660800 Exception <a 'java/security/PrivilegedActionException'> (0x00000000eb5d4330) thrown at [D:\re\workspace\8-2-build-windows-amd64-cygwin\jdk8u25\1677\hotspot\src\share\vm\prims\jvm.cpp, line 1312]
Event: 1.217 Thread 0x0000000002660800 Exception <a 'java/security/PrivilegedActionException'> (0x00000000eb5e2468) thrown at [D:\re\workspace\8-2-build-windows-amd64-cygwin\jdk8u25\1677\hotspot\src\share\vm\prims\jvm.cpp, line 1312]
Event: 1.220 Thread 0x0000000002660800 Exception <a 'java/security/PrivilegedActionException'> (0x00000000eb5ebf70) thrown at [D:\re\workspace\8-2-build-windows-amd64-cygwin\jdk8u25\1677\hotspot\src\share\vm\prims\jvm.cpp, line 1312]
Event: 1.224 Thread 0x00000000175d9000 Exception <a 'java/security/PrivilegedActionException'> (0x00000000eb84abf0) thrown at [D:\re\workspace\8-2-build-windows-amd64-cygwin\jdk8u25\1677\hotspot\src\share\vm\prims\jvm.cpp, line 1312]
Event: 1.464 Thread 0x0000000002660800 Exception <a 'java/security/PrivilegedActionException'> (0x00000000ebb00228) thrown at [D:\re\workspace\8-2-build-windows-amd64-cygwin\jdk8u25\1677\hotspot\src\share\vm\prims\jvm.cpp, line 1312]
Event: 2.355 Thread 0x00000000175d9000 Implicit null exception at 0x0000000002b66ea3 to 0x0000000002b69479

Events (10 events):
Event: 2.101 Thread 0x0000000017f1c800 DEOPT PACKING pc=0x0000000002b27e6c sp=0x0000000018b4e620
Event: 2.101 Thread 0x0000000017f1c800 DEOPT UNPACKING pc=0x00000000027a556a sp=0x0000000018b4e5a0 mode 2
Event: 2.101 Thread 0x0000000017f1c800 Uncommon trap: trap_request=0xffffffc6 fr.pc=0x0000000002b27e6c
Event: 2.101 Thread 0x0000000017f1c800 DEOPT PACKING pc=0x0000000002b27e6c sp=0x0000000018b4e650
Event: 2.102 Thread 0x0000000017f1c800 DEOPT UNPACKING pc=0x00000000027a556a sp=0x0000000018b4e5d0 mode 2
Event: 2.288 Executing VM operation: ForceSafepoint
Event: 2.304 Executing VM operation: ForceSafepoint done
Event: 2.355 Thread 0x00000000175d9000 Uncommon trap: trap_request=0xfffffff4 fr.pc=0x0000000002b6949c
Event: 2.355 Thread 0x00000000175d9000 DEOPT PACKING pc=0x0000000002b6949c sp=0x0000000018a4e410
Event: 2.355 Thread 0x00000000175d9000 DEOPT UNPACKING pc=0x00000000027a556a sp=0x0000000018a4e2a8 mode 2


Dynamic libraries:
0x00007ff6a4b00000 - 0x00007ff6a4b34000 	C:\Program Files\Java\jdk1.8.0_25\bin\java.exe
0x00007ffca8790000 - 0x00007ffca893d000 	C:\WINDOWS\SYSTEM32\ntdll.dll
0x00007ffca83a0000 - 0x00007ffca84de000 	C:\WINDOWS\system32\KERNEL32.DLL
0x00007ffca5c90000 - 0x00007ffca5da5000 	C:\WINDOWS\system32\KERNELBASE.dll
0x00007ffca4460000 - 0x00007ffca44ee000 	C:\WINDOWS\system32\apphelp.dll
0x00007ffc98a30000 - 0x00007ffc98a83000 	C:\WINDOWS\AppPatch\AppPatch64\AcGenral.DLL
0x00007ffca69a0000 - 0x00007ffca6a4a000 	C:\WINDOWS\system32\msvcrt.dll
0x00007ffca5710000 - 0x00007ffca573e000 	C:\WINDOWS\SYSTEM32\SspiCli.dll
0x00007ffca63b0000 - 0x00007ffca6404000 	C:\WINDOWS\system32\SHLWAPI.dll
0x00007ffca6820000 - 0x00007ffca6997000 	C:\WINDOWS\system32\USER32.dll
0x00007ffca6410000 - 0x00007ffca65a4000 	C:\WINDOWS\system32\ole32.dll
0x00007ffca6e70000 - 0x00007ffca839a000 	C:\WINDOWS\system32\SHELL32.dll
0x00007ffca4e80000 - 0x00007ffca4ea1000 	C:\WINDOWS\SYSTEM32\USERENV.dll
0x00007ffca6100000 - 0x00007ffca61aa000 	C:\WINDOWS\system32\ADVAPI32.dll
0x00007ffc9b110000 - 0x00007ffc9b12e000 	C:\WINDOWS\SYSTEM32\MPR.dll
0x00007ffca8640000 - 0x00007ffca8781000 	C:\WINDOWS\system32\RPCRT4.dll
0x00007ffca65c0000 - 0x00007ffca6619000 	C:\WINDOWS\SYSTEM32\sechost.dll
0x00007ffca5ee0000 - 0x00007ffca60f1000 	C:\WINDOWS\SYSTEM32\combase.dll
0x00007ffca61b0000 - 0x00007ffca6300000 	C:\WINDOWS\system32\GDI32.dll
0x00007ffca58e0000 - 0x00007ffca58f5000 	C:\WINDOWS\SYSTEM32\profapi.dll
0x00007ffca3c80000 - 0x00007ffca3d32000 	C:\WINDOWS\SYSTEM32\SHCORE.dll
0x00007ffca6310000 - 0x00007ffca6346000 	C:\WINDOWS\system32\IMM32.DLL
0x00007ffca84e0000 - 0x00007ffca8632000 	C:\WINDOWS\system32\MSCTF.dll
0x00007ffca0620000 - 0x00007ffca089b000 	C:\WINDOWS\WinSxS\amd64_microsoft.windows.common-controls_6595b64144ccf1df_6.0.9600.18006_none_623f33d3ecbe86e8\COMCTL32.dll
0x0000000065040000 - 0x0000000065112000 	C:\Program Files\Java\jdk1.8.0_25\jre\bin\msvcr100.dll
0x00000000654c0000 - 0x0000000065d1a000 	C:\Program Files\Java\jdk1.8.0_25\jre\bin\server\jvm.dll
0x00007ffc9cb20000 - 0x00007ffc9cb29000 	C:\WINDOWS\SYSTEM32\WSOCK32.dll
0x00007ffc9a480000 - 0x00007ffc9a4a2000 	C:\WINDOWS\SYSTEM32\WINMM.dll
0x00007ffca6810000 - 0x00007ffca6817000 	C:\WINDOWS\system32\PSAPI.DLL
0x00007ffca6e10000 - 0x00007ffca6e6a000 	C:\WINDOWS\system32\WS2_32.dll
0x00007ffc99580000 - 0x00007ffc995aa000 	C:\WINDOWS\SYSTEM32\WINMMBASE.dll
0x00007ffca6800000 - 0x00007ffca6809000 	C:\WINDOWS\system32\NSI.dll
0x00007ffca5c40000 - 0x00007ffca5c8f000 	C:\WINDOWS\SYSTEM32\cfgmgr32.dll
0x00007ffca46e0000 - 0x00007ffca4708000 	C:\WINDOWS\SYSTEM32\DEVOBJ.dll
0x00000000654b0000 - 0x00000000654bf000 	C:\Program Files\Java\jdk1.8.0_25\jre\bin\verify.dll
0x0000000065480000 - 0x00000000654a8000 	C:\Program Files\Java\jdk1.8.0_25\jre\bin\java.dll
0x0000000065460000 - 0x0000000065476000 	C:\Program Files\Java\jdk1.8.0_25\jre\bin\zip.dll

VM Arguments:
jvm_args: -Xmx1024M -Dfile.encoding=windows-1252 -Duser.country=US -Duser.language=en -Duser.variant 
java_command: com.android.dx.command.Main --dex --num-threads=4 --output D:\sources\Rabbitmq\app\build\intermediates\pre-dexed\debug\rabbitmq-client-tests-6cb14282e9884dd7cb4595851ccd5b37de8a5579.jar D:\sources\Rabbitmq\app\libs\rabbitmq-client-tests.jar
java_class_path (initial): C:\Users\Ali Haider\AppData\Local\Android\sdk\build-tools\24.0.0-preview\lib\dx.jar
Launcher Type: SUN_STANDARD

Environment Variables:
JAVA_HOME=C:\Program Files\Java\jdk1.8.0_25
PATH=C:\Program Files (x86)\Common Files\NetSarang;C:\WINDOWS\system32;C:\WINDOWS;C:\WINDOWS\System32\Wbem;C:\WINDOWS\System32\WindowsPowerShell\v1.0\;C:\Program Files\TortoiseSVN\bin;C:\Program Files (x86)\Git\cmd;C:\Program Files (x86)\Git\bin;C:\Program Files (x86)\Skype\Phone\;C:\Program Files (x86)\ATI Technologies\ATI.ACE\Core-Static;C:\wamp\bin\mysql\mysql5.6.12\bin;C:\Python26;C:\Python26\Scripts;C:\Python26\Lib\site-packages\django\bin;C:\Program Files\Java\jdk1.8.0_25\bin;C:\Users\Ali Haider\AppData\Local\Android\sdk\tools;C:\Users\Ali Haider\AppData\Local\Android\sdk\platform-tools
USERNAME=Hina Khan
OS=Windows_NT
PROCESSOR_IDENTIFIER=Intel64 Family 6 Model 42 Stepping 7, GenuineIntel



---------------  S Y S T E M  ---------------

OS: Windows 8.1 , 64 bit Build 9600 

CPU:total 8 (4 cores per cpu, 2 threads per core) family 6 model 42 stepping 7, cmov, cx8, fxsr, mmx, sse, sse2, sse3, ssse3, sse4.1, sse4.2, popcnt, avx, aes, clmul, ht, tsc, tscinvbit

Memory: 4k page, physical 8321388k(1081052k free), swap 11467116k(5088k free)

vm_info: Java HotSpot(TM) 64-Bit Server VM (25.25-b02) for windows-amd64 JRE (1.8.0_25-b18), built on Oct  7 2014 14:25:37 by "java_re" with MS VC++ 10.0 (VS2010)

time: Sat Jun 25 01:30:47 2016
elapsed time: 3 seconds (0d 0h 0m 3s)

