#
# There is insufficient memory for the Java Runtime Environment to continue.
# Native memory allocation (malloc) failed to allocate 66384 bytes for Chunk::new
# Possible reasons:
#   The system is out of physical RAM or swap space
#   In 32 bit mode, the process size limit was hit
# Possible solutions:
#   Reduce memory load on the system
#   Increase physical memory or swap space
#   Check if swap backing store is full
#   Use 64 bit Java on a 64 bit OS
#   Decrease Java heap size (-Xmx/-Xms)
#   Decrease number of Java threads
#   Decrease Java thread stack sizes (-Xss)
#   Set larger code cache with -XX:ReservedCodeCacheSize=
# This output file may be truncated or incomplete.
#
#  Out of Memory Error (allocation.cpp:390), pid=6956, tid=4380
#
# JRE version: Java(TM) SE Runtime Environment (8.0_25-b18) (build 1.8.0_25-b18)
# Java VM: Java HotSpot(TM) 64-Bit Server VM (25.25-b02 mixed mode windows-amd64 compressed oops)
# Failed to write core dump. Minidumps are not enabled by default on client versions of Windows
#

---------------  T H R E A D  ---------------

Current thread (0x0000000016b9a000):  JavaThread "C2 CompilerThread2" daemon [_thread_in_native, id=4380, stack(0x0000000017320000,0x0000000017420000)]

Stack: [0x0000000017320000,0x0000000017420000]
Native frames: (J=compiled Java code, j=interpreted, Vv=VM code, C=native code)
V  [jvm.dll+0x31667a]
V  [jvm.dll+0x267073]
V  [jvm.dll+0x267cb3]
V  [jvm.dll+0x25f5b5]
V  [jvm.dll+0xbf165]
V  [jvm.dll+0xbf60c]
V  [jvm.dll+0x44af32]
V  [jvm.dll+0x4be4f0]
V  [jvm.dll+0x4c112c]
V  [jvm.dll+0x451121]
V  [jvm.dll+0x4538f8]
V  [jvm.dll+0x437372]
V  [jvm.dll+0x98a02]
V  [jvm.dll+0x991f3]
V  [jvm.dll+0x22bde4]
V  [jvm.dll+0x2852fa]
C  [msvcr100.dll+0x21d9f]
C  [msvcr100.dll+0x21e3b]
C  [KERNEL32.DLL+0x13d2]
C  [ntdll.dll+0x154e4]


Current CompileTask:
C2:   3499 1532       4       com.android.dx.ssa.LiteralOpUpgrader$1::visitNonMoveInsn (203 bytes)


---------------  P R O C E S S  ---------------

Java Threads: ( => current thread )
  0x00000000178a5800 JavaThread "pool-1-thread-4" [_thread_blocked, id=11076, stack(0x0000000018320000,0x0000000018420000)]
  0x00000000178a4000 JavaThread "pool-1-thread-3" [_thread_blocked, id=1752, stack(0x0000000018220000,0x0000000018320000)]
  0x000000001773a800 JavaThread "pool-1-thread-2" [_thread_in_Java, id=2084, stack(0x0000000018120000,0x0000000018220000)]
  0x0000000016ef0000 JavaThread "pool-2-thread-1" [_thread_blocked, id=9708, stack(0x0000000018020000,0x0000000018120000)]
  0x000000001772e800 JavaThread "pool-1-thread-1" [_thread_blocked, id=2168, stack(0x0000000017f20000,0x0000000018020000)]
  0x0000000016be2800 JavaThread "Service Thread" daemon [_thread_blocked, id=8008, stack(0x0000000017520000,0x0000000017620000)]
  0x0000000016ba8800 JavaThread "C1 CompilerThread3" daemon [_thread_blocked, id=11332, stack(0x0000000017420000,0x0000000017520000)]
=>0x0000000016b9a000 JavaThread "C2 CompilerThread2" daemon [_thread_in_native, id=4380, stack(0x0000000017320000,0x0000000017420000)]
  0x0000000016b7b800 JavaThread "C2 CompilerThread1" daemon [_thread_in_native, id=7456, stack(0x0000000017220000,0x0000000017320000)]
  0x0000000016b45800 JavaThread "C2 CompilerThread0" daemon [_thread_in_native, id=9496, stack(0x0000000017120000,0x0000000017220000)]
  0x0000000016b44800 JavaThread "Attach Listener" daemon [_thread_blocked, id=9640, stack(0x0000000017020000,0x0000000017120000)]
  0x0000000016b43800 JavaThread "Signal Dispatcher" daemon [_thread_blocked, id=9728, stack(0x0000000016f20000,0x0000000017020000)]
  0x0000000002027800 JavaThread "Finalizer" daemon [_thread_blocked, id=8704, stack(0x0000000016a20000,0x0000000016b20000)]
  0x0000000014b4c800 JavaThread "Reference Handler" daemon [_thread_blocked, id=9084, stack(0x0000000016920000,0x0000000016a20000)]
  0x0000000001f30800 JavaThread "main" [_thread_in_vm, id=2012, stack(0x0000000001dc0000,0x0000000001ec0000)]

Other Threads:
  0x0000000014b48800 VMThread [stack: 0x0000000016820000,0x0000000016920000] [id=1076]
  0x0000000016be5800 WatcherThread [stack: 0x0000000017620000,0x0000000017720000] [id=10812]

VM state:synchronizing (normal execution)

VM Mutex/Monitor currently owned by a thread:  ([mutex/lock_event])
[0x0000000001f2be80] Safepoint_lock - owner thread: 0x0000000014b48800
[0x0000000001f2c100] Threads_lock - owner thread: 0x0000000014b48800
[0x0000000001f2bf80] Heap_lock - owner thread: 0x000000001772e800

Heap:
 PSYoungGen      total 38400K, used 37981K [0x00000000eab00000, 0x00000000ef600000, 0x0000000100000000)
  eden space 33280K, 100% used [0x00000000eab00000,0x00000000ecb80000,0x00000000ecb80000)
  from space 5120K, 91% used [0x00000000ecb80000,0x00000000ed017438,0x00000000ed080000)
  to   space 5120K, 0% used [0x00000000ef100000,0x00000000ef100000,0x00000000ef600000)
 ParOldGen       total 87552K, used 0K [0x00000000c0000000, 0x00000000c5580000, 0x00000000eab00000)
  object space 87552K, 0% used [0x00000000c0000000,0x00000000c0000000,0x00000000c5580000)
 Metaspace       used 6108K, capacity 7024K, committed 7296K, reserved 1056768K
  class space    used 592K, capacity 616K, committed 640K, reserved 1048576K

Card table byte_map: [0x00000000113f0000,0x0000000011600000] byte_map_base: 0x0000000010df0000

Marking Bits: (ParMarkBitMap*) 0x0000000065c9d490
 Begin Bits: [0x0000000011f60000, 0x0000000012f60000)
 End Bits:   [0x0000000012f60000, 0x0000000013f60000)

Polling page: 0x0000000001cc0000

CodeCache: size=245760Kb used=6047Kb max_used=6047Kb free=239712Kb
 bounds [0x0000000002030000, 0x0000000002620000, 0x0000000011030000]
 total_blobs=1771 nmethods=1507 adapters=178
 compilation: enabled

Compilation events (10 events):
Event: 3.465 Thread 0x0000000016ba8800 nmethod 1538 0x00000000025ead90 code [0x00000000025eaf80, 0x00000000025eba88]
Event: 3.466 Thread 0x0000000016ba8800 1539       3       com.android.dx.dex.file.CodeItem::<init> (81 bytes)
Event: 3.466 Thread 0x0000000016ba8800 nmethod 1539 0x00000000025ecf50 code [0x00000000025ed100, 0x00000000025ed5b8]
Event: 3.467 Thread 0x0000000016b9a000 nmethod 1531 0x00000000025e94d0 code [0x00000000025e9620, 0x00000000025e9798]
Event: 3.467 Thread 0x0000000016b9a000 1532       4       com.android.dx.ssa.LiteralOpUpgrader$1::visitNonMoveInsn (203 bytes)
Event: 3.470 Thread 0x0000000016ba8800 1543       3       com.android.dx.ssa.SsaConverter::convertToSsaMethod (41 bytes)
Event: 3.472 Thread 0x0000000016ba8800 nmethod 1543 0x00000000025e9990 code [0x00000000025e9be0, 0x00000000025ea788]
Event: 3.472 Thread 0x0000000016ba8800 1544       3       com.android.dx.ssa.LocalVariableInfo::<init> (78 bytes)
Event: 3.473 Thread 0x0000000016ba8800 nmethod 1544 0x0000000002607dd0 code [0x0000000002607fa0, 0x0000000002608988]
Event: 3.474 Thread 0x0000000016ba8800 1545       3       com.android.dx.ssa.Optimizer::runSsaFormSteps (117 bytes)

GC Heap History (2 events):
Event: 1.298 GC heap before
{Heap before GC invocations=1 (full 0):
 PSYoungGen      total 38400K, used 33280K [0x00000000eab00000, 0x00000000ed580000, 0x0000000100000000)
  eden space 33280K, 100% used [0x00000000eab00000,0x00000000ecb80000,0x00000000ecb80000)
  from space 5120K, 0% used [0x00000000ed080000,0x00000000ed080000,0x00000000ed580000)
  to   space 5120K, 0% used [0x00000000ecb80000,0x00000000ecb80000,0x00000000ed080000)
 ParOldGen       total 87552K, used 0K [0x00000000c0000000, 0x00000000c5580000, 0x00000000eab00000)
  object space 87552K, 0% used [0x00000000c0000000,0x00000000c0000000,0x00000000c5580000)
 Metaspace       used 5784K, capacity 6768K, committed 7040K, reserved 1056768K
  class space    used 590K, capacity 616K, committed 640K, reserved 1048576K
Event: 1.675 GC heap after
Heap after GC invocations=1 (full 0):
 PSYoungGen      total 38400K, used 4701K [0x00000000eab00000, 0x00000000ef600000, 0x0000000100000000)
  eden space 33280K, 0% used [0x00000000eab00000,0x00000000eab00000,0x00000000ecb80000)
  from space 5120K, 91% used [0x00000000ecb80000,0x00000000ed017438,0x00000000ed080000)
  to   space 5120K, 0% used [0x00000000ef100000,0x00000000ef100000,0x00000000ef600000)
 ParOldGen       total 87552K, used 0K [0x00000000c0000000, 0x00000000c5580000, 0x00000000eab00000)
  object space 87552K, 0% used [0x00000000c0000000,0x00000000c0000000,0x00000000c5580000)
 Metaspace       used 5784K, capacity 6768K, committed 7040K, reserved 1056768K
  class space    used 590K, capacity 616K, committed 640K, reserved 1048576K
}

Deoptimization events (10 events):
Event: 2.554 Thread 0x000000001772e800 Uncommon trap: reason=class_check action=maybe_recompile pc=0x0000000002565024 method=com.android.dx.cf.code.BytecodeArray.parseInstruction(ILcom/android/dx/cf/code/BytecodeArray$Visitor;)I @ 2002
Event: 2.554 Thread 0x000000001772e800 Uncommon trap: reason=class_check action=maybe_recompile pc=0x0000000002565024 method=com.android.dx.cf.code.BytecodeArray.parseInstruction(ILcom/android/dx/cf/code/BytecodeArray$Visitor;)I @ 2002
Event: 2.554 Thread 0x000000001772e800 Uncommon trap: reason=class_check action=maybe_recompile pc=0x0000000002565024 method=com.android.dx.cf.code.BytecodeArray.parseInstruction(ILcom/android/dx/cf/code/BytecodeArray$Visitor;)I @ 2002
Event: 2.556 Thread 0x000000001772e800 Uncommon trap: reason=class_check action=maybe_recompile pc=0x000000000235aba0 method=com.android.dx.rop.type.Type.equals(Ljava/lang/Object;)Z @ 8
Event: 2.557 Thread 0x000000001772e800 Uncommon trap: reason=null_check action=make_not_entrant pc=0x000000000235abb0 method=com.android.dx.rop.type.Type.equals(Ljava/lang/Object;)Z @ 8
Event: 2.582 Thread 0x000000001772e800 Uncommon trap: reason=unreached action=reinterpret pc=0x000000000249e6e0 method=com.android.dx.util.LabeledList.set(ILcom/android/dx/util/LabeledItem;)V @ 16
Event: 2.631 Thread 0x000000001772e800 Uncommon trap: reason=class_check action=maybe_recompile pc=0x000000000230f4ec method=com.android.dx.rop.type.Type.equals(Ljava/lang/Object;)Z @ 8
Event: 2.632 Thread 0x000000001772e800 Uncommon trap: reason=class_check action=maybe_recompile pc=0x000000000230f4ec method=com.android.dx.rop.type.Type.equals(Ljava/lang/Object;)Z @ 8
Event: 2.642 Thread 0x000000001772e800 Uncommon trap: reason=class_check action=maybe_recompile pc=0x000000000242dbd8 method=com.android.dx.rop.type.Type.equals(Ljava/lang/Object;)Z @ 8
Event: 2.643 Thread 0x000000001772e800 Uncommon trap: reason=class_check action=maybe_recompile pc=0x00000000022eca70 method=com.android.dx.rop.type.Type.equals(Ljava/lang/Object;)Z @ 8

Internal exceptions (10 events):
Event: 0.947 Thread 0x00000000178a5800 Exception <a 'java/security/PrivilegedActionException'> (0x00000000ec4ef388) thrown at [D:\re\workspace\8-2-build-windows-amd64-cygwin\jdk8u25\1677\hotspot\src\share\vm\prims\jvm.cpp, line 1312]
Event: 0.948 Thread 0x00000000178a5800 Exception <a 'java/security/PrivilegedActionException'> (0x00000000ec4f4eb0) thrown at [D:\re\workspace\8-2-build-windows-amd64-cygwin\jdk8u25\1677\hotspot\src\share\vm\prims\jvm.cpp, line 1312]
Event: 0.949 Thread 0x00000000178a5800 Exception <a 'java/security/PrivilegedActionException'> (0x00000000ec4fa6b0) thrown at [D:\re\workspace\8-2-build-windows-amd64-cygwin\jdk8u25\1677\hotspot\src\share\vm\prims\jvm.cpp, line 1312]
Event: 0.950 Thread 0x0000000001f30800 Exception <a 'java/security/PrivilegedActionException'> (0x00000000ec26df08) thrown at [D:\re\workspace\8-2-build-windows-amd64-cygwin\jdk8u25\1677\hotspot\src\share\vm\prims\jvm.cpp, line 1312]
Event: 0.952 Thread 0x000000001772e800 Exception <a 'java/security/PrivilegedActionException'> (0x00000000ec391918) thrown at [D:\re\workspace\8-2-build-windows-amd64-cygwin\jdk8u25\1677\hotspot\src\share\vm\prims\jvm.cpp, line 1312]
Event: 1.035 Thread 0x0000000001f30800 Exception <a 'java/security/PrivilegedActionException'> (0x00000000ec6944e8) thrown at [D:\re\workspace\8-2-build-windows-amd64-cygwin\jdk8u25\1677\hotspot\src\share\vm\prims\jvm.cpp, line 1312]
Event: 1.036 Thread 0x0000000001f30800 Exception <a 'java/security/PrivilegedActionException'> (0x00000000ec696d18) thrown at [D:\re\workspace\8-2-build-windows-amd64-cygwin\jdk8u25\1677\hotspot\src\share\vm\prims\jvm.cpp, line 1312]
Event: 1.077 Thread 0x0000000001f30800 Exception <a 'java/security/PrivilegedActionException'> (0x00000000ec8149b8) thrown at [D:\re\workspace\8-2-build-windows-amd64-cygwin\jdk8u25\1677\hotspot\src\share\vm\prims\jvm.cpp, line 1312]
Event: 2.557 Thread 0x000000001772e800 Implicit null exception at 0x000000000235aaa2 to 0x000000000235aba1
Event: 2.628 Thread 0x000000001772e800 Exception <a 'java/security/PrivilegedActionException'> (0x00000000ec0ab9d8) thrown at [D:\re\workspace\8-2-build-windows-amd64-cygwin\jdk8u25\1677\hotspot\src\share\vm\prims\jvm.cpp, line 1312]

Events (10 events):
Event: 2.631 Thread 0x000000001772e800 DEOPT UNPACKING pc=0x000000000207556a sp=0x000000001801e7f8 mode 2
Event: 2.632 Thread 0x000000001772e800 Uncommon trap: trap_request=0xffffffde fr.pc=0x000000000230f4ec
Event: 2.632 Thread 0x000000001772e800 DEOPT PACKING pc=0x000000000230f4ec sp=0x000000001801e8c0
Event: 2.632 Thread 0x000000001772e800 DEOPT UNPACKING pc=0x000000000207556a sp=0x000000001801e7f8 mode 2
Event: 2.642 Thread 0x000000001772e800 Uncommon trap: trap_request=0xffffffde fr.pc=0x000000000242dbd8
Event: 2.642 Thread 0x000000001772e800 DEOPT PACKING pc=0x000000000242dbd8 sp=0x000000001801dfd0
Event: 2.642 Thread 0x000000001772e800 DEOPT UNPACKING pc=0x000000000207556a sp=0x000000001801de30 mode 2
Event: 2.643 Thread 0x000000001772e800 Uncommon trap: trap_request=0xffffffde fr.pc=0x00000000022eca70
Event: 2.643 Thread 0x000000001772e800 DEOPT PACKING pc=0x00000000022eca70 sp=0x000000001801e600
Event: 2.643 Thread 0x000000001772e800 DEOPT UNPACKING pc=0x000000000207556a sp=0x000000001801e378 mode 2


Dynamic libraries:
0x00007ff6a4b00000 - 0x00007ff6a4b34000 	C:\Program Files\Java\jdk1.8.0_25\bin\java.exe
0x00007ffca8790000 - 0x00007ffca893d000 	C:\WINDOWS\SYSTEM32\ntdll.dll
0x00007ffca83a0000 - 0x00007ffca84de000 	C:\WINDOWS\system32\KERNEL32.DLL
0x00007ffca5c90000 - 0x00007ffca5da5000 	C:\WINDOWS\system32\KERNELBASE.dll
0x00007ffca4460000 - 0x00007ffca44ee000 	C:\WINDOWS\system32\apphelp.dll
0x00007ffc98a30000 - 0x00007ffc98a83000 	C:\WINDOWS\AppPatch\AppPatch64\AcGenral.DLL
0x00007ffca69a0000 - 0x00007ffca6a4a000 	C:\WINDOWS\system32\msvcrt.dll
0x00007ffca5710000 - 0x00007ffca573e000 	C:\WINDOWS\SYSTEM32\SspiCli.dll
0x00007ffca63b0000 - 0x00007ffca6404000 	C:\WINDOWS\system32\SHLWAPI.dll
0x00007ffca6820000 - 0x00007ffca6997000 	C:\WINDOWS\system32\USER32.dll
0x00007ffca6410000 - 0x00007ffca65a4000 	C:\WINDOWS\system32\ole32.dll
0x00007ffca6e70000 - 0x00007ffca839a000 	C:\WINDOWS\system32\SHELL32.dll
0x00007ffca4e80000 - 0x00007ffca4ea1000 	C:\WINDOWS\SYSTEM32\USERENV.dll
0x00007ffca6100000 - 0x00007ffca61aa000 	C:\WINDOWS\system32\ADVAPI32.dll
0x00007ffc9b110000 - 0x00007ffc9b12e000 	C:\WINDOWS\SYSTEM32\MPR.dll
0x00007ffca8640000 - 0x00007ffca8781000 	C:\WINDOWS\system32\RPCRT4.dll
0x00007ffca65c0000 - 0x00007ffca6619000 	C:\WINDOWS\SYSTEM32\sechost.dll
0x00007ffca5ee0000 - 0x00007ffca60f1000 	C:\WINDOWS\SYSTEM32\combase.dll
0x00007ffca61b0000 - 0x00007ffca6300000 	C:\WINDOWS\system32\GDI32.dll
0x00007ffca58e0000 - 0x00007ffca58f5000 	C:\WINDOWS\SYSTEM32\profapi.dll
0x00007ffca3c80000 - 0x00007ffca3d32000 	C:\WINDOWS\SYSTEM32\SHCORE.dll
0x00007ffca6310000 - 0x00007ffca6346000 	C:\WINDOWS\system32\IMM32.DLL
0x00007ffca84e0000 - 0x00007ffca8632000 	C:\WINDOWS\system32\MSCTF.dll
0x00007ffca0620000 - 0x00007ffca089b000 	C:\WINDOWS\WinSxS\amd64_microsoft.windows.common-controls_6595b64144ccf1df_6.0.9600.18006_none_623f33d3ecbe86e8\COMCTL32.dll
0x0000000065040000 - 0x0000000065112000 	C:\Program Files\Java\jdk1.8.0_25\jre\bin\msvcr100.dll
0x00000000654c0000 - 0x0000000065d1a000 	C:\Program Files\Java\jdk1.8.0_25\jre\bin\server\jvm.dll
0x00007ffc9cb20000 - 0x00007ffc9cb29000 	C:\WINDOWS\SYSTEM32\WSOCK32.dll
0x00007ffc9a480000 - 0x00007ffc9a4a2000 	C:\WINDOWS\SYSTEM32\WINMM.dll
0x00007ffca6810000 - 0x00007ffca6817000 	C:\WINDOWS\system32\PSAPI.DLL
0x00007ffca6e10000 - 0x00007ffca6e6a000 	C:\WINDOWS\system32\WS2_32.dll
0x00007ffc99580000 - 0x00007ffc995aa000 	C:\WINDOWS\SYSTEM32\WINMMBASE.dll
0x00007ffca6800000 - 0x00007ffca6809000 	C:\WINDOWS\system32\NSI.dll
0x00007ffca5c40000 - 0x00007ffca5c8f000 	C:\WINDOWS\SYSTEM32\cfgmgr32.dll
0x00007ffca46e0000 - 0x00007ffca4708000 	C:\WINDOWS\SYSTEM32\DEVOBJ.dll
0x00000000654b0000 - 0x00000000654bf000 	C:\Program Files\Java\jdk1.8.0_25\jre\bin\verify.dll
0x0000000065480000 - 0x00000000654a8000 	C:\Program Files\Java\jdk1.8.0_25\jre\bin\java.dll
0x0000000065460000 - 0x0000000065476000 	C:\Program Files\Java\jdk1.8.0_25\jre\bin\zip.dll
0x00007ffc7c8c0000 - 0x00007ffc7ca49000 	C:\WINDOWS\SYSTEM32\dbghelp.dll

VM Arguments:
jvm_args: -Xmx1024M -Dfile.encoding=windows-1252 -Duser.country=US -Duser.language=en -Duser.variant 
java_command: com.android.dx.command.Main --dex --num-threads=4 --output D:\sources\Rabbitmq\app\build\intermediates\pre-dexed\debug\classes-53e8d7e1b3833f9e2793805366a428facc96c43f.jar D:\sources\Rabbitmq\app\build\intermediates\exploded-aar\com.android.support\support-v4\24.0.0\jars\classes.jar
java_class_path (initial): C:\Users\Ali Haider\AppData\Local\Android\sdk\build-tools\24.0.0-preview\lib\dx.jar
Launcher Type: SUN_STANDARD

Environment Variables:
JAVA_HOME=C:\Program Files\Java\jdk1.8.0_25
PATH=C:\Program Files (x86)\Common Files\NetSarang;C:\WINDOWS\system32;C:\WINDOWS;C:\WINDOWS\System32\Wbem;C:\WINDOWS\System32\WindowsPowerShell\v1.0\;C:\Program Files\TortoiseSVN\bin;C:\Program Files (x86)\Git\cmd;C:\Program Files (x86)\Git\bin;C:\Program Files (x86)\Skype\Phone\;C:\Program Files (x86)\ATI Technologies\ATI.ACE\Core-Static;C:\wamp\bin\mysql\mysql5.6.12\bin;C:\Python26;C:\Python26\Scripts;C:\Python26\Lib\site-packages\django\bin;C:\Program Files\Java\jdk1.8.0_25\bin;C:\Users\Ali Haider\AppData\Local\Android\sdk\tools;C:\Users\Ali Haider\AppData\Local\Android\sdk\platform-tools
USERNAME=Hina Khan
OS=Windows_NT
PROCESSOR_IDENTIFIER=Intel64 Family 6 Model 42 Stepping 7, GenuineIntel



---------------  S Y S T E M  ---------------

OS: Windows 8.1 , 64 bit Build 9600 

CPU:total 8 (4 cores per cpu, 2 threads per core) family 6 model 42 stepping 7, cmov, cx8, fxsr, mmx, sse, sse2, sse3, ssse3, sse4.1, sse4.2, popcnt, avx, aes, clmul, ht, tsc, tscinvbit

Memory: 4k page, physical 8321388k(1086408k free), swap 11467116k(5104k free)

vm_info: Java HotSpot(TM) 64-Bit Server VM (25.25-b02) for windows-amd64 JRE (1.8.0_25-b18), built on Oct  7 2014 14:25:37 by "java_re" with MS VC++ 10.0 (VS2010)

time: Sat Jun 25 01:30:47 2016
elapsed time: 3 seconds (0d 0h 0m 3s)

