#
# There is insufficient memory for the Java Runtime Environment to continue.
# Native memory allocation (malloc) failed to allocate 475088 bytes for Chunk::new
# Possible reasons:
#   The system is out of physical RAM or swap space
#   In 32 bit mode, the process size limit was hit
# Possible solutions:
#   Reduce memory load on the system
#   Increase physical memory or swap space
#   Check if swap backing store is full
#   Use 64 bit Java on a 64 bit OS
#   Decrease Java heap size (-Xmx/-Xms)
#   Decrease number of Java threads
#   Decrease Java thread stack sizes (-Xss)
#   Set larger code cache with -XX:ReservedCodeCacheSize=
# This output file may be truncated or incomplete.
#
#  Out of Memory Error (allocation.cpp:390), pid=1668, tid=5064
#
# JRE version: Java(TM) SE Runtime Environment (8.0_25-b18) (build 1.8.0_25-b18)
# Java VM: Java HotSpot(TM) 64-Bit Server VM (25.25-b02 mixed mode windows-amd64 compressed oops)
# Failed to write core dump. Minidumps are not enabled by default on client versions of Windows
#

---------------  T H R E A D  ---------------

Current thread (0x0000000017227800):  JavaThread "C2 CompilerThread0" daemon [_thread_in_native, id=5064, stack(0x0000000017800000,0x0000000017900000)]

Stack: [0x0000000017800000,0x0000000017900000]
Native frames: (J=compiled Java code, j=interpreted, Vv=VM code, C=native code)
V  [jvm.dll+0x31667a]
V  [jvm.dll+0x267073]
V  [jvm.dll+0x267cb3]
V  [jvm.dll+0x25f5b5]
V  [jvm.dll+0xbf165]
V  [jvm.dll+0xbf60c]
V  [jvm.dll+0x44af32]
V  [jvm.dll+0x4c06e5]
V  [jvm.dll+0x4c131f]
V  [jvm.dll+0x451121]
V  [jvm.dll+0x4538f8]
V  [jvm.dll+0x437372]
V  [jvm.dll+0x98a02]
V  [jvm.dll+0x991f3]
V  [jvm.dll+0x22bde4]
V  [jvm.dll+0x2852fa]
C  [msvcr100.dll+0x21d9f]
C  [msvcr100.dll+0x21e3b]
C  [KERNEL32.DLL+0x13d2]
C  [ntdll.dll+0x154e4]


Current CompileTask:
C2:   2759 1130       4       com.android.dx.ssa.SsaInsn::mapRegisters (35 bytes)


---------------  P R O C E S S  ---------------

Java Threads: ( => current thread )
  0x00000000175c9000 JavaThread "pool-1-thread-4" [_thread_blocked, id=1292, stack(0x0000000018a00000,0x0000000018b00000)]
  0x00000000175c8000 JavaThread "pool-1-thread-3" [_thread_in_vm, id=7080, stack(0x0000000018900000,0x0000000018a00000)]
  0x0000000017e92800 JavaThread "pool-1-thread-2" [_thread_in_Java, id=4184, stack(0x0000000018800000,0x0000000018900000)]
  0x0000000017ec2800 JavaThread "pool-2-thread-1" [_thread_blocked, id=7152, stack(0x0000000018700000,0x0000000018800000)]
  0x0000000017e4c800 JavaThread "pool-1-thread-1" [_thread_blocked, id=4772, stack(0x0000000018600000,0x0000000018700000)]
  0x000000001728e800 JavaThread "Service Thread" daemon [_thread_blocked, id=11648, stack(0x0000000017c00000,0x0000000017d00000)]
  0x0000000017232000 JavaThread "C1 CompilerThread3" daemon [_thread_in_vm, id=10492, stack(0x0000000017b00000,0x0000000017c00000)]
  0x000000001722d000 JavaThread "C2 CompilerThread2" daemon [_thread_in_native, id=8400, stack(0x0000000017a00000,0x0000000017b00000)]
  0x000000001722a000 JavaThread "C2 CompilerThread1" daemon [_thread_in_native, id=8188, stack(0x0000000017900000,0x0000000017a00000)]
=>0x0000000017227800 JavaThread "C2 CompilerThread0" daemon [_thread_in_native, id=5064, stack(0x0000000017800000,0x0000000017900000)]
  0x0000000017226800 JavaThread "Attach Listener" daemon [_thread_blocked, id=11276, stack(0x0000000017700000,0x0000000017800000)]
  0x0000000017225800 JavaThread "Signal Dispatcher" daemon [_thread_blocked, id=2792, stack(0x0000000017600000,0x0000000017700000)]
  0x00000000026f1800 JavaThread "Finalizer" daemon [_thread_blocked, id=8704, stack(0x0000000017100000,0x0000000017200000)]
  0x000000001521c800 JavaThread "Reference Handler" daemon [_thread_blocked, id=10172, stack(0x0000000017000000,0x0000000017100000)]
  0x0000000002600800 JavaThread "main" [_thread_blocked, id=6488, stack(0x0000000002450000,0x0000000002550000)]

Other Threads:
  0x0000000015218800 VMThread [stack: 0x0000000016f00000,0x0000000017000000] [id=8952]
  0x0000000017294800 WatcherThread [stack: 0x0000000017d00000,0x0000000017e00000] [id=9620]

VM state:not at safepoint (normal execution)

VM Mutex/Monitor currently owned by a thread:  ([mutex/lock_event])
[0x00000000025fda90] MethodData_lock - owner thread: 0x00000000175c8000

Heap:
 PSYoungGen      total 38400K, used 17110K [0x00000000eab00000, 0x00000000ef600000, 0x0000000100000000)
  eden space 33280K, 36% used [0x00000000eab00000,0x00000000eb6ea960,0x00000000ecb80000)
  from space 5120K, 95% used [0x00000000ecb80000,0x00000000ed04b120,0x00000000ed080000)
  to   space 5120K, 0% used [0x00000000ef100000,0x00000000ef100000,0x00000000ef600000)
 ParOldGen       total 87552K, used 16K [0x00000000c0000000, 0x00000000c5580000, 0x00000000eab00000)
  object space 87552K, 0% used [0x00000000c0000000,0x00000000c0004000,0x00000000c5580000)
 Metaspace       used 5926K, capacity 6896K, committed 7040K, reserved 1056768K
  class space    used 593K, capacity 616K, committed 640K, reserved 1048576K

Card table byte_map: [0x0000000011ac0000,0x0000000011cd0000] byte_map_base: 0x00000000114c0000

Marking Bits: (ParMarkBitMap*) 0x0000000065c9d490
 Begin Bits: [0x0000000012630000, 0x0000000013630000)
 End Bits:   [0x0000000013630000, 0x0000000014630000)

Polling page: 0x0000000000c60000

CodeCache: size=245760Kb used=4399Kb max_used=4399Kb free=241361Kb
 bounds [0x0000000002700000, 0x0000000002b50000, 0x0000000011700000]
 total_blobs=1438 nmethods=1174 adapters=178
 compilation: enabled

Compilation events (10 events):
Event: 2.735 Thread 0x0000000017232000 nmethod 1188 0x0000000002b468d0 code [0x0000000002b46b20, 0x0000000002b47d48]
Event: 2.735 Thread 0x0000000017232000 1122       3       com.android.dx.cf.iface.StdMember::<init> (69 bytes)
Event: 2.735 Thread 0x0000000017232000 nmethod 1122 0x0000000002b48490 code [0x0000000002b48640, 0x0000000002b48ac8]
Event: 2.736 Thread 0x0000000017232000 1178       3       com.android.dx.ssa.back.InterferenceGraph::mergeInterferenceSet (29 bytes)
Event: 2.736 Thread 0x0000000017232000 nmethod 1178 0x0000000002b48c50 code [0x0000000002b48e00, 0x0000000002b493a8]
Event: 2.736 Thread 0x0000000017232000 1179       3       com.android.dx.util.BitIntSet::merge (148 bytes)
Event: 2.738 Thread 0x0000000017232000 nmethod 1179 0x0000000002b49790 code [0x0000000002b49a40, 0x0000000002b4ac08]
Event: 2.738 Thread 0x0000000017232000 1191       3       com.android.dx.util.IntList::mutableCopy (39 bytes)
Event: 2.738 Thread 0x0000000017232000 nmethod 1191 0x0000000002b4b590 code [0x0000000002b4b720, 0x0000000002b4ba98]
Event: 2.738 Thread 0x0000000017232000 1183       3       com.android.dx.cf.code.Ropper::addBlock (37 bytes)

GC Heap History (2 events):
Event: 2.227 GC heap before
{Heap before GC invocations=1 (full 0):
 PSYoungGen      total 38400K, used 33280K [0x00000000eab00000, 0x00000000ed580000, 0x0000000100000000)
  eden space 33280K, 100% used [0x00000000eab00000,0x00000000ecb80000,0x00000000ecb80000)
  from space 5120K, 0% used [0x00000000ed080000,0x00000000ed080000,0x00000000ed580000)
  to   space 5120K, 0% used [0x00000000ecb80000,0x00000000ecb80000,0x00000000ed080000)
 ParOldGen       total 87552K, used 0K [0x00000000c0000000, 0x00000000c5580000, 0x00000000eab00000)
  object space 87552K, 0% used [0x00000000c0000000,0x00000000c0000000,0x00000000c5580000)
 Metaspace       used 5841K, capacity 6832K, committed 7040K, reserved 1056768K
  class space    used 590K, capacity 616K, committed 640K, reserved 1048576K
Event: 2.555 GC heap after
Heap after GC invocations=1 (full 0):
 PSYoungGen      total 38400K, used 4908K [0x00000000eab00000, 0x00000000ef600000, 0x0000000100000000)
  eden space 33280K, 0% used [0x00000000eab00000,0x00000000eab00000,0x00000000ecb80000)
  from space 5120K, 95% used [0x00000000ecb80000,0x00000000ed04b120,0x00000000ed080000)
  to   space 5120K, 0% used [0x00000000ef100000,0x00000000ef100000,0x00000000ef600000)
 ParOldGen       total 87552K, used 16K [0x00000000c0000000, 0x00000000c5580000, 0x00000000eab00000)
  object space 87552K, 0% used [0x00000000c0000000,0x00000000c0004000,0x00000000c5580000)
 Metaspace       used 5841K, capacity 6832K, committed 7040K, reserved 1056768K
  class space    used 590K, capacity 616K, committed 640K, reserved 1048576K
}

Deoptimization events (3 events):
Event: 1.811 Thread 0x0000000002600800 Uncommon trap: reason=class_check action=maybe_recompile pc=0x0000000002a52b60 method=com.android.dx.rop.type.Type.equals(Ljava/lang/Object;)Z @ 8
Event: 1.813 Thread 0x0000000002600800 Uncommon trap: reason=null_check action=make_not_entrant pc=0x0000000002a52b70 method=com.android.dx.rop.type.Type.equals(Ljava/lang/Object;)Z @ 8
Event: 2.614 Thread 0x00000000175c8000 Uncommon trap: reason=unreached action=reinterpret pc=0x0000000002a7c9f4 method=com.android.dx.rop.code.LocalItem.hashCode()I @ 25

Internal exceptions (10 events):
Event: 1.109 Thread 0x00000000175c8000 Exception <a 'java/security/PrivilegedActionException'> (0x00000000ec5929f8) thrown at [D:\re\workspace\8-2-build-windows-amd64-cygwin\jdk8u25\1677\hotspot\src\share\vm\prims\jvm.cpp, line 1312]
Event: 1.134 Thread 0x00000000175c8000 Exception <a 'java/security/PrivilegedActionException'> (0x00000000ec5e4ec8) thrown at [D:\re\workspace\8-2-build-windows-amd64-cygwin\jdk8u25\1677\hotspot\src\share\vm\prims\jvm.cpp, line 1312]
Event: 1.184 Thread 0x0000000017e4c800 Exception <a 'java/security/PrivilegedActionException'> (0x00000000ec3a1468) thrown at [D:\re\workspace\8-2-build-windows-amd64-cygwin\jdk8u25\1677\hotspot\src\share\vm\prims\jvm.cpp, line 1312]
Event: 1.185 Thread 0x0000000017e4c800 Exception <a 'java/security/PrivilegedActionException'> (0x00000000ec3a6f90) thrown at [D:\re\workspace\8-2-build-windows-amd64-cygwin\jdk8u25\1677\hotspot\src\share\vm\prims\jvm.cpp, line 1312]
Event: 1.186 Thread 0x0000000017e4c800 Exception <a 'java/security/PrivilegedActionException'> (0x00000000ec3ac790) thrown at [D:\re\workspace\8-2-build-windows-amd64-cygwin\jdk8u25\1677\hotspot\src\share\vm\prims\jvm.cpp, line 1312]
Event: 1.195 Thread 0x0000000002600800 Exception <a 'java/security/PrivilegedActionException'> (0x00000000ec479950) thrown at [D:\re\workspace\8-2-build-windows-amd64-cygwin\jdk8u25\1677\hotspot\src\share\vm\prims\jvm.cpp, line 1312]
Event: 1.196 Thread 0x0000000002600800 Exception <a 'java/security/PrivilegedActionException'> (0x00000000ec47c180) thrown at [D:\re\workspace\8-2-build-windows-amd64-cygwin\jdk8u25\1677\hotspot\src\share\vm\prims\jvm.cpp, line 1312]
Event: 1.767 Thread 0x0000000002600800 Exception <a 'java/security/PrivilegedActionException'> (0x00000000eca72c88) thrown at [D:\re\workspace\8-2-build-windows-amd64-cygwin\jdk8u25\1677\hotspot\src\share\vm\prims\jvm.cpp, line 1312]
Event: 1.813 Thread 0x0000000002600800 Implicit null exception at 0x0000000002a52a62 to 0x0000000002a52b61
Event: 2.710 Thread 0x00000000175c9000 Exception <a 'java/security/PrivilegedActionException'> (0x00000000eb20f218) thrown at [D:\re\workspace\8-2-build-windows-amd64-cygwin\jdk8u25\1677\hotspot\src\share\vm\prims\jvm.cpp, line 1312]

Events (10 events):
Event: 2.557 loading class sun/misc/Cleaner done
Event: 2.614 Thread 0x00000000175c8000 Uncommon trap: trap_request=0xffffffad fr.pc=0x0000000002a7c9f4
Event: 2.614 Thread 0x00000000175c8000 DEOPT PACKING pc=0x0000000002a7c9f4 sp=0x00000000189fed20
Event: 2.614 Thread 0x00000000175c8000 DEOPT UNPACKING pc=0x000000000274556a sp=0x00000000189fea78 mode 2
Event: 2.710 loading class com/android/dx/cf/code/Ropper$ExceptionHandlerSetup
Event: 2.710 loading class com/android/dx/cf/code/Ropper$ExceptionHandlerSetup done
Event: 2.713 loading class java/util/HashMap$Values
Event: 2.713 loading class java/util/HashMap$Values done
Event: 2.713 loading class java/util/HashMap$ValueIterator
Event: 2.713 loading class java/util/HashMap$ValueIterator done


Dynamic libraries:
0x00007ff6a4b00000 - 0x00007ff6a4b34000 	C:\Program Files\Java\jdk1.8.0_25\bin\java.exe
0x00007ffca8790000 - 0x00007ffca893d000 	C:\WINDOWS\SYSTEM32\ntdll.dll
0x00007ffca83a0000 - 0x00007ffca84de000 	C:\WINDOWS\system32\KERNEL32.DLL
0x00007ffca5c90000 - 0x00007ffca5da5000 	C:\WINDOWS\system32\KERNELBASE.dll
0x00007ffca4460000 - 0x00007ffca44ee000 	C:\WINDOWS\system32\apphelp.dll
0x00007ffc98a30000 - 0x00007ffc98a83000 	C:\WINDOWS\AppPatch\AppPatch64\AcGenral.DLL
0x00007ffca69a0000 - 0x00007ffca6a4a000 	C:\WINDOWS\system32\msvcrt.dll
0x00007ffca5710000 - 0x00007ffca573e000 	C:\WINDOWS\SYSTEM32\SspiCli.dll
0x00007ffca63b0000 - 0x00007ffca6404000 	C:\WINDOWS\system32\SHLWAPI.dll
0x00007ffca6820000 - 0x00007ffca6997000 	C:\WINDOWS\system32\USER32.dll
0x00007ffca6410000 - 0x00007ffca65a4000 	C:\WINDOWS\system32\ole32.dll
0x00007ffca6e70000 - 0x00007ffca839a000 	C:\WINDOWS\system32\SHELL32.dll
0x00007ffca4e80000 - 0x00007ffca4ea1000 	C:\WINDOWS\SYSTEM32\USERENV.dll
0x00007ffca6100000 - 0x00007ffca61aa000 	C:\WINDOWS\system32\ADVAPI32.dll
0x00007ffc9b110000 - 0x00007ffc9b12e000 	C:\WINDOWS\SYSTEM32\MPR.dll
0x00007ffca8640000 - 0x00007ffca8781000 	C:\WINDOWS\system32\RPCRT4.dll
0x00007ffca65c0000 - 0x00007ffca6619000 	C:\WINDOWS\SYSTEM32\sechost.dll
0x00007ffca5ee0000 - 0x00007ffca60f1000 	C:\WINDOWS\SYSTEM32\combase.dll
0x00007ffca61b0000 - 0x00007ffca6300000 	C:\WINDOWS\system32\GDI32.dll
0x00007ffca58e0000 - 0x00007ffca58f5000 	C:\WINDOWS\SYSTEM32\profapi.dll
0x00007ffca3c80000 - 0x00007ffca3d32000 	C:\WINDOWS\SYSTEM32\SHCORE.dll
0x00007ffca6310000 - 0x00007ffca6346000 	C:\WINDOWS\system32\IMM32.DLL
0x00007ffca84e0000 - 0x00007ffca8632000 	C:\WINDOWS\system32\MSCTF.dll
0x00007ffca0620000 - 0x00007ffca089b000 	C:\WINDOWS\WinSxS\amd64_microsoft.windows.common-controls_6595b64144ccf1df_6.0.9600.18006_none_623f33d3ecbe86e8\COMCTL32.dll
0x0000000065040000 - 0x0000000065112000 	C:\Program Files\Java\jdk1.8.0_25\jre\bin\msvcr100.dll
0x00000000654c0000 - 0x0000000065d1a000 	C:\Program Files\Java\jdk1.8.0_25\jre\bin\server\jvm.dll
0x00007ffc9cb20000 - 0x00007ffc9cb29000 	C:\WINDOWS\SYSTEM32\WSOCK32.dll
0x00007ffc9a480000 - 0x00007ffc9a4a2000 	C:\WINDOWS\SYSTEM32\WINMM.dll
0x00007ffca6810000 - 0x00007ffca6817000 	C:\WINDOWS\system32\PSAPI.DLL
0x00007ffca6e10000 - 0x00007ffca6e6a000 	C:\WINDOWS\system32\WS2_32.dll
0x00007ffc99580000 - 0x00007ffc995aa000 	C:\WINDOWS\SYSTEM32\WINMMBASE.dll
0x00007ffca6800000 - 0x00007ffca6809000 	C:\WINDOWS\system32\NSI.dll
0x00007ffca5c40000 - 0x00007ffca5c8f000 	C:\WINDOWS\SYSTEM32\cfgmgr32.dll
0x00007ffca46e0000 - 0x00007ffca4708000 	C:\WINDOWS\SYSTEM32\DEVOBJ.dll
0x00000000654b0000 - 0x00000000654bf000 	C:\Program Files\Java\jdk1.8.0_25\jre\bin\verify.dll
0x0000000065480000 - 0x00000000654a8000 	C:\Program Files\Java\jdk1.8.0_25\jre\bin\java.dll
0x0000000065460000 - 0x0000000065476000 	C:\Program Files\Java\jdk1.8.0_25\jre\bin\zip.dll
0x00007ffc7c8c0000 - 0x00007ffc7ca49000 	C:\WINDOWS\SYSTEM32\dbghelp.dll

VM Arguments:
jvm_args: -Xmx1024M -Dfile.encoding=windows-1252 -Duser.country=US -Duser.language=en -Duser.variant 
java_command: com.android.dx.command.Main --dex --num-threads=4 --output D:\sources\Rabbitmq\app\build\intermediates\pre-dexed\debug\classes-53e8d7e1b3833f9e2793805366a428facc96c43f.jar D:\sources\Rabbitmq\app\build\intermediates\exploded-aar\com.android.support\support-v4\24.0.0\jars\classes.jar
java_class_path (initial): C:\Users\Ali Haider\AppData\Local\Android\sdk\build-tools\24.0.0-preview\lib\dx.jar
Launcher Type: SUN_STANDARD

Environment Variables:
JAVA_HOME=C:\Program Files\Java\jdk1.8.0_25
PATH=C:\Program Files (x86)\Common Files\NetSarang;C:\WINDOWS\system32;C:\WINDOWS;C:\WINDOWS\System32\Wbem;C:\WINDOWS\System32\WindowsPowerShell\v1.0\;C:\Program Files\TortoiseSVN\bin;C:\Program Files (x86)\Git\cmd;C:\Program Files (x86)\Git\bin;C:\Program Files (x86)\Skype\Phone\;C:\Program Files (x86)\ATI Technologies\ATI.ACE\Core-Static;C:\wamp\bin\mysql\mysql5.6.12\bin;C:\Python26;C:\Python26\Scripts;C:\Python26\Lib\site-packages\django\bin;C:\Program Files\Java\jdk1.8.0_25\bin;C:\Users\Ali Haider\AppData\Local\Android\sdk\tools;C:\Users\Ali Haider\AppData\Local\Android\sdk\platform-tools
USERNAME=Hina Khan
OS=Windows_NT
PROCESSOR_IDENTIFIER=Intel64 Family 6 Model 42 Stepping 7, GenuineIntel



---------------  S Y S T E M  ---------------

OS: Windows 8.1 , 64 bit Build 9600 

CPU:total 8 (4 cores per cpu, 2 threads per core) family 6 model 42 stepping 7, cmov, cx8, fxsr, mmx, sse, sse2, sse3, ssse3, sse4.1, sse4.2, popcnt, avx, aes, clmul, ht, tsc, tscinvbit

Memory: 4k page, physical 8321388k(910888k free), swap 11467116k(5092k free)

vm_info: Java HotSpot(TM) 64-Bit Server VM (25.25-b02) for windows-amd64 JRE (1.8.0_25-b18), built on Oct  7 2014 14:25:37 by "java_re" with MS VC++ 10.0 (VS2010)

time: Sat Jun 25 01:35:46 2016
elapsed time: 2 seconds (0d 0h 0m 2s)

