#
# There is insufficient memory for the Java Runtime Environment to continue.
# Native memory allocation (malloc) failed to allocate 895536 bytes for Chunk::new
# Possible reasons:
#   The system is out of physical RAM or swap space
#   In 32 bit mode, the process size limit was hit
# Possible solutions:
#   Reduce memory load on the system
#   Increase physical memory or swap space
#   Check if swap backing store is full
#   Use 64 bit Java on a 64 bit OS
#   Decrease Java heap size (-Xmx/-Xms)
#   Decrease number of Java threads
#   Decrease Java thread stack sizes (-Xss)
#   Set larger code cache with -XX:ReservedCodeCacheSize=
# This output file may be truncated or incomplete.
#
#  Out of Memory Error (allocation.cpp:390), pid=4980, tid=9792
#
# JRE version: Java(TM) SE Runtime Environment (8.0_25-b18) (build 1.8.0_25-b18)
# Java VM: Java HotSpot(TM) 64-Bit Server VM (25.25-b02 mixed mode windows-amd64 compressed oops)
# Failed to write core dump. Minidumps are not enabled by default on client versions of Windows
#

---------------  T H R E A D  ---------------

Current thread (0x0000000017a2b000):  JavaThread "C2 CompilerThread2" daemon [_thread_in_native, id=9792, stack(0x0000000018200000,0x0000000018300000)]

Stack: [0x0000000018200000,0x0000000018300000]
Native frames: (J=compiled Java code, j=interpreted, Vv=VM code, C=native code)
V  [jvm.dll+0x31667a]


Current CompileTask:
C2:   3318 1477       4       com.android.dx.ssa.SsaRenamer$BlockRenamer::process (191 bytes)


---------------  P R O C E S S  ---------------

Java Threads: ( => current thread )
  0x0000000018623000 JavaThread "pool-1-thread-4" [_thread_blocked, id=7568, stack(0x0000000019200000,0x0000000019300000)]
  0x0000000018622000 JavaThread "pool-1-thread-3" [_thread_in_Java, id=1640, stack(0x0000000019100000,0x0000000019200000)]
  0x0000000017d93000 JavaThread "pool-1-thread-2" [_thread_blocked, id=9876, stack(0x0000000019000000,0x0000000019100000)]
  0x0000000017d8e800 JavaThread "pool-2-thread-1" [_thread_blocked, id=10668, stack(0x0000000018f00000,0x0000000019000000)]
  0x0000000018614000 JavaThread "pool-1-thread-1" [_thread_blocked, id=9836, stack(0x0000000018e00000,0x0000000018f00000)]
  0x0000000017a3a800 JavaThread "Service Thread" daemon [_thread_blocked, id=8616, stack(0x0000000018400000,0x0000000018500000)]
  0x0000000017a30000 JavaThread "C1 CompilerThread3" daemon [_thread_blocked, id=6576, stack(0x0000000018300000,0x0000000018400000)]
=>0x0000000017a2b000 JavaThread "C2 CompilerThread2" daemon [_thread_in_native, id=9792, stack(0x0000000018200000,0x0000000018300000)]
  0x0000000017a29000 JavaThread "C2 CompilerThread1" daemon [_thread_in_native, id=8852, stack(0x0000000018100000,0x0000000018200000)]
  0x0000000017a25800 JavaThread "C2 CompilerThread0" daemon [_thread_in_native, id=8376, stack(0x0000000018000000,0x0000000018100000)]
  0x0000000017a24800 JavaThread "Attach Listener" daemon [_thread_blocked, id=3704, stack(0x0000000017f00000,0x0000000018000000)]
  0x0000000017a23800 JavaThread "Signal Dispatcher" daemon [_thread_blocked, id=12068, stack(0x0000000017e00000,0x0000000017f00000)]
  0x0000000002ee7800 JavaThread "Finalizer" daemon [_thread_blocked, id=9728, stack(0x0000000017900000,0x0000000017a00000)]
  0x0000000015a0c800 JavaThread "Reference Handler" daemon [_thread_blocked, id=4348, stack(0x0000000017800000,0x0000000017900000)]
  0x0000000002df0800 JavaThread "main" [_thread_blocked, id=5256, stack(0x0000000002bf0000,0x0000000002cf0000)]

Other Threads:
  0x0000000015a08800 VMThread [stack: 0x0000000017700000,0x0000000017800000] [id=11272]
  0x0000000017a3c000 WatcherThread [stack: 0x0000000018500000,0x0000000018600000] [id=8256]

VM state:not at safepoint (normal execution)

VM Mutex/Monitor currently owned by a thread: None

Heap:
 PSYoungGen      total 71680K, used 11500K [0x00000000eab00000, 0x00000000ef600000, 0x0000000100000000)
  eden space 66560K, 9% used [0x00000000eab00000,0x00000000eb13ee80,0x00000000eec00000)
  from space 5120K, 99% used [0x00000000ef100000,0x00000000ef5fc2b0,0x00000000ef600000)
  to   space 5120K, 0% used [0x00000000eec00000,0x00000000eec00000,0x00000000ef100000)
 ParOldGen       total 87552K, used 2571K [0x00000000c0000000, 0x00000000c5580000, 0x00000000eab00000)
  object space 87552K, 2% used [0x00000000c0000000,0x00000000c0282f08,0x00000000c5580000)
 Metaspace       used 6076K, capacity 7024K, committed 7296K, reserved 1056768K
  class space    used 593K, capacity 616K, committed 640K, reserved 1048576K

Card table byte_map: [0x00000000122b0000,0x00000000124c0000] byte_map_base: 0x0000000011cb0000

Marking Bits: (ParMarkBitMap*) 0x0000000065c9d490
 Begin Bits: [0x0000000012e20000, 0x0000000013e20000)
 End Bits:   [0x0000000013e20000, 0x0000000014e20000)

Polling page: 0x0000000001390000

CodeCache: size=245760Kb used=5804Kb max_used=5820Kb free=239955Kb
 bounds [0x0000000002ef0000, 0x00000000034b0000, 0x0000000011ef0000]
 total_blobs=1733 nmethods=1469 adapters=178
 compilation: enabled

Compilation events (10 events):
Event: 3.289 Thread 0x0000000017a30000 1467  s    3       com.android.dx.dex.file.StringIdsSection::intern (53 bytes)
Event: 3.289 Thread 0x0000000017a30000 nmethod 1467 0x0000000003478190 code [0x0000000003478360, 0x0000000003478cb8]
Event: 3.289 Thread 0x0000000017a30000 1474       3       com.android.dx.cf.code.RopperMachine::updateReturnOp (115 bytes)
Event: 3.291 Thread 0x0000000017a30000 nmethod 1474 0x00000000034967d0 code [0x0000000003496a60, 0x0000000003497c38]
Event: 3.291 Thread 0x0000000017a30000 1478       3       com.android.dx.cf.code.Simulator$SimVisitor::visitBranch (341 bytes)
Event: 3.293 Thread 0x0000000017a30000 nmethod 1478 0x00000000034983d0 code [0x0000000003498640, 0x00000000034996e8]
Event: 3.293 Thread 0x0000000017a30000 1479       3       com.android.dx.cf.code.BaseMachine::auxTargetArg (6 bytes)
Event: 3.293 Thread 0x0000000017a30000 nmethod 1479 0x0000000003477dd0 code [0x0000000003477f20, 0x0000000003478070]
Event: 3.293 Thread 0x0000000017a30000 1470       3       java.util.Collections::unmodifiableCollection (9 bytes)
Event: 3.293 Thread 0x0000000017a30000 nmethod 1470 0x0000000003499f90 code [0x000000000349a100, 0x000000000349a428]

GC Heap History (4 events):
Event: 1.596 GC heap before
{Heap before GC invocations=1 (full 0):
 PSYoungGen      total 38400K, used 33280K [0x00000000eab00000, 0x00000000ed580000, 0x0000000100000000)
  eden space 33280K, 100% used [0x00000000eab00000,0x00000000ecb80000,0x00000000ecb80000)
  from space 5120K, 0% used [0x00000000ed080000,0x00000000ed080000,0x00000000ed580000)
  to   space 5120K, 0% used [0x00000000ecb80000,0x00000000ecb80000,0x00000000ed080000)
 ParOldGen       total 87552K, used 0K [0x00000000c0000000, 0x00000000c5580000, 0x00000000eab00000)
  object space 87552K, 0% used [0x00000000c0000000,0x00000000c0000000,0x00000000c5580000)
 Metaspace       used 5827K, capacity 6768K, committed 7040K, reserved 1056768K
  class space    used 590K, capacity 616K, committed 640K, reserved 1048576K
Event: 1.715 GC heap after
Heap after GC invocations=1 (full 0):
 PSYoungGen      total 38400K, used 4860K [0x00000000eab00000, 0x00000000ef600000, 0x0000000100000000)
  eden space 33280K, 0% used [0x00000000eab00000,0x00000000eab00000,0x00000000ecb80000)
  from space 5120K, 94% used [0x00000000ecb80000,0x00000000ed03f110,0x00000000ed080000)
  to   space 5120K, 0% used [0x00000000ef100000,0x00000000ef100000,0x00000000ef600000)
 ParOldGen       total 87552K, used 8K [0x00000000c0000000, 0x00000000c5580000, 0x00000000eab00000)
  object space 87552K, 0% used [0x00000000c0000000,0x00000000c0002000,0x00000000c5580000)
 Metaspace       used 5827K, capacity 6768K, committed 7040K, reserved 1056768K
  class space    used 590K, capacity 616K, committed 640K, reserved 1048576K
}
Event: 2.904 GC heap before
{Heap before GC invocations=2 (full 0):
 PSYoungGen      total 38400K, used 38140K [0x00000000eab00000, 0x00000000ef600000, 0x0000000100000000)
  eden space 33280K, 100% used [0x00000000eab00000,0x00000000ecb80000,0x00000000ecb80000)
  from space 5120K, 94% used [0x00000000ecb80000,0x00000000ed03f110,0x00000000ed080000)
  to   space 5120K, 0% used [0x00000000ef100000,0x00000000ef100000,0x00000000ef600000)
 ParOldGen       total 87552K, used 8K [0x00000000c0000000, 0x00000000c5580000, 0x00000000eab00000)
  object space 87552K, 0% used [0x00000000c0000000,0x00000000c0002000,0x00000000c5580000)
 Metaspace       used 6074K, capacity 7024K, committed 7296K, reserved 1056768K
  class space    used 593K, capacity 616K, committed 640K, reserved 1048576K
Event: 3.201 GC heap after
Heap after GC invocations=2 (full 0):
 PSYoungGen      total 71680K, used 5104K [0x00000000eab00000, 0x00000000ef600000, 0x0000000100000000)
  eden space 66560K, 0% used [0x00000000eab00000,0x00000000eab00000,0x00000000eec00000)
  from space 5120K, 99% used [0x00000000ef100000,0x00000000ef5fc2b0,0x00000000ef600000)
  to   space 5120K, 0% used [0x00000000eec00000,0x00000000eec00000,0x00000000ef100000)
 ParOldGen       total 87552K, used 2571K [0x00000000c0000000, 0x00000000c5580000, 0x00000000eab00000)
  object space 87552K, 2% used [0x00000000c0000000,0x00000000c0282f08,0x00000000c5580000)
 Metaspace       used 6074K, capacity 7024K, committed 7296K, reserved 1056768K
  class space    used 593K, capacity 616K, committed 640K, reserved 1048576K
}

Deoptimization events (5 events):
Event: 2.376 Thread 0x0000000018623000 Uncommon trap: reason=class_check action=maybe_recompile pc=0x00000000031e806c method=com.android.dx.rop.type.Type.equals(Ljava/lang/Object;)Z @ 8
Event: 2.376 Thread 0x0000000018623000 Uncommon trap: reason=class_check action=maybe_recompile pc=0x00000000031e806c method=com.android.dx.rop.type.Type.equals(Ljava/lang/Object;)Z @ 8
Event: 2.376 Thread 0x0000000018623000 Uncommon trap: reason=class_check action=maybe_recompile pc=0x00000000031e806c method=com.android.dx.rop.type.Type.equals(Ljava/lang/Object;)Z @ 8
Event: 2.379 Thread 0x0000000018623000 Uncommon trap: reason=class_check action=maybe_recompile pc=0x00000000031e806c method=com.android.dx.rop.type.Type.equals(Ljava/lang/Object;)Z @ 8
Event: 2.672 Thread 0x0000000018614000 Uncommon trap: reason=unreached action=reinterpret pc=0x00000000031b609c method=com.android.dx.rop.cst.Constant.compareTo(Lcom/android/dx/rop/cst/Constant;)I @ 12

Internal exceptions (10 events):
Event: 1.070 Thread 0x0000000018614000 Exception <a 'java/security/PrivilegedActionException'> (0x00000000ec1a1440) thrown at [D:\re\workspace\8-2-build-windows-amd64-cygwin\jdk8u25\1677\hotspot\src\share\vm\prims\jvm.cpp, line 1312]
Event: 1.070 Thread 0x0000000018614000 Exception <a 'java/security/PrivilegedActionException'> (0x00000000ec1a6f68) thrown at [D:\re\workspace\8-2-build-windows-amd64-cygwin\jdk8u25\1677\hotspot\src\share\vm\prims\jvm.cpp, line 1312]
Event: 1.072 Thread 0x0000000018614000 Exception <a 'java/security/PrivilegedActionException'> (0x00000000ec1ac768) thrown at [D:\re\workspace\8-2-build-windows-amd64-cygwin\jdk8u25\1677\hotspot\src\share\vm\prims\jvm.cpp, line 1312]
Event: 1.075 Thread 0x0000000017d93000 Exception <a 'java/security/PrivilegedActionException'> (0x00000000ec4c94d8) thrown at [D:\re\workspace\8-2-build-windows-amd64-cygwin\jdk8u25\1677\hotspot\src\share\vm\prims\jvm.cpp, line 1312]
Event: 1.192 Thread 0x0000000018622000 Exception <a 'java/security/PrivilegedActionException'> (0x00000000ec46eda0) thrown at [D:\re\workspace\8-2-build-windows-amd64-cygwin\jdk8u25\1677\hotspot\src\share\vm\prims\jvm.cpp, line 1312]
Event: 1.195 Thread 0x0000000002df0800 Exception <a 'java/security/PrivilegedActionException'> (0x00000000ec57bdf8) thrown at [D:\re\workspace\8-2-build-windows-amd64-cygwin\jdk8u25\1677\hotspot\src\share\vm\prims\jvm.cpp, line 1312]
Event: 1.236 Thread 0x0000000002df0800 Exception <a 'java/security/PrivilegedActionException'> (0x00000000ec5b79a8) thrown at [D:\re\workspace\8-2-build-windows-amd64-cygwin\jdk8u25\1677\hotspot\src\share\vm\prims\jvm.cpp, line 1312]
Event: 1.237 Thread 0x0000000002df0800 Exception <a 'java/security/PrivilegedActionException'> (0x00000000ec5ba1d8) thrown at [D:\re\workspace\8-2-build-windows-amd64-cygwin\jdk8u25\1677\hotspot\src\share\vm\prims\jvm.cpp, line 1312]
Event: 1.575 Thread 0x0000000002df0800 Exception <a 'java/security/PrivilegedActionException'> (0x00000000ec917f00) thrown at [D:\re\workspace\8-2-build-windows-amd64-cygwin\jdk8u25\1677\hotspot\src\share\vm\prims\jvm.cpp, line 1312]
Event: 2.365 Thread 0x0000000018623000 Exception <a 'java/security/PrivilegedActionException'> (0x00000000eaee7ed8) thrown at [D:\re\workspace\8-2-build-windows-amd64-cygwin\jdk8u25\1677\hotspot\src\share\vm\prims\jvm.cpp, line 1312]

Events (10 events):
Event: 2.378 Thread 0x0000000018623000 Uncommon trap: trap_request=0xffffffde fr.pc=0x00000000031e806c
Event: 2.379 Thread 0x0000000018623000 DEOPT PACKING pc=0x00000000031e806c sp=0x00000000192fe670
Event: 2.379 Thread 0x0000000018623000 DEOPT UNPACKING pc=0x0000000002f3556a sp=0x00000000192fe5a8 mode 2
Event: 2.666 Executing VM operation: ForceSafepoint
Event: 2.666 Executing VM operation: ForceSafepoint done
Event: 2.672 Thread 0x0000000018614000 Uncommon trap: trap_request=0xffffffad fr.pc=0x00000000031b609c
Event: 2.672 Thread 0x0000000018614000 DEOPT PACKING pc=0x00000000031b609c sp=0x0000000018efe640
Event: 2.672 Thread 0x0000000018614000 DEOPT UNPACKING pc=0x0000000002f3556a sp=0x0000000018efe5e0 mode 2
Event: 2.734 Executing VM operation: ParallelGCFailedAllocation
Event: 3.201 Executing VM operation: ParallelGCFailedAllocation done


Dynamic libraries:
0x00007ff6a4b00000 - 0x00007ff6a4b34000 	C:\Program Files\Java\jdk1.8.0_25\bin\java.exe
0x00007ffca8790000 - 0x00007ffca893d000 	C:\WINDOWS\SYSTEM32\ntdll.dll
0x00007ffca83a0000 - 0x00007ffca84de000 	C:\WINDOWS\system32\KERNEL32.DLL
0x00007ffca5c90000 - 0x00007ffca5da5000 	C:\WINDOWS\system32\KERNELBASE.dll
0x00007ffca4460000 - 0x00007ffca44ee000 	C:\WINDOWS\system32\apphelp.dll
0x00007ffc98a30000 - 0x00007ffc98a83000 	C:\WINDOWS\AppPatch\AppPatch64\AcGenral.DLL
0x00007ffca69a0000 - 0x00007ffca6a4a000 	C:\WINDOWS\system32\msvcrt.dll
0x00007ffca5710000 - 0x00007ffca573e000 	C:\WINDOWS\SYSTEM32\SspiCli.dll
0x00007ffca63b0000 - 0x00007ffca6404000 	C:\WINDOWS\system32\SHLWAPI.dll
0x00007ffca6820000 - 0x00007ffca6997000 	C:\WINDOWS\system32\USER32.dll
0x00007ffca6410000 - 0x00007ffca65a4000 	C:\WINDOWS\system32\ole32.dll
0x00007ffca6e70000 - 0x00007ffca839a000 	C:\WINDOWS\system32\SHELL32.dll
0x00007ffca4e80000 - 0x00007ffca4ea1000 	C:\WINDOWS\SYSTEM32\USERENV.dll
0x00007ffca6100000 - 0x00007ffca61aa000 	C:\WINDOWS\system32\ADVAPI32.dll
0x00007ffc9b110000 - 0x00007ffc9b12e000 	C:\WINDOWS\SYSTEM32\MPR.dll
0x00007ffca8640000 - 0x00007ffca8781000 	C:\WINDOWS\system32\RPCRT4.dll
0x00007ffca65c0000 - 0x00007ffca6619000 	C:\WINDOWS\SYSTEM32\sechost.dll
0x00007ffca5ee0000 - 0x00007ffca60f1000 	C:\WINDOWS\SYSTEM32\combase.dll
0x00007ffca61b0000 - 0x00007ffca6300000 	C:\WINDOWS\system32\GDI32.dll
0x00007ffca58e0000 - 0x00007ffca58f5000 	C:\WINDOWS\SYSTEM32\profapi.dll
0x00007ffca3c80000 - 0x00007ffca3d32000 	C:\WINDOWS\SYSTEM32\SHCORE.dll
0x00007ffca6310000 - 0x00007ffca6346000 	C:\WINDOWS\system32\IMM32.DLL
0x00007ffca84e0000 - 0x00007ffca8632000 	C:\WINDOWS\system32\MSCTF.dll
0x00007ffca0620000 - 0x00007ffca089b000 	C:\WINDOWS\WinSxS\amd64_microsoft.windows.common-controls_6595b64144ccf1df_6.0.9600.18006_none_623f33d3ecbe86e8\COMCTL32.dll
0x0000000065040000 - 0x0000000065112000 	C:\Program Files\Java\jdk1.8.0_25\jre\bin\msvcr100.dll
0x00000000654c0000 - 0x0000000065d1a000 	C:\Program Files\Java\jdk1.8.0_25\jre\bin\server\jvm.dll
0x00007ffc9cb20000 - 0x00007ffc9cb29000 	C:\WINDOWS\SYSTEM32\WSOCK32.dll
0x00007ffc9a480000 - 0x00007ffc9a4a2000 	C:\WINDOWS\SYSTEM32\WINMM.dll
0x00007ffca6810000 - 0x00007ffca6817000 	C:\WINDOWS\system32\PSAPI.DLL
0x00007ffca6e10000 - 0x00007ffca6e6a000 	C:\WINDOWS\system32\WS2_32.dll
0x00007ffc99580000 - 0x00007ffc995aa000 	C:\WINDOWS\SYSTEM32\WINMMBASE.dll
0x00007ffca6800000 - 0x00007ffca6809000 	C:\WINDOWS\system32\NSI.dll
0x00007ffca5c40000 - 0x00007ffca5c8f000 	C:\WINDOWS\SYSTEM32\cfgmgr32.dll
0x00007ffca46e0000 - 0x00007ffca4708000 	C:\WINDOWS\SYSTEM32\DEVOBJ.dll
0x00000000654b0000 - 0x00000000654bf000 	C:\Program Files\Java\jdk1.8.0_25\jre\bin\verify.dll
0x0000000065480000 - 0x00000000654a8000 	C:\Program Files\Java\jdk1.8.0_25\jre\bin\java.dll
0x0000000065460000 - 0x0000000065476000 	C:\Program Files\Java\jdk1.8.0_25\jre\bin\zip.dll
0x00007ffc7c8c0000 - 0x00007ffc7ca49000 	C:\WINDOWS\SYSTEM32\dbghelp.dll

VM Arguments:
jvm_args: -Xmx1024M -Dfile.encoding=windows-1252 -Duser.country=US -Duser.language=en -Duser.variant 
java_command: com.android.dx.command.Main --dex --num-threads=4 --output D:\sources\Rabbitmq\app\build\intermediates\pre-dexed\debug\classes-53e8d7e1b3833f9e2793805366a428facc96c43f.jar D:\sources\Rabbitmq\app\build\intermediates\exploded-aar\com.android.support\support-v4\24.0.0\jars\classes.jar
java_class_path (initial): C:\Users\Ali Haider\AppData\Local\Android\sdk\build-tools\24.0.0-preview\lib\dx.jar
Launcher Type: SUN_STANDARD

Environment Variables:
JAVA_HOME=C:\Program Files\Java\jdk1.8.0_25
PATH=C:\Program Files (x86)\Common Files\NetSarang;C:\WINDOWS\system32;C:\WINDOWS;C:\WINDOWS\System32\Wbem;C:\WINDOWS\System32\WindowsPowerShell\v1.0\;C:\Program Files\TortoiseSVN\bin;C:\Program Files (x86)\Git\cmd;C:\Program Files (x86)\Git\bin;C:\Program Files (x86)\Skype\Phone\;C:\Program Files (x86)\ATI Technologies\ATI.ACE\Core-Static;C:\wamp\bin\mysql\mysql5.6.12\bin;C:\Python26;C:\Python26\Scripts;C:\Python26\Lib\site-packages\django\bin;C:\Program Files\Java\jdk1.8.0_25\bin;C:\Users\Ali Haider\AppData\Local\Android\sdk\tools;C:\Users\Ali Haider\AppData\Local\Android\sdk\platform-tools
USERNAME=Hina Khan
OS=Windows_NT
PROCESSOR_IDENTIFIER=Intel64 Family 6 Model 42 Stepping 7, GenuineIntel



---------------  S Y S T E M  ---------------

OS: Windows 8.1 , 64 bit Build 9600 

CPU:total 8 (4 cores per cpu, 2 threads per core) family 6 model 42 stepping 7, cmov, cx8, fxsr, mmx, sse, sse2, sse3, ssse3, sse4.1, sse4.2, popcnt, avx, aes, clmul, ht, tsc, tscinvbit

Memory: 4k page, physical 8321388k(1313004k free), swap 11467116k(5052k free)

vm_info: Java HotSpot(TM) 64-Bit Server VM (25.25-b02) for windows-amd64 JRE (1.8.0_25-b18), built on Oct  7 2014 14:25:37 by "java_re" with MS VC++ 10.0 (VS2010)

time: Sat Jun 25 01:15:21 2016
elapsed time: 3 seconds (0d 0h 0m 3s)

