#
# There is insufficient memory for the Java Runtime Environment to continue.
# Native memory allocation (malloc) failed to allocate 1563056 bytes for Chunk::new
# Possible reasons:
#   The system is out of physical RAM or swap space
#   In 32 bit mode, the process size limit was hit
# Possible solutions:
#   Reduce memory load on the system
#   Increase physical memory or swap space
#   Check if swap backing store is full
#   Use 64 bit Java on a 64 bit OS
#   Decrease Java heap size (-Xmx/-Xms)
#   Decrease number of Java threads
#   Decrease Java thread stack sizes (-Xss)
#   Set larger code cache with -XX:ReservedCodeCacheSize=
# This output file may be truncated or incomplete.
#
#  Out of Memory Error (allocation.cpp:390), pid=6968, tid=10928
#
# JRE version: Java(TM) SE Runtime Environment (8.0_25-b18) (build 1.8.0_25-b18)
# Java VM: Java HotSpot(TM) 64-Bit Server VM (25.25-b02 mixed mode windows-amd64 compressed oops)
# Failed to write core dump. Minidumps are not enabled by default on client versions of Windows
#

---------------  T H R E A D  ---------------

Current thread (0x000000001768b800):  JavaThread "C2 CompilerThread1" daemon [_thread_in_native, id=10928, stack(0x0000000017d50000,0x0000000017e50000)]

Stack: [0x0000000017d50000,0x0000000017e50000]
Native frames: (J=compiled Java code, j=interpreted, Vv=VM code, C=native code)
V  [jvm.dll+0x31667a]
V  [jvm.dll+0x267073]
V  [jvm.dll+0x267cb3]
V  [jvm.dll+0x25f5b5]
V  [jvm.dll+0xbf165]
V  [jvm.dll+0xbf60c]
V  [jvm.dll+0x45d672]
V  [jvm.dll+0x49e8ef]
V  [jvm.dll+0x452b41]
V  [jvm.dll+0x453864]
V  [jvm.dll+0x437372]
V  [jvm.dll+0x98a02]
V  [jvm.dll+0x991f3]
V  [jvm.dll+0x22bde4]
V  [jvm.dll+0x2852fa]
C  [msvcr100.dll+0x21d9f]
C  [msvcr100.dll+0x21e3b]
C  [KERNEL32.DLL+0x13d2]
C  [ntdll.dll+0x154e4]


Current CompileTask:
C2:   2629 1527   !   4       com.android.dx.cf.code.BytecodeArray::parseInstruction (2764 bytes)


---------------  P R O C E S S  ---------------

Java Threads: ( => current thread )
  0x000000001792b000 JavaThread "pool-1-thread-4" [_thread_in_Java, id=6296, stack(0x0000000018e50000,0x0000000018f50000)]
  0x0000000017a0d000 JavaThread "pool-1-thread-3" [_thread_in_Java, id=11256, stack(0x0000000018d50000,0x0000000018e50000)]
  0x0000000017943000 JavaThread "pool-1-thread-2" [_thread_in_Java, id=5284, stack(0x0000000018c50000,0x0000000018d50000)]
  0x0000000017951000 JavaThread "pool-2-thread-1" [_thread_blocked, id=10276, stack(0x0000000018b50000,0x0000000018c50000)]
  0x0000000018293000 JavaThread "pool-1-thread-1" [_thread_in_Java, id=1584, stack(0x0000000018a50000,0x0000000018b50000)]
  0x000000001771f800 JavaThread "Service Thread" daemon [_thread_blocked, id=9760, stack(0x0000000018050000,0x0000000018150000)]
  0x00000000176dd000 JavaThread "C1 CompilerThread3" daemon [_thread_blocked, id=5844, stack(0x0000000017f50000,0x0000000018050000)]
  0x00000000176c6000 JavaThread "C2 CompilerThread2" daemon [_thread_in_native, id=6240, stack(0x0000000017e50000,0x0000000017f50000)]
=>0x000000001768b800 JavaThread "C2 CompilerThread1" daemon [_thread_in_native, id=10928, stack(0x0000000017d50000,0x0000000017e50000)]
  0x0000000017675800 JavaThread "C2 CompilerThread0" daemon [_thread_in_native, id=10336, stack(0x0000000017c50000,0x0000000017d50000)]
  0x0000000017674800 JavaThread "Attach Listener" daemon [_thread_blocked, id=9932, stack(0x0000000017b50000,0x0000000017c50000)]
  0x0000000017673800 JavaThread "Signal Dispatcher" daemon [_thread_blocked, id=6984, stack(0x0000000017a50000,0x0000000017b50000)]
  0x0000000002b37800 JavaThread "Finalizer" daemon [_thread_blocked, id=7596, stack(0x0000000017550000,0x0000000017650000)]
  0x000000001565c800 JavaThread "Reference Handler" daemon [_thread_blocked, id=5452, stack(0x0000000017450000,0x0000000017550000)]
  0x0000000002a40800 JavaThread "main" [_thread_in_vm, id=6332, stack(0x0000000002940000,0x0000000002a40000)]

Other Threads:
  0x0000000015658800 VMThread [stack: 0x0000000017350000,0x0000000017450000] [id=3880]
  0x0000000017720800 WatcherThread [stack: 0x0000000018150000,0x0000000018250000] [id=11064]

VM state:not at safepoint (normal execution)

VM Mutex/Monitor currently owned by a thread: None

Heap:
 PSYoungGen      total 71680K, used 33265K [0x00000000eab00000, 0x00000000ef600000, 0x0000000100000000)
  eden space 66560K, 42% used [0x00000000eab00000,0x00000000ec67f608,0x00000000eec00000)
  from space 5120K, 99% used [0x00000000ef100000,0x00000000ef5fd1b8,0x00000000ef600000)
  to   space 5120K, 0% used [0x00000000eec00000,0x00000000eec00000,0x00000000ef100000)
 ParOldGen       total 87552K, used 6129K [0x00000000c0000000, 0x00000000c5580000, 0x00000000eab00000)
  object space 87552K, 7% used [0x00000000c0000000,0x00000000c05fc740,0x00000000c5580000)
 Metaspace       used 6205K, capacity 7088K, committed 7296K, reserved 1056768K
  class space    used 588K, capacity 616K, committed 640K, reserved 1048576K

Card table byte_map: [0x0000000011f00000,0x0000000012110000] byte_map_base: 0x0000000011900000

Marking Bits: (ParMarkBitMap*) 0x0000000065c9d490
 Begin Bits: [0x0000000012a70000, 0x0000000013a70000)
 End Bits:   [0x0000000013a70000, 0x0000000014a70000)

Polling page: 0x0000000002820000

CodeCache: size=245760Kb used=6822Kb max_used=6822Kb free=238937Kb
 bounds [0x0000000002b40000, 0x00000000031f0000, 0x0000000011b40000]
 total_blobs=1956 nmethods=1692 adapters=178
 compilation: enabled

Compilation events (10 events):
Event: 2.593 Thread 0x00000000176dd000 nmethod 1688 0x00000000031c6fd0 code [0x00000000031c72a0, 0x00000000031c87a8]
Event: 2.593 Thread 0x00000000176dd000 1692       3       com.android.dx.rop.type.Type::asUninitialized (140 bytes)
Event: 2.595 Thread 0x00000000176dd000 nmethod 1692 0x00000000031d5510 code [0x00000000031d5840, 0x00000000031d7438]
Event: 2.595 Thread 0x00000000176dd000 1693       3       com.android.dx.dex.file.AnnotationUtils::makeCstArray (57 bytes)
Event: 2.597 Thread 0x00000000176dd000 nmethod 1693 0x00000000031d8050 code [0x00000000031d82c0, 0x00000000031d92f8]
Event: 2.597 Thread 0x00000000176dd000 1699       3       com.android.dx.ssa.back.FirstFitLocalCombiningAllocator::handleInvokeRangeInsns (36 bytes)
Event: 2.598 Thread 0x00000000176dd000 nmethod 1699 0x00000000031d9d50 code [0x00000000031d9f20, 0x00000000031da558]
Event: 2.598 Thread 0x00000000176dd000 1698       3       com.android.dx.ssa.back.FirstFitLocalCombiningAllocator::allocateRegisters (37 bytes)
Event: 2.598 Thread 0x00000000176dd000 nmethod 1698 0x00000000031da890 code [0x00000000031daa80, 0x00000000031dafb8]
Event: 2.598 Thread 0x00000000176dd000 1706       3       com.android.dx.ssa.ConstCollector::run (236 bytes)

GC Heap History (4 events):
Event: 1.324 GC heap before
{Heap before GC invocations=1 (full 0):
 PSYoungGen      total 38400K, used 33280K [0x00000000eab00000, 0x00000000ed580000, 0x0000000100000000)
  eden space 33280K, 100% used [0x00000000eab00000,0x00000000ecb80000,0x00000000ecb80000)
  from space 5120K, 0% used [0x00000000ed080000,0x00000000ed080000,0x00000000ed580000)
  to   space 5120K, 0% used [0x00000000ecb80000,0x00000000ecb80000,0x00000000ed080000)
 ParOldGen       total 87552K, used 0K [0x00000000c0000000, 0x00000000c5580000, 0x00000000eab00000)
  object space 87552K, 0% used [0x00000000c0000000,0x00000000c0000000,0x00000000c5580000)
 Metaspace       used 5897K, capacity 6896K, committed 7040K, reserved 1056768K
  class space    used 583K, capacity 616K, committed 640K, reserved 1048576K
Event: 1.469 GC heap after
Heap after GC invocations=1 (full 0):
 PSYoungGen      total 38400K, used 5113K [0x00000000eab00000, 0x00000000ef600000, 0x0000000100000000)
  eden space 33280K, 0% used [0x00000000eab00000,0x00000000eab00000,0x00000000ecb80000)
  from space 5120K, 99% used [0x00000000ecb80000,0x00000000ed07e460,0x00000000ed080000)
  to   space 5120K, 0% used [0x00000000ef100000,0x00000000ef100000,0x00000000ef600000)
 ParOldGen       total 87552K, used 1128K [0x00000000c0000000, 0x00000000c5580000, 0x00000000eab00000)
  object space 87552K, 1% used [0x00000000c0000000,0x00000000c011a068,0x00000000c5580000)
 Metaspace       used 5897K, capacity 6896K, committed 7040K, reserved 1056768K
  class space    used 583K, capacity 616K, committed 640K, reserved 1048576K
}
Event: 2.070 GC heap before
{Heap before GC invocations=2 (full 0):
 PSYoungGen      total 38400K, used 38393K [0x00000000eab00000, 0x00000000ef600000, 0x0000000100000000)
  eden space 33280K, 100% used [0x00000000eab00000,0x00000000ecb80000,0x00000000ecb80000)
  from space 5120K, 99% used [0x00000000ecb80000,0x00000000ed07e460,0x00000000ed080000)
  to   space 5120K, 0% used [0x00000000ef100000,0x00000000ef100000,0x00000000ef600000)
 ParOldGen       total 87552K, used 1128K [0x00000000c0000000, 0x00000000c5580000, 0x00000000eab00000)
  object space 87552K, 1% used [0x00000000c0000000,0x00000000c011a068,0x00000000c5580000)
 Metaspace       used 6135K, capacity 7088K, committed 7296K, reserved 1056768K
  class space    used 588K, capacity 616K, committed 640K, reserved 1048576K
Event: 2.277 GC heap after
Heap after GC invocations=2 (full 0):
 PSYoungGen      total 71680K, used 5108K [0x00000000eab00000, 0x00000000ef600000, 0x0000000100000000)
  eden space 66560K, 0% used [0x00000000eab00000,0x00000000eab00000,0x00000000eec00000)
  from space 5120K, 99% used [0x00000000ef100000,0x00000000ef5fd1b8,0x00000000ef600000)
  to   space 5120K, 0% used [0x00000000eec00000,0x00000000eec00000,0x00000000ef100000)
 ParOldGen       total 87552K, used 6129K [0x00000000c0000000, 0x00000000c5580000, 0x00000000eab00000)
  object space 87552K, 7% used [0x00000000c0000000,0x00000000c05fc740,0x00000000c5580000)
 Metaspace       used 6135K, capacity 7088K, committed 7296K, reserved 1056768K
  class space    used 588K, capacity 616K, committed 640K, reserved 1048576K
}

Deoptimization events (10 events):
Event: 1.621 Thread 0x0000000018293000 Uncommon trap: reason=class_check action=maybe_recompile pc=0x0000000002fa76d4 method=com.android.dx.ssa.NormalSsaInsn.accept(Lcom/android/dx/ssa/SsaInsn$Visitor;)V @ 9
Event: 1.621 Thread 0x0000000018293000 Uncommon trap: reason=class_check action=maybe_recompile pc=0x0000000002d936f0 method=com.android.dx.ssa.NormalSsaInsn.accept(Lcom/android/dx/ssa/SsaInsn$Visitor;)V @ 9
Event: 1.717 Thread 0x0000000017943000 Uncommon trap: reason=class_check action=maybe_recompile pc=0x0000000003085054 method=com.android.dx.ssa.NormalSsaInsn.accept(Lcom/android/dx/ssa/SsaInsn$Visitor;)V @ 9
Event: 1.778 Thread 0x0000000017943000 Uncommon trap: reason=bimorphic action=maybe_recompile pc=0x00000000030b0918 method=com.android.dx.cf.code.BytecodeArray.parseInstruction(ILcom/android/dx/cf/code/BytecodeArray$Visitor;)I @ 907
Event: 1.778 Thread 0x0000000017943000 Uncommon trap: reason=bimorphic action=maybe_recompile pc=0x00000000030b0918 method=com.android.dx.cf.code.BytecodeArray.parseInstruction(ILcom/android/dx/cf/code/BytecodeArray$Visitor;)I @ 907
Event: 1.787 Thread 0x0000000002a40800 Uncommon trap: reason=unloaded action=reinterpret pc=0x000000000302b22c method=com.android.dx.cf.cst.ConstantPoolParser.parse0(ILjava/util/BitSet;)Lcom/android/dx/rop/cst/Constant; @ 475
Event: 1.801 Thread 0x0000000017943000 Uncommon trap: reason=unreached action=reinterpret pc=0x0000000002ee259c method=com.android.dx.ssa.SsaMethod.updateOneDefinition(Lcom/android/dx/ssa/SsaInsn;Lcom/android/dx/rop/code/RegisterSpec;)V @ 4
Event: 1.809 Thread 0x0000000018293000 Uncommon trap: reason=null_check action=make_not_entrant pc=0x0000000002e32ba0 method=com.android.dx.rop.type.Type.equals(Ljava/lang/Object;)Z @ 8
Event: 1.812 Thread 0x0000000018293000 Uncommon trap: reason=bimorphic action=maybe_recompile pc=0x00000000030b0918 method=com.android.dx.cf.code.BytecodeArray.parseInstruction(ILcom/android/dx/cf/code/BytecodeArray$Visitor;)I @ 907
Event: 1.812 Thread 0x0000000018293000 Uncommon trap: reason=bimorphic action=maybe_recompile pc=0x00000000030b0918 method=com.android.dx.cf.code.BytecodeArray.parseInstruction(ILcom/android/dx/cf/code/BytecodeArray$Visitor;)I @ 907

Internal exceptions (10 events):
Event: 0.873 Thread 0x0000000018293000 Exception <a 'java/security/PrivilegedActionException'> (0x00000000ebd7f868) thrown at [D:\re\workspace\8-2-build-windows-amd64-cygwin\jdk8u25\1677\hotspot\src\share\vm\prims\jvm.cpp, line 1312]
Event: 0.876 Thread 0x0000000018293000 Exception <a 'java/security/PrivilegedActionException'> (0x00000000ebe34618) thrown at [D:\re\workspace\8-2-build-windows-amd64-cygwin\jdk8u25\1677\hotspot\src\share\vm\prims\jvm.cpp, line 1312]
Event: 1.470 Thread 0x0000000002a40800 Exception <a 'java/security/PrivilegedActionException'> (0x00000000eab03310) thrown at [D:\re\workspace\8-2-build-windows-amd64-cygwin\jdk8u25\1677\hotspot\src\share\vm\prims\jvm.cpp, line 1312]
Event: 1.499 Thread 0x0000000002a40800 Exception <a 'java/security/PrivilegedActionException'> (0x00000000eae98038) thrown at [D:\re\workspace\8-2-build-windows-amd64-cygwin\jdk8u25\1677\hotspot\src\share\vm\prims\jvm.cpp, line 1312]
Event: 1.533 Thread 0x0000000017943000 Implicit null exception at 0x0000000002f67e23 to 0x0000000002f68fed
Event: 1.777 Thread 0x0000000017943000 Exception <a 'java/security/PrivilegedActionException'> (0x00000000eb573670) thrown at [D:\re\workspace\8-2-build-windows-amd64-cygwin\jdk8u25\1677\hotspot\src\share\vm\prims\jvm.cpp, line 1312]
Event: 1.797 Thread 0x0000000002a40800 Exception <a 'java/security/PrivilegedActionException'> (0x00000000eb71d1a0) thrown at [D:\re\workspace\8-2-build-windows-amd64-cygwin\jdk8u25\1677\hotspot\src\share\vm\prims\jvm.cpp, line 1312]
Event: 1.801 Thread 0x0000000017943000 Exception <a 'java/security/PrivilegedActionException'> (0x00000000eb838048) thrown at [D:\re\workspace\8-2-build-windows-amd64-cygwin\jdk8u25\1677\hotspot\src\share\vm\prims\jvm.cpp, line 1312]
Event: 1.809 Thread 0x0000000018293000 Implicit null exception at 0x0000000002e32aa2 to 0x0000000002e32b92
Event: 1.881 Thread 0x0000000017a0d000 Exception <a 'java/security/PrivilegedActionException'> (0x00000000ec27ca60) thrown at [D:\re\workspace\8-2-build-windows-amd64-cygwin\jdk8u25\1677\hotspot\src\share\vm\prims\jvm.cpp, line 1312]

Events (10 events):
Event: 1.881 loading class com/android/dx/cf/code/SwitchList
Event: 1.881 loading class com/android/dx/cf/code/SwitchList done
Event: 1.965 Executing VM operation: ParallelGCFailedAllocation
Event: 2.277 Executing VM operation: ParallelGCFailedAllocation done
Event: 2.474 Thread 0x0000000017943000 DEOPT PACKING pc=0x000000000319251c sp=0x0000000018d4e580
Event: 2.474 Thread 0x0000000017943000 DEOPT UNPACKING pc=0x0000000002b875bf sp=0x0000000018d4e320 mode 0
Event: 2.475 Thread 0x0000000017943000 DEOPT PACKING pc=0x000000000319251c sp=0x0000000018d4e580
Event: 2.475 Thread 0x0000000017943000 DEOPT UNPACKING pc=0x0000000002b875bf sp=0x0000000018d4e320 mode 0
Event: 2.489 Thread 0x0000000018293000 DEOPT PACKING pc=0x0000000003080037 sp=0x0000000018b4eab0
Event: 2.489 Thread 0x0000000018293000 DEOPT UNPACKING pc=0x0000000002b875bf sp=0x0000000018b4e820 mode 0


Dynamic libraries:
0x00007ff6a4b00000 - 0x00007ff6a4b34000 	C:\Program Files\Java\jdk1.8.0_25\bin\java.exe
0x00007ffca8790000 - 0x00007ffca893d000 	C:\WINDOWS\SYSTEM32\ntdll.dll
0x00007ffca83a0000 - 0x00007ffca84de000 	C:\WINDOWS\system32\KERNEL32.DLL
0x00007ffca5c90000 - 0x00007ffca5da5000 	C:\WINDOWS\system32\KERNELBASE.dll
0x00007ffca4460000 - 0x00007ffca44ee000 	C:\WINDOWS\system32\apphelp.dll
0x00007ffc98a30000 - 0x00007ffc98a83000 	C:\WINDOWS\AppPatch\AppPatch64\AcGenral.DLL
0x00007ffca69a0000 - 0x00007ffca6a4a000 	C:\WINDOWS\system32\msvcrt.dll
0x00007ffca5710000 - 0x00007ffca573e000 	C:\WINDOWS\SYSTEM32\SspiCli.dll
0x00007ffca63b0000 - 0x00007ffca6404000 	C:\WINDOWS\system32\SHLWAPI.dll
0x00007ffca6820000 - 0x00007ffca6997000 	C:\WINDOWS\system32\USER32.dll
0x00007ffca6410000 - 0x00007ffca65a4000 	C:\WINDOWS\system32\ole32.dll
0x00007ffca6e70000 - 0x00007ffca839a000 	C:\WINDOWS\system32\SHELL32.dll
0x00007ffca4e80000 - 0x00007ffca4ea1000 	C:\WINDOWS\SYSTEM32\USERENV.dll
0x00007ffca6100000 - 0x00007ffca61aa000 	C:\WINDOWS\system32\ADVAPI32.dll
0x00007ffc9b110000 - 0x00007ffc9b12e000 	C:\WINDOWS\SYSTEM32\MPR.dll
0x00007ffca8640000 - 0x00007ffca8781000 	C:\WINDOWS\system32\RPCRT4.dll
0x00007ffca65c0000 - 0x00007ffca6619000 	C:\WINDOWS\SYSTEM32\sechost.dll
0x00007ffca5ee0000 - 0x00007ffca60f1000 	C:\WINDOWS\SYSTEM32\combase.dll
0x00007ffca61b0000 - 0x00007ffca6300000 	C:\WINDOWS\system32\GDI32.dll
0x00007ffca58e0000 - 0x00007ffca58f5000 	C:\WINDOWS\SYSTEM32\profapi.dll
0x00007ffca3c80000 - 0x00007ffca3d32000 	C:\WINDOWS\SYSTEM32\SHCORE.dll
0x00007ffca6310000 - 0x00007ffca6346000 	C:\WINDOWS\system32\IMM32.DLL
0x00007ffca84e0000 - 0x00007ffca8632000 	C:\WINDOWS\system32\MSCTF.dll
0x00007ffca0620000 - 0x00007ffca089b000 	C:\WINDOWS\WinSxS\amd64_microsoft.windows.common-controls_6595b64144ccf1df_6.0.9600.18006_none_623f33d3ecbe86e8\COMCTL32.dll
0x0000000065040000 - 0x0000000065112000 	C:\Program Files\Java\jdk1.8.0_25\jre\bin\msvcr100.dll
0x00000000654c0000 - 0x0000000065d1a000 	C:\Program Files\Java\jdk1.8.0_25\jre\bin\server\jvm.dll
0x00007ffc9cb20000 - 0x00007ffc9cb29000 	C:\WINDOWS\SYSTEM32\WSOCK32.dll
0x00007ffc9a480000 - 0x00007ffc9a4a2000 	C:\WINDOWS\SYSTEM32\WINMM.dll
0x00007ffca6810000 - 0x00007ffca6817000 	C:\WINDOWS\system32\PSAPI.DLL
0x00007ffca6e10000 - 0x00007ffca6e6a000 	C:\WINDOWS\system32\WS2_32.dll
0x00007ffc99580000 - 0x00007ffc995aa000 	C:\WINDOWS\SYSTEM32\WINMMBASE.dll
0x00007ffca6800000 - 0x00007ffca6809000 	C:\WINDOWS\system32\NSI.dll
0x00007ffca5c40000 - 0x00007ffca5c8f000 	C:\WINDOWS\SYSTEM32\cfgmgr32.dll
0x00007ffca46e0000 - 0x00007ffca4708000 	C:\WINDOWS\SYSTEM32\DEVOBJ.dll
0x00000000654b0000 - 0x00000000654bf000 	C:\Program Files\Java\jdk1.8.0_25\jre\bin\verify.dll
0x0000000065480000 - 0x00000000654a8000 	C:\Program Files\Java\jdk1.8.0_25\jre\bin\java.dll
0x0000000065460000 - 0x0000000065476000 	C:\Program Files\Java\jdk1.8.0_25\jre\bin\zip.dll
0x00007ffc7c8c0000 - 0x00007ffc7ca49000 	C:\WINDOWS\SYSTEM32\dbghelp.dll

VM Arguments:
jvm_args: -Xmx1024M -Dfile.encoding=windows-1252 -Duser.country=US -Duser.language=en -Duser.variant 
java_command: com.android.dx.command.Main --dex --num-threads=4 --output D:\sources\Rabbitmq\app\build\intermediates\pre-dexed\debug\rabbitmq-client-3dc7033c4de63411b662ef306fcf34f57fb99f2c.jar D:\sources\Rabbitmq\app\libs\rabbitmq-client.jar
java_class_path (initial): C:\Users\Ali Haider\AppData\Local\Android\sdk\build-tools\24.0.0-preview\lib\dx.jar
Launcher Type: SUN_STANDARD

Environment Variables:
JAVA_HOME=C:\Program Files\Java\jdk1.8.0_25
PATH=C:\Program Files (x86)\Common Files\NetSarang;C:\WINDOWS\system32;C:\WINDOWS;C:\WINDOWS\System32\Wbem;C:\WINDOWS\System32\WindowsPowerShell\v1.0\;C:\Program Files\TortoiseSVN\bin;C:\Program Files (x86)\Git\cmd;C:\Program Files (x86)\Git\bin;C:\Program Files (x86)\Skype\Phone\;C:\Program Files (x86)\ATI Technologies\ATI.ACE\Core-Static;C:\wamp\bin\mysql\mysql5.6.12\bin;C:\Python26;C:\Python26\Scripts;C:\Python26\Lib\site-packages\django\bin;C:\Program Files\Java\jdk1.8.0_25\bin;C:\Users\Ali Haider\AppData\Local\Android\sdk\tools;C:\Users\Ali Haider\AppData\Local\Android\sdk\platform-tools
USERNAME=Hina Khan
OS=Windows_NT
PROCESSOR_IDENTIFIER=Intel64 Family 6 Model 42 Stepping 7, GenuineIntel



---------------  S Y S T E M  ---------------

OS: Windows 8.1 , 64 bit Build 9600 

CPU:total 8 (4 cores per cpu, 2 threads per core) family 6 model 42 stepping 7, cmov, cx8, fxsr, mmx, sse, sse2, sse3, ssse3, sse4.1, sse4.2, popcnt, avx, aes, clmul, ht, tsc, tscinvbit

Memory: 4k page, physical 8321388k(1386600k free), swap 11467116k(7652k free)

vm_info: Java HotSpot(TM) 64-Bit Server VM (25.25-b02) for windows-amd64 JRE (1.8.0_25-b18), built on Oct  7 2014 14:25:37 by "java_re" with MS VC++ 10.0 (VS2010)

time: Sat Jun 25 01:27:00 2016
elapsed time: 2 seconds (0d 0h 0m 2s)

