#
# There is insufficient memory for the Java Runtime Environment to continue.
# Native memory allocation (malloc) failed to allocate 32744 bytes for ChunkPool::allocate
# Possible reasons:
#   The system is out of physical RAM or swap space
#   In 32 bit mode, the process size limit was hit
# Possible solutions:
#   Reduce memory load on the system
#   Increase physical memory or swap space
#   Check if swap backing store is full
#   Use 64 bit Java on a 64 bit OS
#   Decrease Java heap size (-Xmx/-Xms)
#   Decrease number of Java threads
#   Decrease Java thread stack sizes (-Xss)
#   Set larger code cache with -XX:ReservedCodeCacheSize=
# This output file may be truncated or incomplete.
#
#  Out of Memory Error (allocation.cpp:273), pid=6532, tid=9812
#
# JRE version: Java(TM) SE Runtime Environment (8.0_25-b18) (build 1.8.0_25-b18)
# Java VM: Java HotSpot(TM) 64-Bit Server VM (25.25-b02 mixed mode windows-amd64 compressed oops)
# Failed to write core dump. Minidumps are not enabled by default on client versions of Windows
#

---------------  T H R E A D  ---------------

Current thread (0x00000000177c9000):  JavaThread "C2 CompilerThread1" daemon [_thread_in_native, id=9812, stack(0x0000000017ea0000,0x0000000017fa0000)]

Stack: [0x0000000017ea0000,0x0000000017fa0000]
Native frames: (J=compiled Java code, j=interpreted, Vv=VM code, C=native code)
V  [jvm.dll+0x31667a]


Current CompileTask:
C2:    278  159       4       java.util.regex.Pattern$BnM::optimize (179 bytes)


---------------  P R O C E S S  ---------------

Java Threads: ( => current thread )
  0x0000000017849000 JavaThread "Service Thread" daemon [_thread_blocked, id=9500, stack(0x00000000181a0000,0x00000000182a0000)]
  0x0000000017822800 JavaThread "C1 CompilerThread3" daemon [_thread_blocked, id=3196, stack(0x00000000180a0000,0x00000000181a0000)]
  0x00000000177e7800 JavaThread "C2 CompilerThread2" daemon [_thread_in_native, id=700, stack(0x0000000017fa0000,0x00000000180a0000)]
=>0x00000000177c9000 JavaThread "C2 CompilerThread1" daemon [_thread_in_native, id=9812, stack(0x0000000017ea0000,0x0000000017fa0000)]
  0x00000000177c5800 JavaThread "C2 CompilerThread0" daemon [_thread_in_native, id=4088, stack(0x0000000017da0000,0x0000000017ea0000)]
  0x00000000177c4800 JavaThread "Attach Listener" daemon [_thread_blocked, id=11448, stack(0x0000000017ca0000,0x0000000017da0000)]
  0x00000000177c3800 JavaThread "Signal Dispatcher" daemon [_thread_blocked, id=11984, stack(0x0000000017ba0000,0x0000000017ca0000)]
  0x0000000002ca7800 JavaThread "Finalizer" daemon [_thread_blocked, id=9276, stack(0x00000000176a0000,0x00000000177a0000)]
  0x00000000157cc800 JavaThread "Reference Handler" daemon [_thread_blocked, id=8972, stack(0x00000000175a0000,0x00000000176a0000)]
  0x0000000002bb0800 JavaThread "main" [_thread_in_vm, id=11928, stack(0x0000000002ab0000,0x0000000002bb0000)]

Other Threads:
  0x00000000157c8800 VMThread [stack: 0x00000000174a0000,0x00000000175a0000] [id=4224]
  0x000000001784a800 WatcherThread [stack: 0x00000000182a0000,0x00000000183a0000] [id=5884]

VM state:not at safepoint (normal execution)

VM Mutex/Monitor currently owned by a thread: None

Heap:
 PSYoungGen      total 38400K, used 4700K [0x00000000eab00000, 0x00000000ed580000, 0x0000000100000000)
  eden space 33280K, 14% used [0x00000000eab00000,0x00000000eaf97170,0x00000000ecb80000)
  from space 5120K, 0% used [0x00000000ed080000,0x00000000ed080000,0x00000000ed580000)
  to   space 5120K, 0% used [0x00000000ecb80000,0x00000000ecb80000,0x00000000ed080000)
 ParOldGen       total 87552K, used 0K [0x00000000c0000000, 0x00000000c5580000, 0x00000000eab00000)
  object space 87552K, 0% used [0x00000000c0000000,0x00000000c0000000,0x00000000c5580000)
 Metaspace       used 3463K, capacity 4720K, committed 4864K, reserved 1056768K
  class space    used 375K, capacity 424K, committed 512K, reserved 1048576K

Card table byte_map: [0x0000000012070000,0x0000000012280000] byte_map_base: 0x0000000011a70000

Marking Bits: (ParMarkBitMap*) 0x0000000065c9d490
 Begin Bits: [0x0000000012be0000, 0x0000000013be0000)
 End Bits:   [0x0000000013be0000, 0x0000000014be0000)

Polling page: 0x00000000012b0000

CodeCache: size=245760Kb used=1389Kb max_used=1401Kb free=244371Kb
 bounds [0x0000000002cb0000, 0x0000000002f20000, 0x0000000011cb0000]
 total_blobs=404 nmethods=158 adapters=160
 compilation: enabled

Compilation events (10 events):
Event: 0.252 Thread 0x0000000017822800  156       3       com.android.dx.cf.direct.ClassPathOpener$3::compare (13 bytes)
Event: 0.252 Thread 0x0000000017822800 nmethod 156 0x0000000002e07c10 code [0x0000000002e07da0, 0x0000000002e08308]
Event: 0.252 Thread 0x0000000017822800  157       3       com.android.dx.cf.direct.ClassPathOpener$3::compare (12 bytes)
Event: 0.253 Thread 0x0000000017822800 nmethod 157 0x0000000002e047d0 code [0x0000000002e04940, 0x0000000002e04c68]
Event: 0.253 Thread 0x0000000017822800  158       3       com.android.dx.cf.direct.ClassPathOpener::access$000 (6 bytes)
Event: 0.253 Thread 0x0000000017822800 nmethod 158 0x0000000002e07890 code [0x0000000002e07a00, 0x0000000002e07b68]
Event: 0.260 Thread 0x00000000177e7800 nmethod 153% 0x0000000002e0e910 code [0x0000000002e0ea80, 0x0000000002e0ef98]
Event: 0.260 Thread 0x00000000177c9000  159       4       java.util.regex.Pattern$BnM::optimize (179 bytes)
Event: 0.263 Thread 0x00000000177c5800  160 %     4       java.lang.String::replace @ 55 (127 bytes)
Event: 0.263 Thread 0x00000000177e7800  161       4       java.util.regex.Matcher::search (109 bytes)

GC Heap History (0 events):
No events

Deoptimization events (0 events):
No events

Internal exceptions (10 events):
Event: 0.193 Thread 0x0000000002bb0800 Exception <a 'java/security/PrivilegedActionException'> (0x00000000eada4630) thrown at [D:\re\workspace\8-2-build-windows-amd64-cygwin\jdk8u25\1677\hotspot\src\share\vm\prims\jvm.cpp, line 1312]
Event: 0.194 Thread 0x0000000002bb0800 Exception <a 'java/security/PrivilegedActionException'> (0x00000000eada6990) thrown at [D:\re\workspace\8-2-build-windows-amd64-cygwin\jdk8u25\1677\hotspot\src\share\vm\prims\jvm.cpp, line 1312]
Event: 0.195 Thread 0x0000000002bb0800 Exception <a 'java/security/PrivilegedActionException'> (0x00000000eadab838) thrown at [D:\re\workspace\8-2-build-windows-amd64-cygwin\jdk8u25\1677\hotspot\src\share\vm\prims\jvm.cpp, line 1312]
Event: 0.196 Thread 0x0000000002bb0800 Exception <a 'java/security/PrivilegedActionException'> (0x00000000eadaff88) thrown at [D:\re\workspace\8-2-build-windows-amd64-cygwin\jdk8u25\1677\hotspot\src\share\vm\prims\jvm.cpp, line 1312]
Event: 0.197 Thread 0x0000000002bb0800 Exception <a 'java/security/PrivilegedActionException'> (0x00000000eadb4c80) thrown at [D:\re\workspace\8-2-build-windows-amd64-cygwin\jdk8u25\1677\hotspot\src\share\vm\prims\jvm.cpp, line 1312]
Event: 0.197 Thread 0x0000000002bb0800 Exception <a 'java/security/PrivilegedActionException'> (0x00000000eadb9570) thrown at [D:\re\workspace\8-2-build-windows-amd64-cygwin\jdk8u25\1677\hotspot\src\share\vm\prims\jvm.cpp, line 1312]
Event: 0.204 Thread 0x0000000002bb0800 Exception <a 'java/security/PrivilegedActionException'> (0x00000000eadc2eb8) thrown at [D:\re\workspace\8-2-build-windows-amd64-cygwin\jdk8u25\1677\hotspot\src\share\vm\prims\jvm.cpp, line 1312]
Event: 0.205 Thread 0x0000000002bb0800 Exception <a 'java/security/PrivilegedActionException'> (0x00000000eadc8970) thrown at [D:\re\workspace\8-2-build-windows-amd64-cygwin\jdk8u25\1677\hotspot\src\share\vm\prims\jvm.cpp, line 1312]
Event: 0.206 Thread 0x0000000002bb0800 Exception <a 'java/security/PrivilegedActionException'> (0x00000000eadcadd8) thrown at [D:\re\workspace\8-2-build-windows-amd64-cygwin\jdk8u25\1677\hotspot\src\share\vm\prims\jvm.cpp, line 1312]
Event: 0.229 Thread 0x0000000002bb0800 Exception <a 'java/security/PrivilegedActionException'> (0x00000000eae03fa8) thrown at [D:\re\workspace\8-2-build-windows-amd64-cygwin\jdk8u25\1677\hotspot\src\share\vm\prims\jvm.cpp, line 1312]

Events (10 events):
Event: 0.231 loading class java/util/regex/Pattern$SliceNode done
Event: 0.231 loading class java/util/regex/Pattern$Slice done
Event: 0.231 loading class java/util/regex/Pattern$BnM
Event: 0.232 loading class java/util/regex/Pattern$BnM done
Event: 0.232 loading class java/util/regex/Pattern$SliceS
Event: 0.232 loading class java/util/regex/Pattern$SliceS done
Event: 0.232 loading class java/util/regex/Matcher
Event: 0.232 loading class java/util/regex/MatchResult
Event: 0.233 loading class java/util/regex/MatchResult done
Event: 0.233 loading class java/util/regex/Matcher done


Dynamic libraries:
0x00007ff6a4b00000 - 0x00007ff6a4b34000 	C:\Program Files\Java\jdk1.8.0_25\bin\java.exe
0x00007ffca8790000 - 0x00007ffca893d000 	C:\WINDOWS\SYSTEM32\ntdll.dll
0x00007ffca83a0000 - 0x00007ffca84de000 	C:\WINDOWS\system32\KERNEL32.DLL
0x00007ffca5c90000 - 0x00007ffca5da5000 	C:\WINDOWS\system32\KERNELBASE.dll
0x00007ffca4460000 - 0x00007ffca44ee000 	C:\WINDOWS\system32\apphelp.dll
0x00007ffc98a30000 - 0x00007ffc98a83000 	C:\WINDOWS\AppPatch\AppPatch64\AcGenral.DLL
0x00007ffca69a0000 - 0x00007ffca6a4a000 	C:\WINDOWS\system32\msvcrt.dll
0x00007ffca5710000 - 0x00007ffca573e000 	C:\WINDOWS\SYSTEM32\SspiCli.dll
0x00007ffca63b0000 - 0x00007ffca6404000 	C:\WINDOWS\system32\SHLWAPI.dll
0x00007ffca6820000 - 0x00007ffca6997000 	C:\WINDOWS\system32\USER32.dll
0x00007ffca6410000 - 0x00007ffca65a4000 	C:\WINDOWS\system32\ole32.dll
0x00007ffca6e70000 - 0x00007ffca839a000 	C:\WINDOWS\system32\SHELL32.dll
0x00007ffca4e80000 - 0x00007ffca4ea1000 	C:\WINDOWS\SYSTEM32\USERENV.dll
0x00007ffca6100000 - 0x00007ffca61aa000 	C:\WINDOWS\system32\ADVAPI32.dll
0x00007ffc9b110000 - 0x00007ffc9b12e000 	C:\WINDOWS\SYSTEM32\MPR.dll
0x00007ffca8640000 - 0x00007ffca8781000 	C:\WINDOWS\system32\RPCRT4.dll
0x00007ffca65c0000 - 0x00007ffca6619000 	C:\WINDOWS\SYSTEM32\sechost.dll
0x00007ffca5ee0000 - 0x00007ffca60f1000 	C:\WINDOWS\SYSTEM32\combase.dll
0x00007ffca61b0000 - 0x00007ffca6300000 	C:\WINDOWS\system32\GDI32.dll
0x00007ffca58e0000 - 0x00007ffca58f5000 	C:\WINDOWS\SYSTEM32\profapi.dll
0x00007ffca3c80000 - 0x00007ffca3d32000 	C:\WINDOWS\SYSTEM32\SHCORE.dll
0x00007ffca6310000 - 0x00007ffca6346000 	C:\WINDOWS\system32\IMM32.DLL
0x00007ffca84e0000 - 0x00007ffca8632000 	C:\WINDOWS\system32\MSCTF.dll
0x00007ffca0620000 - 0x00007ffca089b000 	C:\WINDOWS\WinSxS\amd64_microsoft.windows.common-controls_6595b64144ccf1df_6.0.9600.18006_none_623f33d3ecbe86e8\COMCTL32.dll
0x0000000065040000 - 0x0000000065112000 	C:\Program Files\Java\jdk1.8.0_25\jre\bin\msvcr100.dll
0x00000000654c0000 - 0x0000000065d1a000 	C:\Program Files\Java\jdk1.8.0_25\jre\bin\server\jvm.dll
0x00007ffc9cb20000 - 0x00007ffc9cb29000 	C:\WINDOWS\SYSTEM32\WSOCK32.dll
0x00007ffc9a480000 - 0x00007ffc9a4a2000 	C:\WINDOWS\SYSTEM32\WINMM.dll
0x00007ffca6810000 - 0x00007ffca6817000 	C:\WINDOWS\system32\PSAPI.DLL
0x00007ffca6e10000 - 0x00007ffca6e6a000 	C:\WINDOWS\system32\WS2_32.dll
0x00007ffc99580000 - 0x00007ffc995aa000 	C:\WINDOWS\SYSTEM32\WINMMBASE.dll
0x00007ffca6800000 - 0x00007ffca6809000 	C:\WINDOWS\system32\NSI.dll
0x00007ffca5c40000 - 0x00007ffca5c8f000 	C:\WINDOWS\SYSTEM32\cfgmgr32.dll
0x00007ffca46e0000 - 0x00007ffca4708000 	C:\WINDOWS\SYSTEM32\DEVOBJ.dll
0x00000000654b0000 - 0x00000000654bf000 	C:\Program Files\Java\jdk1.8.0_25\jre\bin\verify.dll
0x0000000065480000 - 0x00000000654a8000 	C:\Program Files\Java\jdk1.8.0_25\jre\bin\java.dll
0x0000000065460000 - 0x0000000065476000 	C:\Program Files\Java\jdk1.8.0_25\jre\bin\zip.dll

VM Arguments:
jvm_args: -Xmx1024M -Dfile.encoding=windows-1252 -Duser.country=US -Duser.language=en -Duser.variant 
java_command: com.android.dx.command.Main --dex --num-threads=4 --output D:\sources\Rabbitmq\app\build\intermediates\pre-dexed\debug\rabbitmq-client-tests-6cb14282e9884dd7cb4595851ccd5b37de8a5579.jar D:\sources\Rabbitmq\app\libs\rabbitmq-client-tests.jar
java_class_path (initial): C:\Users\Ali Haider\AppData\Local\Android\sdk\build-tools\24.0.0-preview\lib\dx.jar
Launcher Type: SUN_STANDARD

Environment Variables:
JAVA_HOME=C:\Program Files\Java\jdk1.8.0_25
PATH=C:\Program Files (x86)\Common Files\NetSarang;C:\WINDOWS\system32;C:\WINDOWS;C:\WINDOWS\System32\Wbem;C:\WINDOWS\System32\WindowsPowerShell\v1.0\;C:\Program Files\TortoiseSVN\bin;C:\Program Files (x86)\Git\cmd;C:\Program Files (x86)\Git\bin;C:\Program Files (x86)\Skype\Phone\;C:\Program Files (x86)\ATI Technologies\ATI.ACE\Core-Static;C:\wamp\bin\mysql\mysql5.6.12\bin;C:\Python26;C:\Python26\Scripts;C:\Python26\Lib\site-packages\django\bin;C:\Program Files\Java\jdk1.8.0_25\bin;C:\Users\Ali Haider\AppData\Local\Android\sdk\tools;C:\Users\Ali Haider\AppData\Local\Android\sdk\platform-tools
USERNAME=Hina Khan
OS=Windows_NT
PROCESSOR_IDENTIFIER=Intel64 Family 6 Model 42 Stepping 7, GenuineIntel



---------------  S Y S T E M  ---------------

OS: Windows 8.1 , 64 bit Build 9600 

CPU:total 8 (4 cores per cpu, 2 threads per core) family 6 model 42 stepping 7, cmov, cx8, fxsr, mmx, sse, sse2, sse3, ssse3, sse4.1, sse4.2, popcnt, avx, aes, clmul, ht, tsc, tscinvbit

Memory: 4k page, physical 8321388k(1562220k free), swap 11467116k(4920k free)

vm_info: Java HotSpot(TM) 64-Bit Server VM (25.25-b02) for windows-amd64 JRE (1.8.0_25-b18), built on Oct  7 2014 14:25:37 by "java_re" with MS VC++ 10.0 (VS2010)

time: Sat Jun 25 01:26:58 2016
elapsed time: 0 seconds (0d 0h 0m 0s)

