#
# There is insufficient memory for the Java Runtime Environment to continue.
# Native memory allocation (malloc) failed to allocate 1644016 bytes for Chunk::new
# Possible reasons:
#   The system is out of physical RAM or swap space
#   In 32 bit mode, the process size limit was hit
# Possible solutions:
#   Reduce memory load on the system
#   Increase physical memory or swap space
#   Check if swap backing store is full
#   Use 64 bit Java on a 64 bit OS
#   Decrease Java heap size (-Xmx/-Xms)
#   Decrease number of Java threads
#   Decrease Java thread stack sizes (-Xss)
#   Set larger code cache with -XX:ReservedCodeCacheSize=
# This output file may be truncated or incomplete.
#
#  Out of Memory Error (allocation.cpp:390), pid=7708, tid=568
#
# JRE version: Java(TM) SE Runtime Environment (8.0_25-b18) (build 1.8.0_25-b18)
# Java VM: Java HotSpot(TM) 64-Bit Server VM (25.25-b02 mixed mode windows-amd64 compressed oops)
# Failed to write core dump. Minidumps are not enabled by default on client versions of Windows
#

---------------  T H R E A D  ---------------

Current thread (0x0000000016acf000):  JavaThread "C2 CompilerThread2" daemon [_thread_in_native, id=568, stack(0x00000000172a0000,0x00000000173a0000)]

Stack: [0x00000000172a0000,0x00000000173a0000]
Native frames: (J=compiled Java code, j=interpreted, Vv=VM code, C=native code)
V  [jvm.dll+0x31667a]


Current CompileTask:
C2:   2065 1299   !   4       com.android.dx.cf.code.BytecodeArray::parseInstruction (2764 bytes)


---------------  P R O C E S S  ---------------

Java Threads: ( => current thread )
  0x00000000176a0800 JavaThread "pool-1-thread-4" [_thread_blocked, id=8952, stack(0x00000000182a0000,0x00000000183a0000)]
  0x0000000016de0000 JavaThread "pool-1-thread-3" [_thread_in_Java, id=12052, stack(0x00000000181a0000,0x00000000182a0000)]
  0x00000000176d9800 JavaThread "pool-1-thread-2" [_thread_in_Java, id=3696, stack(0x00000000180a0000,0x00000000181a0000)]
  0x00000000176f4800 JavaThread "pool-2-thread-1" [_thread_blocked, id=9792, stack(0x0000000017fa0000,0x00000000180a0000)]
  0x00000000176f3800 JavaThread "pool-1-thread-1" [_thread_blocked, id=9252, stack(0x0000000017ea0000,0x0000000017fa0000)]
  0x0000000016b6b800 JavaThread "Service Thread" daemon [_thread_blocked, id=7904, stack(0x00000000174a0000,0x00000000175a0000)]
  0x0000000016ad2000 JavaThread "C1 CompilerThread3" daemon [_thread_in_native, id=3044, stack(0x00000000173a0000,0x00000000174a0000)]
=>0x0000000016acf000 JavaThread "C2 CompilerThread2" daemon [_thread_in_native, id=568, stack(0x00000000172a0000,0x00000000173a0000)]
  0x0000000016ac9000 JavaThread "C2 CompilerThread1" daemon [_thread_blocked, id=4244, stack(0x00000000171a0000,0x00000000172a0000)]
  0x0000000016ac5800 JavaThread "C2 CompilerThread0" daemon [_thread_blocked, id=10344, stack(0x00000000170a0000,0x00000000171a0000)]
  0x0000000016ac4000 JavaThread "Attach Listener" daemon [_thread_blocked, id=10548, stack(0x0000000016fa0000,0x00000000170a0000)]
  0x0000000014abe800 JavaThread "Signal Dispatcher" daemon [_thread_blocked, id=11672, stack(0x0000000016ea0000,0x0000000016fa0000)]
  0x0000000001f67800 JavaThread "Finalizer" daemon [_thread_blocked, id=3960, stack(0x00000000169a0000,0x0000000016aa0000)]
  0x0000000014aac800 JavaThread "Reference Handler" daemon [_thread_blocked, id=6408, stack(0x00000000168a0000,0x00000000169a0000)]
  0x0000000001e70800 JavaThread "main" [_thread_blocked, id=4932, stack(0x0000000001d70000,0x0000000001e70000)]

Other Threads:
  0x0000000014aa8800 VMThread [stack: 0x00000000167a0000,0x00000000168a0000] [id=2288]
  0x0000000016b6c800 WatcherThread [stack: 0x00000000175a0000,0x00000000176a0000] [id=10324]

VM state:not at safepoint (normal execution)

VM Mutex/Monitor currently owned by a thread: None

Heap:
 PSYoungGen      total 38400K, used 8082K [0x00000000eab00000, 0x00000000ef600000, 0x0000000100000000)
  eden space 33280K, 8% used [0x00000000eab00000,0x00000000eade65f0,0x00000000ecb80000)
  from space 5120K, 99% used [0x00000000ecb80000,0x00000000ed07e490,0x00000000ed080000)
  to   space 5120K, 0% used [0x00000000ef100000,0x00000000ef100000,0x00000000ef600000)
 ParOldGen       total 87552K, used 1261K [0x00000000c0000000, 0x00000000c5580000, 0x00000000eab00000)
  object space 87552K, 1% used [0x00000000c0000000,0x00000000c013b4a0,0x00000000c5580000)
 Metaspace       used 5978K, capacity 6960K, committed 7040K, reserved 1056768K
  class space    used 586K, capacity 616K, committed 640K, reserved 1048576K

Card table byte_map: [0x0000000011330000,0x0000000011540000] byte_map_base: 0x0000000010d30000

Marking Bits: (ParMarkBitMap*) 0x0000000065c9d490
 Begin Bits: [0x0000000011ea0000, 0x0000000012ea0000)
 End Bits:   [0x0000000012ea0000, 0x0000000013ea0000)

Polling page: 0x0000000000420000

CodeCache: size=245760Kb used=5205Kb max_used=5216Kb free=240554Kb
 bounds [0x0000000001f70000, 0x0000000002490000, 0x0000000010f70000]
 total_blobs=1605 nmethods=1341 adapters=178
 compilation: enabled

Compilation events (10 events):
Event: 2.058 Thread 0x0000000016ad2000 nmethod 1339 0x000000000248af10 code [0x000000000248b060, 0x000000000248b1d0]
Event: 2.058 Thread 0x0000000016ad2000 1340       3       com.android.dx.cf.iface.StdMethodList::get (9 bytes)
Event: 2.059 Thread 0x0000000016ad2000 nmethod 1340 0x000000000248a9d0 code [0x000000000248ab40, 0x000000000248ae48]
Event: 2.059 Thread 0x0000000016ad2000 1341       3       com.android.dx.rop.code.AccessFlags::isPrivate (12 bytes)
Event: 2.059 Thread 0x0000000016ad2000 nmethod 1341 0x000000000248a650 code [0x000000000248a7a0, 0x000000000248a930]
Event: 2.059 Thread 0x0000000016ad2000 1342       3       com.android.dx.rop.type.Type::isArray (19 bytes)
Event: 2.059 Thread 0x0000000016ad2000 nmethod 1342 0x0000000002489f90 code [0x000000000248a120, 0x000000000248a4c8]
Event: 2.059 Thread 0x0000000016ad2000 1332       3       com.android.dx.cf.code.Simulator$SimVisitor::visitNoArgs (2136 bytes)
Event: 2.060 Thread 0x0000000016ac5800 1345       4       java.util.HashMap::newNode (13 bytes)
Event: 2.061 Thread 0x0000000016ac5800 nmethod 1345 0x0000000002488790 code [0x00000000024888e0, 0x00000000024889f8]

GC Heap History (2 events):
Event: 1.751 GC heap before
{Heap before GC invocations=1 (full 0):
 PSYoungGen      total 38400K, used 33280K [0x00000000eab00000, 0x00000000ed580000, 0x0000000100000000)
  eden space 33280K, 100% used [0x00000000eab00000,0x00000000ecb80000,0x00000000ecb80000)
  from space 5120K, 0% used [0x00000000ed080000,0x00000000ed080000,0x00000000ed580000)
  to   space 5120K, 0% used [0x00000000ecb80000,0x00000000ecb80000,0x00000000ed080000)
 ParOldGen       total 87552K, used 0K [0x00000000c0000000, 0x00000000c5580000, 0x00000000eab00000)
  object space 87552K, 0% used [0x00000000c0000000,0x00000000c0000000,0x00000000c5580000)
 Metaspace       used 5952K, capacity 6896K, committed 7040K, reserved 1056768K
  class space    used 586K, capacity 616K, committed 640K, reserved 1048576K
Event: 2.050 GC heap after
Heap after GC invocations=1 (full 0):
 PSYoungGen      total 38400K, used 5113K [0x00000000eab00000, 0x00000000ef600000, 0x0000000100000000)
  eden space 33280K, 0% used [0x00000000eab00000,0x00000000eab00000,0x00000000ecb80000)
  from space 5120K, 99% used [0x00000000ecb80000,0x00000000ed07e490,0x00000000ed080000)
  to   space 5120K, 0% used [0x00000000ef100000,0x00000000ef100000,0x00000000ef600000)
 ParOldGen       total 87552K, used 1261K [0x00000000c0000000, 0x00000000c5580000, 0x00000000eab00000)
  object space 87552K, 1% used [0x00000000c0000000,0x00000000c013b4a0,0x00000000c5580000)
 Metaspace       used 5952K, capacity 6896K, committed 7040K, reserved 1056768K
  class space    used 586K, capacity 616K, committed 640K, reserved 1048576K
}

Deoptimization events (10 events):
Event: 0.947 Thread 0x00000000176d9800 Uncommon trap: reason=class_check action=maybe_recompile pc=0x00000000021fb24c method=com.android.dx.ssa.NormalSsaInsn.accept(Lcom/android/dx/ssa/SsaInsn$Visitor;)V @ 9
Event: 0.948 Thread 0x00000000176d9800 Uncommon trap: reason=class_check action=maybe_recompile pc=0x00000000021fb24c method=com.android.dx.ssa.NormalSsaInsn.accept(Lcom/android/dx/ssa/SsaInsn$Visitor;)V @ 9
Event: 0.948 Thread 0x00000000176d9800 Uncommon trap: reason=class_check action=maybe_recompile pc=0x00000000021fb24c method=com.android.dx.ssa.NormalSsaInsn.accept(Lcom/android/dx/ssa/SsaInsn$Visitor;)V @ 9
Event: 0.949 Thread 0x00000000176d9800 Uncommon trap: reason=class_check action=maybe_recompile pc=0x00000000021fb24c method=com.android.dx.ssa.NormalSsaInsn.accept(Lcom/android/dx/ssa/SsaInsn$Visitor;)V @ 9
Event: 0.949 Thread 0x00000000176d9800 Uncommon trap: reason=class_check action=maybe_recompile pc=0x00000000021b56f0 method=com.android.dx.ssa.NormalSsaInsn.accept(Lcom/android/dx/ssa/SsaInsn$Visitor;)V @ 9
Event: 1.193 Thread 0x0000000016de0000 Uncommon trap: reason=bimorphic action=maybe_recompile pc=0x00000000022cfac8 method=com.android.dx.ssa.NormalSsaInsn.accept(Lcom/android/dx/ssa/SsaInsn$Visitor;)V @ 9
Event: 1.193 Thread 0x0000000016de0000 Uncommon trap: reason=bimorphic action=maybe_recompile pc=0x00000000022cfac8 method=com.android.dx.ssa.NormalSsaInsn.accept(Lcom/android/dx/ssa/SsaInsn$Visitor;)V @ 9
Event: 1.194 Thread 0x0000000016de0000 Uncommon trap: reason=bimorphic action=maybe_recompile pc=0x00000000022cfac8 method=com.android.dx.ssa.NormalSsaInsn.accept(Lcom/android/dx/ssa/SsaInsn$Visitor;)V @ 9
Event: 1.194 Thread 0x0000000016de0000 Uncommon trap: reason=bimorphic action=maybe_recompile pc=0x00000000022cfac8 method=com.android.dx.ssa.NormalSsaInsn.accept(Lcom/android/dx/ssa/SsaInsn$Visitor;)V @ 9
Event: 1.194 Thread 0x0000000016de0000 Uncommon trap: reason=bimorphic action=maybe_recompile pc=0x00000000022c5ac8 method=com.android.dx.ssa.NormalSsaInsn.accept(Lcom/android/dx/ssa/SsaInsn$Visitor;)V @ 9

Internal exceptions (10 events):
Event: 0.712 Thread 0x00000000176d9800 Exception <a 'java/security/PrivilegedActionException'> (0x00000000eb56dc20) thrown at [D:\re\workspace\8-2-build-windows-amd64-cygwin\jdk8u25\1677\hotspot\src\share\vm\prims\jvm.cpp, line 1312]
Event: 0.712 Thread 0x00000000176d9800 Exception <a 'java/security/PrivilegedActionException'> (0x00000000eb8b5618) thrown at [D:\re\workspace\8-2-build-windows-amd64-cygwin\jdk8u25\1677\hotspot\src\share\vm\prims\jvm.cpp, line 1312]
Event: 0.713 Thread 0x00000000176d9800 Exception <a 'java/security/PrivilegedActionException'> (0x00000000eb8bb190) thrown at [D:\re\workspace\8-2-build-windows-amd64-cygwin\jdk8u25\1677\hotspot\src\share\vm\prims\jvm.cpp, line 1312]
Event: 0.714 Thread 0x00000000176d9800 Exception <a 'java/security/PrivilegedActionException'> (0x00000000eb8c3f58) thrown at [D:\re\workspace\8-2-build-windows-amd64-cygwin\jdk8u25\1677\hotspot\src\share\vm\prims\jvm.cpp, line 1312]
Event: 0.715 Thread 0x00000000176d9800 Exception <a 'java/security/PrivilegedActionException'> (0x00000000eb8c9518) thrown at [D:\re\workspace\8-2-build-windows-amd64-cygwin\jdk8u25\1677\hotspot\src\share\vm\prims\jvm.cpp, line 1312]
Event: 0.726 Thread 0x00000000176f3800 Exception <a 'java/security/PrivilegedActionException'> (0x00000000eb6bca30) thrown at [D:\re\workspace\8-2-build-windows-amd64-cygwin\jdk8u25\1677\hotspot\src\share\vm\prims\jvm.cpp, line 1312]
Event: 0.726 Thread 0x0000000001e70800 Exception <a 'java/security/PrivilegedActionException'> (0x00000000eb49dd98) thrown at [D:\re\workspace\8-2-build-windows-amd64-cygwin\jdk8u25\1677\hotspot\src\share\vm\prims\jvm.cpp, line 1312]
Event: 0.736 Thread 0x0000000016de0000 Exception <a 'java/security/PrivilegedActionException'> (0x00000000eb892d10) thrown at [D:\re\workspace\8-2-build-windows-amd64-cygwin\jdk8u25\1677\hotspot\src\share\vm\prims\jvm.cpp, line 1312]
Event: 0.748 Thread 0x0000000001e70800 Exception <a 'java/security/PrivilegedActionException'> (0x00000000eb4b3348) thrown at [D:\re\workspace\8-2-build-windows-amd64-cygwin\jdk8u25\1677\hotspot\src\share\vm\prims\jvm.cpp, line 1312]
Event: 1.120 Thread 0x0000000001e70800 Exception <a 'java/security/PrivilegedActionException'> (0x00000000ec057bd0) thrown at [D:\re\workspace\8-2-build-windows-amd64-cygwin\jdk8u25\1677\hotspot\src\share\vm\prims\jvm.cpp, line 1312]

Events (10 events):
Event: 1.194 Thread 0x0000000016de0000 DEOPT PACKING pc=0x00000000022c5ac8 sp=0x000000001829e8b0
Event: 1.194 Thread 0x0000000016de0000 DEOPT UNPACKING pc=0x0000000001fb556a sp=0x000000001829e890 mode 2
Event: 1.194 loading class java/util/DualPivotQuicksort
Event: 1.195 loading class java/util/DualPivotQuicksort done
Event: 1.430 Executing VM operation: ForceSafepoint
Event: 1.431 Executing VM operation: ForceSafepoint done
Event: 1.751 Executing VM operation: ParallelGCFailedAllocation
Event: 2.050 Executing VM operation: ParallelGCFailedAllocation done
Event: 2.051 loading class sun/misc/Cleaner
Event: 2.051 loading class sun/misc/Cleaner done


Dynamic libraries:
0x00007ff6a4b00000 - 0x00007ff6a4b34000 	C:\Program Files\Java\jdk1.8.0_25\bin\java.exe
0x00007ffca8790000 - 0x00007ffca893d000 	C:\WINDOWS\SYSTEM32\ntdll.dll
0x00007ffca83a0000 - 0x00007ffca84de000 	C:\WINDOWS\system32\KERNEL32.DLL
0x00007ffca5c90000 - 0x00007ffca5da5000 	C:\WINDOWS\system32\KERNELBASE.dll
0x00007ffca4460000 - 0x00007ffca44ee000 	C:\WINDOWS\system32\apphelp.dll
0x00007ffc98a30000 - 0x00007ffc98a83000 	C:\WINDOWS\AppPatch\AppPatch64\AcGenral.DLL
0x00007ffca69a0000 - 0x00007ffca6a4a000 	C:\WINDOWS\system32\msvcrt.dll
0x00007ffca5710000 - 0x00007ffca573e000 	C:\WINDOWS\SYSTEM32\SspiCli.dll
0x00007ffca63b0000 - 0x00007ffca6404000 	C:\WINDOWS\system32\SHLWAPI.dll
0x00007ffca6820000 - 0x00007ffca6997000 	C:\WINDOWS\system32\USER32.dll
0x00007ffca6410000 - 0x00007ffca65a4000 	C:\WINDOWS\system32\ole32.dll
0x00007ffca6e70000 - 0x00007ffca839a000 	C:\WINDOWS\system32\SHELL32.dll
0x00007ffca4e80000 - 0x00007ffca4ea1000 	C:\WINDOWS\SYSTEM32\USERENV.dll
0x00007ffca6100000 - 0x00007ffca61aa000 	C:\WINDOWS\system32\ADVAPI32.dll
0x00007ffc9b110000 - 0x00007ffc9b12e000 	C:\WINDOWS\SYSTEM32\MPR.dll
0x00007ffca8640000 - 0x00007ffca8781000 	C:\WINDOWS\system32\RPCRT4.dll
0x00007ffca65c0000 - 0x00007ffca6619000 	C:\WINDOWS\SYSTEM32\sechost.dll
0x00007ffca5ee0000 - 0x00007ffca60f1000 	C:\WINDOWS\SYSTEM32\combase.dll
0x00007ffca61b0000 - 0x00007ffca6300000 	C:\WINDOWS\system32\GDI32.dll
0x00007ffca58e0000 - 0x00007ffca58f5000 	C:\WINDOWS\SYSTEM32\profapi.dll
0x00007ffca3c80000 - 0x00007ffca3d32000 	C:\WINDOWS\SYSTEM32\SHCORE.dll
0x00007ffca6310000 - 0x00007ffca6346000 	C:\WINDOWS\system32\IMM32.DLL
0x00007ffca84e0000 - 0x00007ffca8632000 	C:\WINDOWS\system32\MSCTF.dll
0x00007ffca0620000 - 0x00007ffca089b000 	C:\WINDOWS\WinSxS\amd64_microsoft.windows.common-controls_6595b64144ccf1df_6.0.9600.18006_none_623f33d3ecbe86e8\COMCTL32.dll
0x0000000065040000 - 0x0000000065112000 	C:\Program Files\Java\jdk1.8.0_25\jre\bin\msvcr100.dll
0x00000000654c0000 - 0x0000000065d1a000 	C:\Program Files\Java\jdk1.8.0_25\jre\bin\server\jvm.dll
0x00007ffc9cb20000 - 0x00007ffc9cb29000 	C:\WINDOWS\SYSTEM32\WSOCK32.dll
0x00007ffc9a480000 - 0x00007ffc9a4a2000 	C:\WINDOWS\SYSTEM32\WINMM.dll
0x00007ffca6810000 - 0x00007ffca6817000 	C:\WINDOWS\system32\PSAPI.DLL
0x00007ffca6e10000 - 0x00007ffca6e6a000 	C:\WINDOWS\system32\WS2_32.dll
0x00007ffc99580000 - 0x00007ffc995aa000 	C:\WINDOWS\SYSTEM32\WINMMBASE.dll
0x00007ffca6800000 - 0x00007ffca6809000 	C:\WINDOWS\system32\NSI.dll
0x00007ffca5c40000 - 0x00007ffca5c8f000 	C:\WINDOWS\SYSTEM32\cfgmgr32.dll
0x00007ffca46e0000 - 0x00007ffca4708000 	C:\WINDOWS\SYSTEM32\DEVOBJ.dll
0x00000000654b0000 - 0x00000000654bf000 	C:\Program Files\Java\jdk1.8.0_25\jre\bin\verify.dll
0x0000000065480000 - 0x00000000654a8000 	C:\Program Files\Java\jdk1.8.0_25\jre\bin\java.dll
0x0000000065460000 - 0x0000000065476000 	C:\Program Files\Java\jdk1.8.0_25\jre\bin\zip.dll

VM Arguments:
jvm_args: -Xmx1024M -Dfile.encoding=windows-1252 -Duser.country=US -Duser.language=en -Duser.variant 
java_command: com.android.dx.command.Main --dex --num-threads=4 --output D:\sources\Rabbitmq\app\build\intermediates\pre-dexed\debug\rabbitmq-client-tests-6cb14282e9884dd7cb4595851ccd5b37de8a5579.jar D:\sources\Rabbitmq\app\libs\rabbitmq-client-tests.jar
java_class_path (initial): C:\Users\Ali Haider\AppData\Local\Android\sdk\build-tools\24.0.0-preview\lib\dx.jar
Launcher Type: SUN_STANDARD

Environment Variables:
JAVA_HOME=C:\Program Files\Java\jdk1.8.0_25
PATH=C:\Program Files (x86)\Common Files\NetSarang;C:\WINDOWS\system32;C:\WINDOWS;C:\WINDOWS\System32\Wbem;C:\WINDOWS\System32\WindowsPowerShell\v1.0\;C:\Program Files\TortoiseSVN\bin;C:\Program Files (x86)\Git\cmd;C:\Program Files (x86)\Git\bin;C:\Program Files (x86)\Skype\Phone\;C:\Program Files (x86)\ATI Technologies\ATI.ACE\Core-Static;C:\wamp\bin\mysql\mysql5.6.12\bin;C:\Python26;C:\Python26\Scripts;C:\Python26\Lib\site-packages\django\bin;C:\Program Files\Java\jdk1.8.0_25\bin;C:\Users\Ali Haider\AppData\Local\Android\sdk\tools;C:\Users\Ali Haider\AppData\Local\Android\sdk\platform-tools
USERNAME=Hina Khan
OS=Windows_NT
PROCESSOR_IDENTIFIER=Intel64 Family 6 Model 42 Stepping 7, GenuineIntel



---------------  S Y S T E M  ---------------

OS: Windows 8.1 , 64 bit Build 9600 

CPU:total 8 (4 cores per cpu, 2 threads per core) family 6 model 42 stepping 7, cmov, cx8, fxsr, mmx, sse, sse2, sse3, ssse3, sse4.1, sse4.2, popcnt, avx, aes, clmul, ht, tsc, tscinvbit

Memory: 4k page, physical 8321388k(984432k free), swap 11467116k(5180k free)

vm_info: Java HotSpot(TM) 64-Bit Server VM (25.25-b02) for windows-amd64 JRE (1.8.0_25-b18), built on Oct  7 2014 14:25:37 by "java_re" with MS VC++ 10.0 (VS2010)

time: Sat Jun 25 01:32:42 2016
elapsed time: 2 seconds (0d 0h 0m 2s)

