#
# There is insufficient memory for the Java Runtime Environment to continue.
# Native memory allocation (malloc) failed to allocate 613856 bytes for Chunk::new
# Possible reasons:
#   The system is out of physical RAM or swap space
#   In 32 bit mode, the process size limit was hit
# Possible solutions:
#   Reduce memory load on the system
#   Increase physical memory or swap space
#   Check if swap backing store is full
#   Use 64 bit Java on a 64 bit OS
#   Decrease Java heap size (-Xmx/-Xms)
#   Decrease number of Java threads
#   Decrease Java thread stack sizes (-Xss)
#   Set larger code cache with -XX:ReservedCodeCacheSize=
# This output file may be truncated or incomplete.
#
#  Out of Memory Error (allocation.cpp:390), pid=4620, tid=9876
#
# JRE version: Java(TM) SE Runtime Environment (8.0_25-b18) (build 1.8.0_25-b18)
# Java VM: Java HotSpot(TM) 64-Bit Server VM (25.25-b02 mixed mode windows-amd64 compressed oops)
# Failed to write core dump. Minidumps are not enabled by default on client versions of Windows
#

---------------  T H R E A D  ---------------

Current thread (0x00000000169c9000):  JavaThread "C2 CompilerThread1" daemon [_thread_in_native, id=9876, stack(0x00000000170a0000,0x00000000171a0000)]

Stack: [0x00000000170a0000,0x00000000171a0000]
Native frames: (J=compiled Java code, j=interpreted, Vv=VM code, C=native code)
V  [jvm.dll+0x31667a]


Current CompileTask:
C2:   2945 1195       4       com.android.dx.ssa.SCCP::simulateStmt (481 bytes)


---------------  P R O C E S S  ---------------

Java Threads: ( => current thread )
  0x0000000016ca7000 JavaThread "pool-1-thread-4" [_thread_in_Java, id=6532, stack(0x00000000181a0000,0x00000000182a0000)]
  0x0000000016ca6000 JavaThread "pool-1-thread-3" [_thread_in_Java, id=6740, stack(0x00000000180a0000,0x00000000181a0000)]
  0x0000000016d67000 JavaThread "pool-1-thread-2" [_thread_in_Java, id=7496, stack(0x0000000017fa0000,0x00000000180a0000)]
  0x0000000016d43800 JavaThread "pool-2-thread-1" [_thread_blocked, id=4380, stack(0x0000000017ea0000,0x0000000017fa0000)]
  0x0000000016cc4800 JavaThread "pool-1-thread-1" [_thread_in_Java, id=8884, stack(0x0000000017da0000,0x0000000017ea0000)]
  0x00000000169d9800 JavaThread "Service Thread" daemon [_thread_blocked, id=4388, stack(0x00000000173a0000,0x00000000174a0000)]
  0x00000000169d0000 JavaThread "C1 CompilerThread3" daemon [_thread_in_native, id=3508, stack(0x00000000172a0000,0x00000000173a0000)]
  0x00000000169cb000 JavaThread "C2 CompilerThread2" daemon [_thread_in_native, id=7920, stack(0x00000000171a0000,0x00000000172a0000)]
=>0x00000000169c9000 JavaThread "C2 CompilerThread1" daemon [_thread_in_native, id=9876, stack(0x00000000170a0000,0x00000000171a0000)]
  0x00000000169c5800 JavaThread "C2 CompilerThread0" daemon [_thread_in_native, id=7140, stack(0x0000000016fa0000,0x00000000170a0000)]
  0x00000000169c4800 JavaThread "Attach Listener" daemon [_thread_blocked, id=10128, stack(0x0000000016ea0000,0x0000000016fa0000)]
  0x00000000169c3800 JavaThread "Signal Dispatcher" daemon [_thread_blocked, id=9480, stack(0x0000000016da0000,0x0000000016ea0000)]
  0x0000000001e82000 JavaThread "Finalizer" daemon [_thread_blocked, id=9792, stack(0x00000000168a0000,0x00000000169a0000)]
  0x0000000001e81800 JavaThread "Reference Handler" daemon [_thread_blocked, id=9252, stack(0x00000000167a0000,0x00000000168a0000)]
  0x0000000001d90800 JavaThread "main" [_thread_in_native, id=11532, stack(0x0000000001bc0000,0x0000000001cc0000)]

Other Threads:
  0x00000000149a8800 VMThread [stack: 0x00000000166a0000,0x00000000167a0000] [id=12084]
  0x00000000169db000 WatcherThread [stack: 0x00000000174a0000,0x00000000175a0000] [id=10060]

VM state:not at safepoint (normal execution)

VM Mutex/Monitor currently owned by a thread: None

Heap:
 PSYoungGen      total 38400K, used 12170K [0x00000000eab00000, 0x00000000ed580000, 0x0000000100000000)
  eden space 33280K, 21% used [0x00000000eab00000,0x00000000eb1e97b8,0x00000000ecb80000)
  from space 5120K, 99% used [0x00000000ecb80000,0x00000000ed079290,0x00000000ed080000)
  to   space 5120K, 0% used [0x00000000ed080000,0x00000000ed080000,0x00000000ed580000)
 ParOldGen       total 87552K, used 912K [0x00000000c0000000, 0x00000000c5580000, 0x00000000eab00000)
  object space 87552K, 1% used [0x00000000c0000000,0x00000000c00e40a0,0x00000000c5580000)
 Metaspace       used 5964K, capacity 6896K, committed 7040K, reserved 1056768K
  class space    used 588K, capacity 616K, committed 640K, reserved 1048576K

Card table byte_map: [0x0000000011250000,0x0000000011460000] byte_map_base: 0x0000000010c50000

Marking Bits: (ParMarkBitMap*) 0x0000000065c9d490
 Begin Bits: [0x0000000011dc0000, 0x0000000012dc0000)
 End Bits:   [0x0000000012dc0000, 0x0000000013dc0000)

Polling page: 0x0000000000450000

CodeCache: size=245760Kb used=4964Kb max_used=4964Kb free=240795Kb
 bounds [0x0000000001e90000, 0x0000000002370000, 0x0000000010e90000]
 total_blobs=1543 nmethods=1278 adapters=178
 compilation: enabled

Compilation events (10 events):
Event: 2.939 Thread 0x00000000169d0000 nmethod 1274 0x0000000002367b50 code [0x0000000002367ce0, 0x0000000002368068]
Event: 2.939 Thread 0x00000000169d0000 1275  s    3       com.android.dx.dex.file.StringIdsSection::intern (53 bytes)
Event: 2.939 Thread 0x00000000169d0000 nmethod 1275 0x00000000023681d0 code [0x00000000023683a0, 0x0000000002368cd8]
Event: 2.939 Thread 0x00000000169d0000 1278       3       com.android.dx.rop.cst.CstString::stringToUtf8Bytes (175 bytes)
Event: 2.940 Thread 0x00000000169d0000 nmethod 1278 0x0000000002369010 code [0x00000000023691e0, 0x0000000002369a58]
Event: 2.940 Thread 0x00000000169d0000 1281       3       com.android.dx.cf.code.LocalVariableList::<init> (6 bytes)
Event: 2.940 Thread 0x00000000169d0000 nmethod 1281 0x0000000002369e50 code [0x0000000002369fc0, 0x000000000236a148]
Event: 2.940 Thread 0x00000000169d0000 1276       1       com.android.dx.dex.file.DexFile::getStringIds (5 bytes)
Event: 2.941 Thread 0x00000000169d0000 nmethod 1276 0x000000000236a1d0 code [0x000000000236a320, 0x000000000236a430]
Event: 2.941 Thread 0x00000000169d0000 1280       3       com.android.dx.dex.file.IdItem::<init> (24 bytes)

GC Heap History (2 events):
Event: 2.807 GC heap before
{Heap before GC invocations=1 (full 0):
 PSYoungGen      total 38400K, used 33280K [0x00000000eab00000, 0x00000000ed580000, 0x0000000100000000)
  eden space 33280K, 100% used [0x00000000eab00000,0x00000000ecb80000,0x00000000ecb80000)
  from space 5120K, 0% used [0x00000000ed080000,0x00000000ed080000,0x00000000ed580000)
  to   space 5120K, 0% used [0x00000000ecb80000,0x00000000ecb80000,0x00000000ed080000)
 ParOldGen       total 87552K, used 0K [0x00000000c0000000, 0x00000000c5580000, 0x00000000eab00000)
  object space 87552K, 0% used [0x00000000c0000000,0x00000000c0000000,0x00000000c5580000)
 Metaspace       used 5916K, capacity 6896K, committed 7040K, reserved 1056768K
  class space    used 587K, capacity 616K, committed 640K, reserved 1048576K
Event: 2.894 GC heap after
Heap after GC invocations=1 (full 0):
 PSYoungGen      total 38400K, used 5092K [0x00000000eab00000, 0x00000000ed580000, 0x0000000100000000)
  eden space 33280K, 0% used [0x00000000eab00000,0x00000000eab00000,0x00000000ecb80000)
  from space 5120K, 99% used [0x00000000ecb80000,0x00000000ed079290,0x00000000ed080000)
  to   space 5120K, 0% used [0x00000000ed080000,0x00000000ed080000,0x00000000ed580000)
 ParOldGen       total 87552K, used 912K [0x00000000c0000000, 0x00000000c5580000, 0x00000000eab00000)
  object space 87552K, 1% used [0x00000000c0000000,0x00000000c00e40a0,0x00000000c5580000)
 Metaspace       used 5916K, capacity 6896K, committed 7040K, reserved 1056768K
  class space    used 587K, capacity 616K, committed 640K, reserved 1048576K
}

Deoptimization events (5 events):
Event: 1.770 Thread 0x0000000001d90800 Uncommon trap: reason=null_check action=make_not_entrant pc=0x000000000217d86c method=com.android.dx.ssa.SsaRenamer.getLocalForNewReg(I)Lcom/android/dx/rop/code/LocalItem; @ 19
Event: 1.772 Thread 0x0000000001d90800 Uncommon trap: reason=class_check action=maybe_recompile pc=0x00000000021765f0 method=com.android.dx.ssa.NormalSsaInsn.accept(Lcom/android/dx/ssa/SsaInsn$Visitor;)V @ 9
Event: 1.773 Thread 0x0000000001d90800 Uncommon trap: reason=class_check action=maybe_recompile pc=0x00000000021765f0 method=com.android.dx.ssa.NormalSsaInsn.accept(Lcom/android/dx/ssa/SsaInsn$Visitor;)V @ 9
Event: 1.773 Thread 0x0000000001d90800 Uncommon trap: reason=class_check action=maybe_recompile pc=0x00000000021765f0 method=com.android.dx.ssa.NormalSsaInsn.accept(Lcom/android/dx/ssa/SsaInsn$Visitor;)V @ 9
Event: 1.773 Thread 0x0000000001d90800 Uncommon trap: reason=class_check action=maybe_recompile pc=0x00000000021765f0 method=com.android.dx.ssa.NormalSsaInsn.accept(Lcom/android/dx/ssa/SsaInsn$Visitor;)V @ 9

Internal exceptions (10 events):
Event: 1.098 Thread 0x0000000001d90800 Exception <a 'java/security/PrivilegedActionException'> (0x00000000eb662148) thrown at [D:\re\workspace\8-2-build-windows-amd64-cygwin\jdk8u25\1677\hotspot\src\share\vm\prims\jvm.cpp, line 1312]
Event: 1.099 Thread 0x0000000001d90800 Exception <a 'java/security/PrivilegedActionException'> (0x00000000eb667c38) thrown at [D:\re\workspace\8-2-build-windows-amd64-cygwin\jdk8u25\1677\hotspot\src\share\vm\prims\jvm.cpp, line 1312]
Event: 1.102 Thread 0x0000000016d67000 Exception <a 'java/security/PrivilegedActionException'> (0x00000000eb82fa18) thrown at [D:\re\workspace\8-2-build-windows-amd64-cygwin\jdk8u25\1677\hotspot\src\share\vm\prims\jvm.cpp, line 1312]
Event: 1.105 Thread 0x0000000001d90800 Exception <a 'java/security/PrivilegedActionException'> (0x00000000eb67c920) thrown at [D:\re\workspace\8-2-build-windows-amd64-cygwin\jdk8u25\1677\hotspot\src\share\vm\prims\jvm.cpp, line 1312]
Event: 1.106 Thread 0x0000000001d90800 Exception <a 'java/security/PrivilegedActionException'> (0x00000000eb67fd20) thrown at [D:\re\workspace\8-2-build-windows-amd64-cygwin\jdk8u25\1677\hotspot\src\share\vm\prims\jvm.cpp, line 1312]
Event: 1.107 Thread 0x0000000016ca6000 Exception <a 'java/security/PrivilegedActionException'> (0x00000000eb908ee8) thrown at [D:\re\workspace\8-2-build-windows-amd64-cygwin\jdk8u25\1677\hotspot\src\share\vm\prims\jvm.cpp, line 1312]
Event: 1.111 Thread 0x0000000016d67000 Exception <a 'java/security/PrivilegedActionException'> (0x00000000eb841430) thrown at [D:\re\workspace\8-2-build-windows-amd64-cygwin\jdk8u25\1677\hotspot\src\share\vm\prims\jvm.cpp, line 1312]
Event: 1.170 Thread 0x0000000016d67000 Exception <a 'java/security/PrivilegedActionException'> (0x00000000eb891580) thrown at [D:\re\workspace\8-2-build-windows-amd64-cygwin\jdk8u25\1677\hotspot\src\share\vm\prims\jvm.cpp, line 1312]
Event: 1.770 Thread 0x0000000001d90800 Implicit null exception at 0x000000000217b7f0 to 0x000000000217d845
Event: 2.684 Thread 0x0000000001d90800 Exception <a 'java/security/PrivilegedActionException'> (0x00000000ec8ad948) thrown at [D:\re\workspace\8-2-build-windows-amd64-cygwin\jdk8u25\1677\hotspot\src\share\vm\prims\jvm.cpp, line 1312]

Events (10 events):
Event: 2.239 loading class java/util/TreeMap$EntryIterator
Event: 2.239 loading class java/util/TreeMap$EntryIterator done
Event: 2.507 Executing VM operation: ForceSafepoint
Event: 2.649 Executing VM operation: ForceSafepoint done
Event: 2.684 loading class com/android/dx/cf/attrib/AttAnnotationDefault
Event: 2.684 loading class com/android/dx/cf/attrib/AttAnnotationDefault done
Event: 2.689 Executing VM operation: ParallelGCFailedAllocation
Event: 2.894 Executing VM operation: ParallelGCFailedAllocation done
Event: 2.894 loading class sun/misc/Cleaner
Event: 2.894 loading class sun/misc/Cleaner done


Dynamic libraries:
0x00007ff6a4b00000 - 0x00007ff6a4b34000 	C:\Program Files\Java\jdk1.8.0_25\bin\java.exe
0x00007ffca8790000 - 0x00007ffca893d000 	C:\WINDOWS\SYSTEM32\ntdll.dll
0x00007ffca83a0000 - 0x00007ffca84de000 	C:\WINDOWS\system32\KERNEL32.DLL
0x00007ffca5c90000 - 0x00007ffca5da5000 	C:\WINDOWS\system32\KERNELBASE.dll
0x00007ffca4460000 - 0x00007ffca44ee000 	C:\WINDOWS\system32\apphelp.dll
0x00007ffc98a30000 - 0x00007ffc98a83000 	C:\WINDOWS\AppPatch\AppPatch64\AcGenral.DLL
0x00007ffca69a0000 - 0x00007ffca6a4a000 	C:\WINDOWS\system32\msvcrt.dll
0x00007ffca5710000 - 0x00007ffca573e000 	C:\WINDOWS\SYSTEM32\SspiCli.dll
0x00007ffca63b0000 - 0x00007ffca6404000 	C:\WINDOWS\system32\SHLWAPI.dll
0x00007ffca6820000 - 0x00007ffca6997000 	C:\WINDOWS\system32\USER32.dll
0x00007ffca6410000 - 0x00007ffca65a4000 	C:\WINDOWS\system32\ole32.dll
0x00007ffca6e70000 - 0x00007ffca839a000 	C:\WINDOWS\system32\SHELL32.dll
0x00007ffca4e80000 - 0x00007ffca4ea1000 	C:\WINDOWS\SYSTEM32\USERENV.dll
0x00007ffca6100000 - 0x00007ffca61aa000 	C:\WINDOWS\system32\ADVAPI32.dll
0x00007ffc9b110000 - 0x00007ffc9b12e000 	C:\WINDOWS\SYSTEM32\MPR.dll
0x00007ffca8640000 - 0x00007ffca8781000 	C:\WINDOWS\system32\RPCRT4.dll
0x00007ffca65c0000 - 0x00007ffca6619000 	C:\WINDOWS\SYSTEM32\sechost.dll
0x00007ffca5ee0000 - 0x00007ffca60f1000 	C:\WINDOWS\SYSTEM32\combase.dll
0x00007ffca61b0000 - 0x00007ffca6300000 	C:\WINDOWS\system32\GDI32.dll
0x00007ffca58e0000 - 0x00007ffca58f5000 	C:\WINDOWS\SYSTEM32\profapi.dll
0x00007ffca3c80000 - 0x00007ffca3d32000 	C:\WINDOWS\SYSTEM32\SHCORE.dll
0x00007ffca6310000 - 0x00007ffca6346000 	C:\WINDOWS\system32\IMM32.DLL
0x00007ffca84e0000 - 0x00007ffca8632000 	C:\WINDOWS\system32\MSCTF.dll
0x00007ffca0620000 - 0x00007ffca089b000 	C:\WINDOWS\WinSxS\amd64_microsoft.windows.common-controls_6595b64144ccf1df_6.0.9600.18006_none_623f33d3ecbe86e8\COMCTL32.dll
0x0000000065040000 - 0x0000000065112000 	C:\Program Files\Java\jdk1.8.0_25\jre\bin\msvcr100.dll
0x00000000654c0000 - 0x0000000065d1a000 	C:\Program Files\Java\jdk1.8.0_25\jre\bin\server\jvm.dll
0x00007ffc9cb20000 - 0x00007ffc9cb29000 	C:\WINDOWS\SYSTEM32\WSOCK32.dll
0x00007ffc9a480000 - 0x00007ffc9a4a2000 	C:\WINDOWS\SYSTEM32\WINMM.dll
0x00007ffca6810000 - 0x00007ffca6817000 	C:\WINDOWS\system32\PSAPI.DLL
0x00007ffca6e10000 - 0x00007ffca6e6a000 	C:\WINDOWS\system32\WS2_32.dll
0x00007ffc99580000 - 0x00007ffc995aa000 	C:\WINDOWS\SYSTEM32\WINMMBASE.dll
0x00007ffca6800000 - 0x00007ffca6809000 	C:\WINDOWS\system32\NSI.dll
0x00007ffca5c40000 - 0x00007ffca5c8f000 	C:\WINDOWS\SYSTEM32\cfgmgr32.dll
0x00007ffca46e0000 - 0x00007ffca4708000 	C:\WINDOWS\SYSTEM32\DEVOBJ.dll
0x00000000654b0000 - 0x00000000654bf000 	C:\Program Files\Java\jdk1.8.0_25\jre\bin\verify.dll
0x0000000065480000 - 0x00000000654a8000 	C:\Program Files\Java\jdk1.8.0_25\jre\bin\java.dll
0x0000000065460000 - 0x0000000065476000 	C:\Program Files\Java\jdk1.8.0_25\jre\bin\zip.dll
0x00007ffc7c8c0000 - 0x00007ffc7ca49000 	C:\WINDOWS\SYSTEM32\dbghelp.dll

VM Arguments:
jvm_args: -Xmx1024M -Dfile.encoding=windows-1252 -Duser.country=US -Duser.language=en -Duser.variant 
java_command: com.android.dx.command.Main --dex --num-threads=4 --output D:\sources\Rabbitmq\app\build\intermediates\pre-dexed\debug\junit-2a09fef53262b048a4645111979ba829a9d078c4.jar D:\sources\Rabbitmq\app\libs\junit.jar
java_class_path (initial): C:\Users\Ali Haider\AppData\Local\Android\sdk\build-tools\24.0.0-preview\lib\dx.jar
Launcher Type: SUN_STANDARD

Environment Variables:
JAVA_HOME=C:\Program Files\Java\jdk1.8.0_25
PATH=C:\Program Files (x86)\Common Files\NetSarang;C:\WINDOWS\system32;C:\WINDOWS;C:\WINDOWS\System32\Wbem;C:\WINDOWS\System32\WindowsPowerShell\v1.0\;C:\Program Files\TortoiseSVN\bin;C:\Program Files (x86)\Git\cmd;C:\Program Files (x86)\Git\bin;C:\Program Files (x86)\Skype\Phone\;C:\Program Files (x86)\ATI Technologies\ATI.ACE\Core-Static;C:\wamp\bin\mysql\mysql5.6.12\bin;C:\Python26;C:\Python26\Scripts;C:\Python26\Lib\site-packages\django\bin;C:\Program Files\Java\jdk1.8.0_25\bin;C:\Users\Ali Haider\AppData\Local\Android\sdk\tools;C:\Users\Ali Haider\AppData\Local\Android\sdk\platform-tools
USERNAME=Hina Khan
OS=Windows_NT
PROCESSOR_IDENTIFIER=Intel64 Family 6 Model 42 Stepping 7, GenuineIntel



---------------  S Y S T E M  ---------------

OS: Windows 8.1 , 64 bit Build 9600 

CPU:total 8 (4 cores per cpu, 2 threads per core) family 6 model 42 stepping 7, cmov, cx8, fxsr, mmx, sse, sse2, sse3, ssse3, sse4.1, sse4.2, popcnt, avx, aes, clmul, ht, tsc, tscinvbit

Memory: 4k page, physical 8321388k(898356k free), swap 11467116k(5112k free)

vm_info: Java HotSpot(TM) 64-Bit Server VM (25.25-b02) for windows-amd64 JRE (1.8.0_25-b18), built on Oct  7 2014 14:25:37 by "java_re" with MS VC++ 10.0 (VS2010)

time: Sat Jun 25 01:35:47 2016
elapsed time: 2 seconds (0d 0h 0m 2s)

