#
# There is insufficient memory for the Java Runtime Environment to continue.
# Native memory allocation (malloc) failed to allocate 114016 bytes for Chunk::new
# Possible reasons:
#   The system is out of physical RAM or swap space
#   In 32 bit mode, the process size limit was hit
# Possible solutions:
#   Reduce memory load on the system
#   Increase physical memory or swap space
#   Check if swap backing store is full
#   Use 64 bit Java on a 64 bit OS
#   Decrease Java heap size (-Xmx/-Xms)
#   Decrease number of Java threads
#   Decrease Java thread stack sizes (-Xss)
#   Set larger code cache with -XX:ReservedCodeCacheSize=
# This output file may be truncated or incomplete.
#
#  Out of Memory Error (allocation.cpp:390), pid=9692, tid=8116
#
# JRE version: Java(TM) SE Runtime Environment (8.0_25-b18) (build 1.8.0_25-b18)
# Java VM: Java HotSpot(TM) 64-Bit Server VM (25.25-b02 mixed mode windows-amd64 compressed oops)
# Failed to write core dump. Minidumps are not enabled by default on client versions of Windows
#

---------------  T H R E A D  ---------------

Current thread (0x0000000017375800):  JavaThread "C2 CompilerThread0" daemon [_thread_in_native, id=8116, stack(0x0000000017950000,0x0000000017a50000)]

Stack: [0x0000000017950000,0x0000000017a50000]
Native frames: (J=compiled Java code, j=interpreted, Vv=VM code, C=native code)
V  [jvm.dll+0x31667a]


Current CompileTask:
C2:   3358 1232       4       com.android.dx.ssa.SsaRenamer$BlockRenamer::visitNonMoveInsn (14 bytes)


---------------  P R O C E S S  ---------------

Java Threads: ( => current thread )
  0x000000001752c800 JavaThread "pool-1-thread-1" [_thread_in_vm, id=4332, stack(0x0000000017f50000,0x0000000018050000)]
  0x00000000173ef800 JavaThread "Service Thread" daemon [_thread_blocked, id=5012, stack(0x0000000017d50000,0x0000000017e50000)]
  0x00000000173e4800 JavaThread "C1 CompilerThread3" daemon [_thread_in_native, id=8040, stack(0x0000000017c50000,0x0000000017d50000)]
  0x00000000173d6000 JavaThread "C2 CompilerThread2" daemon [_thread_in_native, id=8928, stack(0x0000000017b50000,0x0000000017c50000)]
  0x00000000173be000 JavaThread "C2 CompilerThread1" daemon [_thread_in_native, id=8996, stack(0x0000000017a50000,0x0000000017b50000)]
=>0x0000000017375800 JavaThread "C2 CompilerThread0" daemon [_thread_in_native, id=8116, stack(0x0000000017950000,0x0000000017a50000)]
  0x0000000017374800 JavaThread "Attach Listener" daemon [_thread_blocked, id=3468, stack(0x0000000017850000,0x0000000017950000)]
  0x0000000017373800 JavaThread "Signal Dispatcher" daemon [_thread_blocked, id=3220, stack(0x0000000017750000,0x0000000017850000)]
  0x0000000002847800 JavaThread "Finalizer" daemon [_thread_blocked, id=8012, stack(0x0000000017250000,0x0000000017350000)]
  0x000000001536c800 JavaThread "Reference Handler" daemon [_thread_blocked, id=8572, stack(0x0000000017150000,0x0000000017250000)]
  0x0000000002750800 JavaThread "main" [_thread_in_native, id=9876, stack(0x0000000002580000,0x0000000002680000)]

Other Threads:
  0x0000000015368800 VMThread [stack: 0x0000000017050000,0x0000000017150000] [id=8748]
  0x00000000173f0800 WatcherThread [stack: 0x0000000017e50000,0x0000000017f50000] [id=11956]

VM state:not at safepoint (normal execution)

VM Mutex/Monitor currently owned by a thread:  ([mutex/lock_event])
[0x000000000274b830] CodeCache_lock - owner thread: 0x00000000173e4800
[0x000000000274cf10] Compile_lock - owner thread: 0x00000000173e4800
[0x000000000274e990] MethodCompileQueue_lock - owner thread: 0x0000000000000000

Heap:
 PSYoungGen      total 38400K, used 30026K [0x00000000eab00000, 0x00000000ed580000, 0x0000000100000000)
  eden space 33280K, 90% used [0x00000000eab00000,0x00000000ec852ab0,0x00000000ecb80000)
  from space 5120K, 0% used [0x00000000ed080000,0x00000000ed080000,0x00000000ed580000)
  to   space 5120K, 0% used [0x00000000ecb80000,0x00000000ecb80000,0x00000000ed080000)
 ParOldGen       total 87552K, used 0K [0x00000000c0000000, 0x00000000c5580000, 0x00000000eab00000)
  object space 87552K, 0% used [0x00000000c0000000,0x00000000c0000000,0x00000000c5580000)
 Metaspace       used 5881K, capacity 6896K, committed 7040K, reserved 1056768K
  class space    used 589K, capacity 616K, committed 640K, reserved 1048576K

Card table byte_map: [0x0000000011c10000,0x0000000011e20000] byte_map_base: 0x0000000011610000

Marking Bits: (ParMarkBitMap*) 0x0000000065c9d490
 Begin Bits: [0x0000000012780000, 0x0000000013780000)
 End Bits:   [0x0000000013780000, 0x0000000014780000)

Polling page: 0x0000000000da0000

CodeCache: size=245760Kb used=4999Kb max_used=4999Kb free=240761Kb
 bounds [0x0000000002850000, 0x0000000002d40000, 0x0000000011850000]
 total_blobs=1501 nmethods=1237 adapters=178
 compilation: enabled

Compilation events (10 events):
Event: 3.352 Thread 0x0000000017375800 1232       4       com.android.dx.ssa.SsaRenamer$BlockRenamer::visitNonMoveInsn (14 bytes)
Event: 3.352 Thread 0x00000000173e4800 1233       3       com.android.dx.cf.code.ConcreteMethod::getMaxLocals (8 bytes)
Event: 3.353 Thread 0x00000000173e4800 nmethod 1233 0x0000000002d222d0 code [0x0000000002d22420, 0x0000000002d22610]
Event: 3.353 Thread 0x00000000173d6000 1234   !   4       com.android.dx.rop.code.BasicBlock::<init> (273 bytes)
Event: 3.353 Thread 0x00000000173be000 1235   !   4       java.util.BitSet::clone (49 bytes)
Event: 3.353 Thread 0x00000000173e4800 1236       3       com.android.dx.ssa.SsaMethod::makeExitBlock (134 bytes)
Event: 3.355 Thread 0x00000000173e4800 nmethod 1236 0x0000000002d2dad0 code [0x0000000002d2dd60, 0x0000000002d2ed48]
Event: 3.356 Thread 0x00000000173e4800 1238       3       com.android.dx.ssa.SsaMethod::getCountReachableBlocks (44 bytes)
Event: 3.356 Thread 0x00000000173be000 nmethod 1235 0x0000000002d21d90 code [0x0000000002d21f00, 0x0000000002d22128]
Event: 3.356 Thread 0x00000000173be000 1237       4       com.android.dx.ssa.back.FirstFitLocalCombiningAllocator$1::visitNonMoveInsn (6 bytes)

GC Heap History (0 events):
No events

Deoptimization events (8 events):
Event: 1.660 Thread 0x000000001753a800 Uncommon trap: reason=class_check action=maybe_recompile pc=0x0000000002b70e20 method=com.android.dx.rop.type.Type.equals(Ljava/lang/Object;)Z @ 8
Event: 1.660 Thread 0x000000001753a800 Uncommon trap: reason=class_check action=maybe_recompile pc=0x0000000002b70e20 method=com.android.dx.rop.type.Type.equals(Ljava/lang/Object;)Z @ 8
Event: 1.793 Thread 0x000000001753a800 Uncommon trap: reason=class_check action=maybe_recompile pc=0x0000000002ad892c method=com.android.dx.rop.type.Type.equals(Ljava/lang/Object;)Z @ 8
Event: 1.794 Thread 0x000000001753a800 Uncommon trap: reason=class_check action=maybe_recompile pc=0x0000000002ad892c method=com.android.dx.rop.type.Type.equals(Ljava/lang/Object;)Z @ 8
Event: 1.816 Thread 0x000000001753a800 Uncommon trap: reason=class_check action=maybe_recompile pc=0x0000000002b70e20 method=com.android.dx.rop.type.Type.equals(Ljava/lang/Object;)Z @ 8
Event: 1.818 Thread 0x000000001753a800 Uncommon trap: reason=null_check action=make_not_entrant pc=0x0000000002ae50bc method=com.android.dx.ssa.SsaRenamer.getLocalForNewReg(I)Lcom/android/dx/rop/code/LocalItem; @ 19
Event: 1.943 Thread 0x000000001753a800 Uncommon trap: reason=class_check action=maybe_recompile pc=0x0000000002b63c18 method=com.android.dx.rop.type.Type.equals(Ljava/lang/Object;)Z @ 8
Event: 1.981 Thread 0x00000000175df000 Uncommon trap: reason=class_check action=maybe_recompile pc=0x0000000002ab5c90 method=com.android.dx.rop.type.Type.equals(Ljava/lang/Object;)Z @ 8

Internal exceptions (10 events):
Event: 1.083 Thread 0x000000001753a800 Exception <a 'java/security/PrivilegedActionException'> (0x00000000eb461970) thrown at [D:\re\workspace\8-2-build-windows-amd64-cygwin\jdk8u25\1677\hotspot\src\share\vm\prims\jvm.cpp, line 1312]
Event: 1.084 Thread 0x000000001753a800 Exception <a 'java/security/PrivilegedActionException'> (0x00000000eb4652b8) thrown at [D:\re\workspace\8-2-build-windows-amd64-cygwin\jdk8u25\1677\hotspot\src\share\vm\prims\jvm.cpp, line 1312]
Event: 1.088 Thread 0x000000001753a800 Exception <a 'java/security/PrivilegedActionException'> (0x00000000eb471c20) thrown at [D:\re\workspace\8-2-build-windows-amd64-cygwin\jdk8u25\1677\hotspot\src\share\vm\prims\jvm.cpp, line 1312]
Event: 1.089 Thread 0x000000001752c800 Exception <a 'java/security/PrivilegedActionException'> (0x00000000eb34b780) thrown at [D:\re\workspace\8-2-build-windows-amd64-cygwin\jdk8u25\1677\hotspot\src\share\vm\prims\jvm.cpp, line 1312]
Event: 1.091 Thread 0x000000001752c800 Exception <a 'java/security/PrivilegedActionException'> (0x00000000eb3501a8) thrown at [D:\re\workspace\8-2-build-windows-amd64-cygwin\jdk8u25\1677\hotspot\src\share\vm\prims\jvm.cpp, line 1312]
Event: 1.125 Thread 0x0000000002750800 Exception <a 'java/security/PrivilegedActionException'> (0x00000000eb643e60) thrown at [D:\re\workspace\8-2-build-windows-amd64-cygwin\jdk8u25\1677\hotspot\src\share\vm\prims\jvm.cpp, line 1312]
Event: 1.223 Thread 0x00000000175df000 Exception <a 'java/security/PrivilegedActionException'> (0x00000000eb81b968) thrown at [D:\re\workspace\8-2-build-windows-amd64-cygwin\jdk8u25\1677\hotspot\src\share\vm\prims\jvm.cpp, line 1312]
Event: 1.388 Thread 0x000000001753a800 Exception <a 'java/security/PrivilegedActionException'> (0x00000000ebaddc30) thrown at [D:\re\workspace\8-2-build-windows-amd64-cygwin\jdk8u25\1677\hotspot\src\share\vm\prims\jvm.cpp, line 1312]
Event: 1.790 Thread 0x000000001753a800 Exception <a 'java/security/PrivilegedActionException'> (0x00000000ebe092b8) thrown at [D:\re\workspace\8-2-build-windows-amd64-cygwin\jdk8u25\1677\hotspot\src\share\vm\prims\jvm.cpp, line 1312]
Event: 1.818 Thread 0x000000001753a800 Implicit null exception at 0x0000000002ae317a to 0x0000000002ae5095

Events (10 events):
Event: 1.981 Thread 0x00000000175df000 Uncommon trap: trap_request=0xffffffde fr.pc=0x0000000002ab5c90
Event: 1.981 Thread 0x00000000175df000 DEOPT PACKING pc=0x0000000002ab5c90 sp=0x000000001834df30
Event: 1.981 Thread 0x00000000175df000 DEOPT UNPACKING pc=0x000000000289556a sp=0x000000001834dca8 mode 2
Event: 1.995 Executing VM operation: ForceSafepoint
Event: 2.102 Executing VM operation: ForceSafepoint done
Event: 2.115 Thread 0x00000000175df000 Thread exited: 0x00000000175df000
Event: 2.127 Thread 0x000000001753a800 Thread exited: 0x000000001753a800
Event: 2.389 Thread 0x00000000175df800 Thread exited: 0x00000000175df800
Event: 3.083 Thread 0x000000001752c800 DEOPT PACKING pc=0x0000000002b9a325 sp=0x000000001804e8b0
Event: 3.083 Thread 0x000000001752c800 DEOPT UNPACKING pc=0x00000000028975bf sp=0x000000001804e648 mode 0


Dynamic libraries:
0x00007ff6a4b00000 - 0x00007ff6a4b34000 	C:\Program Files\Java\jdk1.8.0_25\bin\java.exe
0x00007ffca8790000 - 0x00007ffca893d000 	C:\WINDOWS\SYSTEM32\ntdll.dll
0x00007ffca83a0000 - 0x00007ffca84de000 	C:\WINDOWS\system32\KERNEL32.DLL
0x00007ffca5c90000 - 0x00007ffca5da5000 	C:\WINDOWS\system32\KERNELBASE.dll
0x00007ffca4460000 - 0x00007ffca44ee000 	C:\WINDOWS\system32\apphelp.dll
0x00007ffc98a30000 - 0x00007ffc98a83000 	C:\WINDOWS\AppPatch\AppPatch64\AcGenral.DLL
0x00007ffca69a0000 - 0x00007ffca6a4a000 	C:\WINDOWS\system32\msvcrt.dll
0x00007ffca5710000 - 0x00007ffca573e000 	C:\WINDOWS\SYSTEM32\SspiCli.dll
0x00007ffca63b0000 - 0x00007ffca6404000 	C:\WINDOWS\system32\SHLWAPI.dll
0x00007ffca6820000 - 0x00007ffca6997000 	C:\WINDOWS\system32\USER32.dll
0x00007ffca6410000 - 0x00007ffca65a4000 	C:\WINDOWS\system32\ole32.dll
0x00007ffca6e70000 - 0x00007ffca839a000 	C:\WINDOWS\system32\SHELL32.dll
0x00007ffca4e80000 - 0x00007ffca4ea1000 	C:\WINDOWS\SYSTEM32\USERENV.dll
0x00007ffca6100000 - 0x00007ffca61aa000 	C:\WINDOWS\system32\ADVAPI32.dll
0x00007ffc9b110000 - 0x00007ffc9b12e000 	C:\WINDOWS\SYSTEM32\MPR.dll
0x00007ffca8640000 - 0x00007ffca8781000 	C:\WINDOWS\system32\RPCRT4.dll
0x00007ffca65c0000 - 0x00007ffca6619000 	C:\WINDOWS\SYSTEM32\sechost.dll
0x00007ffca5ee0000 - 0x00007ffca60f1000 	C:\WINDOWS\SYSTEM32\combase.dll
0x00007ffca61b0000 - 0x00007ffca6300000 	C:\WINDOWS\system32\GDI32.dll
0x00007ffca58e0000 - 0x00007ffca58f5000 	C:\WINDOWS\SYSTEM32\profapi.dll
0x00007ffca3c80000 - 0x00007ffca3d32000 	C:\WINDOWS\SYSTEM32\SHCORE.dll
0x00007ffca6310000 - 0x00007ffca6346000 	C:\WINDOWS\system32\IMM32.DLL
0x00007ffca84e0000 - 0x00007ffca8632000 	C:\WINDOWS\system32\MSCTF.dll
0x00007ffca0620000 - 0x00007ffca089b000 	C:\WINDOWS\WinSxS\amd64_microsoft.windows.common-controls_6595b64144ccf1df_6.0.9600.18006_none_623f33d3ecbe86e8\COMCTL32.dll
0x0000000065040000 - 0x0000000065112000 	C:\Program Files\Java\jdk1.8.0_25\jre\bin\msvcr100.dll
0x00000000654c0000 - 0x0000000065d1a000 	C:\Program Files\Java\jdk1.8.0_25\jre\bin\server\jvm.dll
0x00007ffc9cb20000 - 0x00007ffc9cb29000 	C:\WINDOWS\SYSTEM32\WSOCK32.dll
0x00007ffc9a480000 - 0x00007ffc9a4a2000 	C:\WINDOWS\SYSTEM32\WINMM.dll
0x00007ffca6810000 - 0x00007ffca6817000 	C:\WINDOWS\system32\PSAPI.DLL
0x00007ffca6e10000 - 0x00007ffca6e6a000 	C:\WINDOWS\system32\WS2_32.dll
0x00007ffc99580000 - 0x00007ffc995aa000 	C:\WINDOWS\SYSTEM32\WINMMBASE.dll
0x00007ffca6800000 - 0x00007ffca6809000 	C:\WINDOWS\system32\NSI.dll
0x00007ffca5c40000 - 0x00007ffca5c8f000 	C:\WINDOWS\SYSTEM32\cfgmgr32.dll
0x00007ffca46e0000 - 0x00007ffca4708000 	C:\WINDOWS\SYSTEM32\DEVOBJ.dll
0x00000000654b0000 - 0x00000000654bf000 	C:\Program Files\Java\jdk1.8.0_25\jre\bin\verify.dll
0x0000000065480000 - 0x00000000654a8000 	C:\Program Files\Java\jdk1.8.0_25\jre\bin\java.dll
0x0000000065460000 - 0x0000000065476000 	C:\Program Files\Java\jdk1.8.0_25\jre\bin\zip.dll

VM Arguments:
jvm_args: -Xmx1024M -Dfile.encoding=windows-1252 -Duser.country=US -Duser.language=en -Duser.variant 
java_command: com.android.dx.command.Main --dex --num-threads=4 --output D:\sources\Rabbitmq\app\build\intermediates\pre-dexed\debug\commons-cli-1.1-c1c5ac1a49328500cf29e32fff3fc87a9bcb320b.jar D:\sources\Rabbitmq\app\libs\commons-cli-1.1.jar
java_class_path (initial): C:\Users\Ali Haider\AppData\Local\Android\sdk\build-tools\24.0.0-preview\lib\dx.jar
Launcher Type: SUN_STANDARD

Environment Variables:
JAVA_HOME=C:\Program Files\Java\jdk1.8.0_25
PATH=C:\Program Files (x86)\Common Files\NetSarang;C:\WINDOWS\system32;C:\WINDOWS;C:\WINDOWS\System32\Wbem;C:\WINDOWS\System32\WindowsPowerShell\v1.0\;C:\Program Files\TortoiseSVN\bin;C:\Program Files (x86)\Git\cmd;C:\Program Files (x86)\Git\bin;C:\Program Files (x86)\Skype\Phone\;C:\Program Files (x86)\ATI Technologies\ATI.ACE\Core-Static;C:\wamp\bin\mysql\mysql5.6.12\bin;C:\Python26;C:\Python26\Scripts;C:\Python26\Lib\site-packages\django\bin;C:\Program Files\Java\jdk1.8.0_25\bin;C:\Users\Ali Haider\AppData\Local\Android\sdk\tools;C:\Users\Ali Haider\AppData\Local\Android\sdk\platform-tools
USERNAME=Hina Khan
OS=Windows_NT
PROCESSOR_IDENTIFIER=Intel64 Family 6 Model 42 Stepping 7, GenuineIntel



---------------  S Y S T E M  ---------------

OS: Windows 8.1 , 64 bit Build 9600 

CPU:total 8 (4 cores per cpu, 2 threads per core) family 6 model 42 stepping 7, cmov, cx8, fxsr, mmx, sse, sse2, sse3, ssse3, sse4.1, sse4.2, popcnt, avx, aes, clmul, ht, tsc, tscinvbit

Memory: 4k page, physical 8321388k(1073740k free), swap 11467116k(8412k free)

vm_info: Java HotSpot(TM) 64-Bit Server VM (25.25-b02) for windows-amd64 JRE (1.8.0_25-b18), built on Oct  7 2014 14:25:37 by "java_re" with MS VC++ 10.0 (VS2010)

time: Sat Jun 25 01:30:47 2016
elapsed time: 3 seconds (0d 0h 0m 3s)

