#
# There is insufficient memory for the Java Runtime Environment to continue.
# Native memory allocation (malloc) failed to allocate 32784 bytes for Chunk::new
# Possible reasons:
#   The system is out of physical RAM or swap space
#   In 32 bit mode, the process size limit was hit
# Possible solutions:
#   Reduce memory load on the system
#   Increase physical memory or swap space
#   Check if swap backing store is full
#   Use 64 bit Java on a 64 bit OS
#   Decrease Java heap size (-Xmx/-Xms)
#   Decrease number of Java threads
#   Decrease Java thread stack sizes (-Xss)
#   Set larger code cache with -XX:ReservedCodeCacheSize=
# This output file may be truncated or incomplete.
#
#  Out of Memory Error (allocation.cpp:390), pid=9568, tid=11364
#
# JRE version: Java(TM) SE Runtime Environment (8.0_25-b18) (build 1.8.0_25-b18)
# Java VM: Java HotSpot(TM) 64-Bit Server VM (25.25-b02 mixed mode windows-amd64 compressed oops)
# Failed to write core dump. Minidumps are not enabled by default on client versions of Windows
#

---------------  T H R E A D  ---------------

Current thread (0x0000000016e8b000):  JavaThread "C2 CompilerThread1" daemon [_thread_in_native, id=11364, stack(0x0000000017560000,0x0000000017660000)]

Stack: [0x0000000017560000,0x0000000017660000]
Native frames: (J=compiled Java code, j=interpreted, Vv=VM code, C=native code)
V  [jvm.dll+0x31667a]


Current CompileTask:
C2:   2774 1291       4       com.android.dx.rop.code.RopMethod::calcPredecessors (227 bytes)


---------------  P R O C E S S  ---------------

Java Threads: ( => current thread )
  0x00000000171ec800 JavaThread "pool-1-thread-4" [_thread_in_vm, id=4936, stack(0x0000000018660000,0x0000000018760000)]
  0x00000000171e7000 JavaThread "pool-1-thread-3" [_thread_in_Java, id=1248, stack(0x0000000018560000,0x0000000018660000)]
  0x00000000171a0000 JavaThread "pool-1-thread-2" [_thread_blocked, id=9412, stack(0x0000000018460000,0x0000000018560000)]
  0x00000000171d0000 JavaThread "pool-2-thread-1" [_thread_blocked, id=5940, stack(0x0000000018360000,0x0000000018460000)]
  0x000000001723d800 JavaThread "pool-1-thread-1" [_thread_in_Java, id=11096, stack(0x0000000018260000,0x0000000018360000)]
  0x0000000016f1d800 JavaThread "Service Thread" daemon [_thread_blocked, id=10472, stack(0x0000000017860000,0x0000000017960000)]
  0x0000000016e96800 JavaThread "C1 CompilerThread3" daemon [_thread_in_native, id=8060, stack(0x0000000017760000,0x0000000017860000)]
  0x0000000016e93800 JavaThread "C2 CompilerThread2" daemon [_thread_in_native, id=12272, stack(0x0000000017660000,0x0000000017760000)]
=>0x0000000016e8b000 JavaThread "C2 CompilerThread1" daemon [_thread_in_native, id=11364, stack(0x0000000017560000,0x0000000017660000)]
  0x0000000016e85800 JavaThread "C2 CompilerThread0" daemon [_thread_in_native, id=6316, stack(0x0000000017460000,0x0000000017560000)]
  0x0000000016e84800 JavaThread "Attach Listener" daemon [_thread_blocked, id=5856, stack(0x0000000017360000,0x0000000017460000)]
  0x0000000014eae800 JavaThread "Signal Dispatcher" daemon [_thread_blocked, id=5692, stack(0x0000000017260000,0x0000000017360000)]
  0x0000000002377800 JavaThread "Finalizer" daemon [_thread_blocked, id=10324, stack(0x0000000016d60000,0x0000000016e60000)]
  0x0000000014e9c800 JavaThread "Reference Handler" daemon [_thread_blocked, id=7904, stack(0x0000000016c60000,0x0000000016d60000)]
  0x0000000002280800 JavaThread "main" [_thread_blocked, id=11872, stack(0x0000000002140000,0x0000000002240000)]

Other Threads:
  0x0000000014e98800 VMThread [stack: 0x0000000016b60000,0x0000000016c60000] [id=4532]
  0x0000000016f20800 WatcherThread [stack: 0x0000000017960000,0x0000000017a60000] [id=5012]

VM state:not at safepoint (normal execution)

VM Mutex/Monitor currently owned by a thread:  ([mutex/lock_event])
[0x000000000227e090] MethodData_lock - owner thread: 0x0000000000000000

Heap:
 PSYoungGen      total 38400K, used 29334K [0x00000000eab00000, 0x00000000ed580000, 0x0000000100000000)
  eden space 33280K, 88% used [0x00000000eab00000,0x00000000ec7a5a98,0x00000000ecb80000)
  from space 5120K, 0% used [0x00000000ed080000,0x00000000ed080000,0x00000000ed580000)
  to   space 5120K, 0% used [0x00000000ecb80000,0x00000000ecb80000,0x00000000ed080000)
 ParOldGen       total 87552K, used 0K [0x00000000c0000000, 0x00000000c5580000, 0x00000000eab00000)
  object space 87552K, 0% used [0x00000000c0000000,0x00000000c0000000,0x00000000c5580000)
 Metaspace       used 5935K, capacity 6896K, committed 7040K, reserved 1056768K
  class space    used 583K, capacity 616K, committed 640K, reserved 1048576K

Card table byte_map: [0x0000000011740000,0x0000000011950000] byte_map_base: 0x0000000011140000

Marking Bits: (ParMarkBitMap*) 0x0000000065c9d490
 Begin Bits: [0x00000000122b0000, 0x00000000132b0000)
 End Bits:   [0x00000000132b0000, 0x00000000142b0000)

Polling page: 0x0000000000940000

CodeCache: size=245760Kb used=5048Kb max_used=5059Kb free=240711Kb
 bounds [0x0000000002380000, 0x0000000002880000, 0x0000000011380000]
 total_blobs=1570 nmethods=1306 adapters=178
 compilation: enabled

Compilation events (10 events):
Event: 2.769 Thread 0x0000000016e96800 nmethod 1294 0x0000000002869990 code [0x0000000002869b80, 0x000000000286a578]
Event: 2.769 Thread 0x0000000016e96800 1300       1       com.android.dx.rop.cst.CstInteger::getType (4 bytes)
Event: 2.769 Thread 0x0000000016e96800 nmethod 1300 0x00000000028696d0 code [0x0000000002869820, 0x0000000002869930]
Event: 2.769 Thread 0x0000000016e96800 1295       3       com.android.dx.cf.iface.StdMethod::<init> (40 bytes)
Event: 2.770 Thread 0x0000000016e96800 nmethod 1295 0x000000000286c1d0 code [0x000000000286c3a0, 0x000000000286ce08]
Event: 2.770 Thread 0x0000000016e96800 1299       3       java.util.concurrent.ThreadPoolExecutor::isRunning (10 bytes)
Event: 2.770 Thread 0x0000000016e96800 nmethod 1299 0x0000000002868810 code [0x0000000002868960, 0x0000000002868af0]
Event: 2.771 Thread 0x0000000016e96800 1296       3       com.android.dx.cf.iface.StdMember::getDescriptor (8 bytes)
Event: 2.771 Thread 0x0000000016e96800 nmethod 1296 0x0000000002868410 code [0x0000000002868560, 0x0000000002868750]
Event: 2.771 Thread 0x0000000016e96800 1297       3       com.android.dx.rop.type.Prototype::intern (31 bytes)

GC Heap History (0 events):
No events

Deoptimization events (5 events):
Event: 2.041 Thread 0x00000000171a0000 Uncommon trap: reason=class_check action=maybe_recompile pc=0x0000000002650928 method=com.android.dx.ssa.SsaBasicBlock.forEachInsn(Lcom/android/dx/ssa/SsaInsn$Visitor;)V @ 23
Event: 2.041 Thread 0x00000000171a0000 Uncommon trap: reason=class_check action=maybe_recompile pc=0x0000000002650928 method=com.android.dx.ssa.SsaBasicBlock.forEachInsn(Lcom/android/dx/ssa/SsaInsn$Visitor;)V @ 23
Event: 2.041 Thread 0x00000000171a0000 Uncommon trap: reason=class_check action=maybe_recompile pc=0x0000000002650928 method=com.android.dx.ssa.SsaBasicBlock.forEachInsn(Lcom/android/dx/ssa/SsaInsn$Visitor;)V @ 23
Event: 2.042 Thread 0x00000000171a0000 Uncommon trap: reason=class_check action=maybe_recompile pc=0x0000000002650928 method=com.android.dx.ssa.SsaBasicBlock.forEachInsn(Lcom/android/dx/ssa/SsaInsn$Visitor;)V @ 23
Event: 2.211 Thread 0x00000000171a0000 Uncommon trap: reason=unloaded action=reinterpret pc=0x0000000002761bc0 method=com.android.dx.ssa.SsaRenamer$BlockRenamer.visitMoveInsn(Lcom/android/dx/ssa/NormalSsaInsn;)V @ 208

Internal exceptions (10 events):
Event: 1.624 Thread 0x00000000171e7000 Exception <a 'java/security/PrivilegedActionException'> (0x00000000eb7b89e0) thrown at [D:\re\workspace\8-2-build-windows-amd64-cygwin\jdk8u25\1677\hotspot\src\share\vm\prims\jvm.cpp, line 1312]
Event: 1.625 Thread 0x00000000171e7000 Exception <a 'java/security/PrivilegedActionException'> (0x00000000eb7bd408) thrown at [D:\re\workspace\8-2-build-windows-amd64-cygwin\jdk8u25\1677\hotspot\src\share\vm\prims\jvm.cpp, line 1312]
Event: 1.642 Thread 0x0000000002280800 Exception <a 'java/security/PrivilegedActionException'> (0x00000000eb8fe2a8) thrown at [D:\re\workspace\8-2-build-windows-amd64-cygwin\jdk8u25\1677\hotspot\src\share\vm\prims\jvm.cpp, line 1312]
Event: 1.645 Thread 0x0000000002280800 Exception <a 'java/security/PrivilegedActionException'> (0x00000000eb90ce60) thrown at [D:\re\workspace\8-2-build-windows-amd64-cygwin\jdk8u25\1677\hotspot\src\share\vm\prims\jvm.cpp, line 1312]
Event: 1.652 Thread 0x000000001723d800 Exception <a 'java/security/PrivilegedActionException'> (0x00000000eb45df70) thrown at [D:\re\workspace\8-2-build-windows-amd64-cygwin\jdk8u25\1677\hotspot\src\share\vm\prims\jvm.cpp, line 1312]
Event: 1.653 Thread 0x000000001723d800 Exception <a 'java/security/PrivilegedActionException'> (0x00000000eb4641f0) thrown at [D:\re\workspace\8-2-build-windows-amd64-cygwin\jdk8u25\1677\hotspot\src\share\vm\prims\jvm.cpp, line 1312]
Event: 2.016 Thread 0x0000000002280800 Exception <a 'java/security/PrivilegedActionException'> (0x00000000ebbca148) thrown at [D:\re\workspace\8-2-build-windows-amd64-cygwin\jdk8u25\1677\hotspot\src\share\vm\prims\jvm.cpp, line 1312]
Event: 2.031 Thread 0x0000000002280800 Exception <a 'java/security/PrivilegedActionException'> (0x00000000ebbcecd0) thrown at [D:\re\workspace\8-2-build-windows-amd64-cygwin\jdk8u25\1677\hotspot\src\share\vm\prims\jvm.cpp, line 1312]
Event: 2.040 Thread 0x00000000171a0000 Exception <a 'java/security/PrivilegedActionException'> (0x00000000ebe04928) thrown at [D:\re\workspace\8-2-build-windows-amd64-cygwin\jdk8u25\1677\hotspot\src\share\vm\prims\jvm.cpp, line 1312]
Event: 2.045 Thread 0x00000000171a0000 Exception <a 'java/security/PrivilegedActionException'> (0x00000000ebe12e90) thrown at [D:\re\workspace\8-2-build-windows-amd64-cygwin\jdk8u25\1677\hotspot\src\share\vm\prims\jvm.cpp, line 1312]

Events (10 events):
Event: 2.042 Thread 0x00000000171a0000 DEOPT UNPACKING pc=0x00000000023c556a sp=0x000000001855e2a8 mode 2
Event: 2.045 loading class com/android/dx/ssa/back/FirstFitLocalCombiningAllocator$Multiset
Event: 2.045 loading class com/android/dx/ssa/back/FirstFitLocalCombiningAllocator$Multiset done
Event: 2.140 Thread 0x00000000171a0000 Uncommon trap: trap_request=0x00000035 fr.pc=0x0000000002761bc0
Event: 2.211 Thread 0x00000000171a0000 DEOPT PACKING pc=0x0000000002761bc0 sp=0x000000001855e580
Event: 2.211 Thread 0x00000000171a0000 DEOPT UNPACKING pc=0x00000000023c556a sp=0x000000001855e480 mode 2
Event: 2.533 loading class java/util/DualPivotQuicksort
Event: 2.533 loading class java/util/DualPivotQuicksort done
Event: 2.743 Executing VM operation: ForceSafepoint
Event: 2.744 Executing VM operation: ForceSafepoint done


Dynamic libraries:
0x00007ff6a4b00000 - 0x00007ff6a4b34000 	C:\Program Files\Java\jdk1.8.0_25\bin\java.exe
0x00007ffca8790000 - 0x00007ffca893d000 	C:\WINDOWS\SYSTEM32\ntdll.dll
0x00007ffca83a0000 - 0x00007ffca84de000 	C:\WINDOWS\system32\KERNEL32.DLL
0x00007ffca5c90000 - 0x00007ffca5da5000 	C:\WINDOWS\system32\KERNELBASE.dll
0x00007ffca4460000 - 0x00007ffca44ee000 	C:\WINDOWS\system32\apphelp.dll
0x00007ffc98a30000 - 0x00007ffc98a83000 	C:\WINDOWS\AppPatch\AppPatch64\AcGenral.DLL
0x00007ffca69a0000 - 0x00007ffca6a4a000 	C:\WINDOWS\system32\msvcrt.dll
0x00007ffca5710000 - 0x00007ffca573e000 	C:\WINDOWS\SYSTEM32\SspiCli.dll
0x00007ffca63b0000 - 0x00007ffca6404000 	C:\WINDOWS\system32\SHLWAPI.dll
0x00007ffca6820000 - 0x00007ffca6997000 	C:\WINDOWS\system32\USER32.dll
0x00007ffca6410000 - 0x00007ffca65a4000 	C:\WINDOWS\system32\ole32.dll
0x00007ffca6e70000 - 0x00007ffca839a000 	C:\WINDOWS\system32\SHELL32.dll
0x00007ffca4e80000 - 0x00007ffca4ea1000 	C:\WINDOWS\SYSTEM32\USERENV.dll
0x00007ffca6100000 - 0x00007ffca61aa000 	C:\WINDOWS\system32\ADVAPI32.dll
0x00007ffc9b110000 - 0x00007ffc9b12e000 	C:\WINDOWS\SYSTEM32\MPR.dll
0x00007ffca8640000 - 0x00007ffca8781000 	C:\WINDOWS\system32\RPCRT4.dll
0x00007ffca65c0000 - 0x00007ffca6619000 	C:\WINDOWS\SYSTEM32\sechost.dll
0x00007ffca5ee0000 - 0x00007ffca60f1000 	C:\WINDOWS\SYSTEM32\combase.dll
0x00007ffca61b0000 - 0x00007ffca6300000 	C:\WINDOWS\system32\GDI32.dll
0x00007ffca58e0000 - 0x00007ffca58f5000 	C:\WINDOWS\SYSTEM32\profapi.dll
0x00007ffca3c80000 - 0x00007ffca3d32000 	C:\WINDOWS\SYSTEM32\SHCORE.dll
0x00007ffca6310000 - 0x00007ffca6346000 	C:\WINDOWS\system32\IMM32.DLL
0x00007ffca84e0000 - 0x00007ffca8632000 	C:\WINDOWS\system32\MSCTF.dll
0x00007ffca0620000 - 0x00007ffca089b000 	C:\WINDOWS\WinSxS\amd64_microsoft.windows.common-controls_6595b64144ccf1df_6.0.9600.18006_none_623f33d3ecbe86e8\COMCTL32.dll
0x0000000065040000 - 0x0000000065112000 	C:\Program Files\Java\jdk1.8.0_25\jre\bin\msvcr100.dll
0x00000000654c0000 - 0x0000000065d1a000 	C:\Program Files\Java\jdk1.8.0_25\jre\bin\server\jvm.dll
0x00007ffc9cb20000 - 0x00007ffc9cb29000 	C:\WINDOWS\SYSTEM32\WSOCK32.dll
0x00007ffc9a480000 - 0x00007ffc9a4a2000 	C:\WINDOWS\SYSTEM32\WINMM.dll
0x00007ffca6810000 - 0x00007ffca6817000 	C:\WINDOWS\system32\PSAPI.DLL
0x00007ffca6e10000 - 0x00007ffca6e6a000 	C:\WINDOWS\system32\WS2_32.dll
0x00007ffc99580000 - 0x00007ffc995aa000 	C:\WINDOWS\SYSTEM32\WINMMBASE.dll
0x00007ffca6800000 - 0x00007ffca6809000 	C:\WINDOWS\system32\NSI.dll
0x00007ffca5c40000 - 0x00007ffca5c8f000 	C:\WINDOWS\SYSTEM32\cfgmgr32.dll
0x00007ffca46e0000 - 0x00007ffca4708000 	C:\WINDOWS\SYSTEM32\DEVOBJ.dll
0x00000000654b0000 - 0x00000000654bf000 	C:\Program Files\Java\jdk1.8.0_25\jre\bin\verify.dll
0x0000000065480000 - 0x00000000654a8000 	C:\Program Files\Java\jdk1.8.0_25\jre\bin\java.dll
0x0000000065460000 - 0x0000000065476000 	C:\Program Files\Java\jdk1.8.0_25\jre\bin\zip.dll

VM Arguments:
jvm_args: -Xmx1024M -Dfile.encoding=windows-1252 -Duser.country=US -Duser.language=en -Duser.variant 
java_command: com.android.dx.command.Main --dex --num-threads=4 --output D:\sources\Rabbitmq\app\build\intermediates\pre-dexed\debug\rabbitmq-client-3dc7033c4de63411b662ef306fcf34f57fb99f2c.jar D:\sources\Rabbitmq\app\libs\rabbitmq-client.jar
java_class_path (initial): C:\Users\Ali Haider\AppData\Local\Android\sdk\build-tools\24.0.0-preview\lib\dx.jar
Launcher Type: SUN_STANDARD

Environment Variables:
JAVA_HOME=C:\Program Files\Java\jdk1.8.0_25
PATH=C:\Program Files (x86)\Common Files\NetSarang;C:\WINDOWS\system32;C:\WINDOWS;C:\WINDOWS\System32\Wbem;C:\WINDOWS\System32\WindowsPowerShell\v1.0\;C:\Program Files\TortoiseSVN\bin;C:\Program Files (x86)\Git\cmd;C:\Program Files (x86)\Git\bin;C:\Program Files (x86)\Skype\Phone\;C:\Program Files (x86)\ATI Technologies\ATI.ACE\Core-Static;C:\wamp\bin\mysql\mysql5.6.12\bin;C:\Python26;C:\Python26\Scripts;C:\Python26\Lib\site-packages\django\bin;C:\Program Files\Java\jdk1.8.0_25\bin;C:\Users\Ali Haider\AppData\Local\Android\sdk\tools;C:\Users\Ali Haider\AppData\Local\Android\sdk\platform-tools
USERNAME=Hina Khan
OS=Windows_NT
PROCESSOR_IDENTIFIER=Intel64 Family 6 Model 42 Stepping 7, GenuineIntel



---------------  S Y S T E M  ---------------

OS: Windows 8.1 , 64 bit Build 9600 

CPU:total 8 (4 cores per cpu, 2 threads per core) family 6 model 42 stepping 7, cmov, cx8, fxsr, mmx, sse, sse2, sse3, ssse3, sse4.1, sse4.2, popcnt, avx, aes, clmul, ht, tsc, tscinvbit

Memory: 4k page, physical 8321388k(909508k free), swap 11467116k(5072k free)

vm_info: Java HotSpot(TM) 64-Bit Server VM (25.25-b02) for windows-amd64 JRE (1.8.0_25-b18), built on Oct  7 2014 14:25:37 by "java_re" with MS VC++ 10.0 (VS2010)

time: Sat Jun 25 01:35:46 2016
elapsed time: 2 seconds (0d 0h 0m 2s)

