#
# There is insufficient memory for the Java Runtime Environment to continue.
# Native memory allocation (malloc) failed to allocate 876416 bytes for Chunk::new
# Possible reasons:
#   The system is out of physical RAM or swap space
#   In 32 bit mode, the process size limit was hit
# Possible solutions:
#   Reduce memory load on the system
#   Increase physical memory or swap space
#   Check if swap backing store is full
#   Use 64 bit Java on a 64 bit OS
#   Decrease Java heap size (-Xmx/-Xms)
#   Decrease number of Java threads
#   Decrease Java thread stack sizes (-Xss)
#   Set larger code cache with -XX:ReservedCodeCacheSize=
# This output file may be truncated or incomplete.
#
#  Out of Memory Error (allocation.cpp:390), pid=10608, tid=1808
#
# JRE version: Java(TM) SE Runtime Environment (8.0_25-b18) (build 1.8.0_25-b18)
# Java VM: Java HotSpot(TM) 64-Bit Server VM (25.25-b02 mixed mode windows-amd64 compressed oops)
# Failed to write core dump. Minidumps are not enabled by default on client versions of Windows
#

---------------  T H R E A D  ---------------

Current thread (0x0000000017735800):  JavaThread "C2 CompilerThread2" daemon [_thread_in_native, id=1808, stack(0x0000000018300000,0x0000000018400000)]

Stack: [0x0000000018300000,0x0000000018400000]
Native frames: (J=compiled Java code, j=interpreted, Vv=VM code, C=native code)
V  [jvm.dll+0x31667a]


Current CompileTask:
C2:   2807 1489       4       com.android.dx.ssa.SCCP::simulateBranch (666 bytes)


---------------  P R O C E S S  ---------------

Java Threads: ( => current thread )
  0x0000000017b1e800 JavaThread "pool-1-thread-4" [_thread_in_Java, id=4724, stack(0x0000000018b00000,0x0000000018c00000)]
  0x0000000017a24000 JavaThread "pool-1-thread-3" [_thread_in_Java, id=4000, stack(0x0000000018a00000,0x0000000018b00000)]
  0x0000000017a21800 JavaThread "pool-1-thread-2" [_thread_in_Java, id=8992, stack(0x0000000018900000,0x0000000018a00000)]
  0x0000000017a1e800 JavaThread "pool-2-thread-1" [_thread_blocked, id=5504, stack(0x0000000018800000,0x0000000018900000)]
  0x0000000017afb000 JavaThread "pool-1-thread-1" [_thread_in_Java, id=9436, stack(0x0000000018700000,0x0000000018800000)]
  0x00000000177c9000 JavaThread "Service Thread" daemon [_thread_blocked, id=10780, stack(0x0000000018500000,0x0000000018600000)]
  0x0000000017738000 JavaThread "C1 CompilerThread3" daemon [_thread_blocked, id=5080, stack(0x0000000018400000,0x0000000018500000)]
=>0x0000000017735800 JavaThread "C2 CompilerThread2" daemon [_thread_in_native, id=1808, stack(0x0000000018300000,0x0000000018400000)]
  0x000000001772e000 JavaThread "C2 CompilerThread1" daemon [_thread_in_native, id=7028, stack(0x0000000018200000,0x0000000018300000)]
  0x000000001772b000 JavaThread "C2 CompilerThread0" daemon [_thread_in_native, id=7784, stack(0x0000000018100000,0x0000000018200000)]
  0x000000001772a000 JavaThread "Attach Listener" daemon [_thread_blocked, id=10468, stack(0x0000000018000000,0x0000000018100000)]
  0x0000000017728800 JavaThread "Signal Dispatcher" daemon [_thread_blocked, id=10148, stack(0x0000000017f00000,0x0000000018000000)]
  0x000000001570b800 JavaThread "Finalizer" daemon [_thread_blocked, id=9820, stack(0x0000000017600000,0x0000000017700000)]
  0x0000000002be4000 JavaThread "Reference Handler" daemon [_thread_blocked, id=10972, stack(0x0000000017500000,0x0000000017600000)]
  0x0000000002af0800 JavaThread "main" [_thread_in_Java, id=5240, stack(0x00000000029d0000,0x0000000002ad0000)]

Other Threads:
  0x0000000015708800 VMThread [stack: 0x0000000017400000,0x0000000017500000] [id=9728]
  0x00000000177cc000 WatcherThread [stack: 0x0000000018600000,0x0000000018700000] [id=8752]

VM state:not at safepoint (normal execution)

VM Mutex/Monitor currently owned by a thread: None

Heap:
 PSYoungGen      total 71680K, used 25898K [0x00000000eab00000, 0x00000000ef600000, 0x0000000100000000)
  eden space 66560K, 31% used [0x00000000eab00000,0x00000000ebf4bcb0,0x00000000eec00000)
  from space 5120K, 99% used [0x00000000ef100000,0x00000000ef5fec40,0x00000000ef600000)
  to   space 5120K, 0% used [0x00000000eec00000,0x00000000eec00000,0x00000000ef100000)
 ParOldGen       total 87552K, used 4411K [0x00000000c0000000, 0x00000000c5580000, 0x00000000eab00000)
  object space 87552K, 5% used [0x00000000c0000000,0x00000000c044efe0,0x00000000c5580000)
 Metaspace       used 6160K, capacity 7088K, committed 7296K, reserved 1056768K
  class space    used 592K, capacity 616K, committed 640K, reserved 1048576K

Card table byte_map: [0x0000000011fb0000,0x00000000121c0000] byte_map_base: 0x00000000119b0000

Marking Bits: (ParMarkBitMap*) 0x0000000065c9d490
 Begin Bits: [0x0000000012b20000, 0x0000000013b20000)
 End Bits:   [0x0000000013b20000, 0x0000000014b20000)

Polling page: 0x0000000001150000

CodeCache: size=245760Kb used=6695Kb max_used=6695Kb free=239065Kb
 bounds [0x0000000002bf0000, 0x0000000003280000, 0x0000000011bf0000]
 total_blobs=1867 nmethods=1603 adapters=178
 compilation: enabled

Compilation events (10 events):
Event: 2.795 Thread 0x0000000017738000 nmethod 1617 0x000000000326df90 code [0x000000000326e180, 0x000000000326ead8]
Event: 2.795 Thread 0x0000000017738000 1618       3       com.android.dx.ssa.Optimizer::optimize (15 bytes)
Event: 2.795 Thread 0x0000000017738000 nmethod 1618 0x000000000326eed0 code [0x000000000326f060, 0x000000000326f368]
Event: 2.795 Thread 0x0000000017738000 1636       3       com.android.dx.rop.code.Rops::opMarkLocal (69 bytes)
Event: 2.796 Thread 0x0000000017738000 nmethod 1636 0x000000000326f510 code [0x000000000326f740, 0x00000000032702d8]
Event: 2.796 Thread 0x0000000017738000 1639       3       com.android.dx.ssa.SCCP::simulateMath (424 bytes)
Event: 2.798 Thread 0x0000000017738000 nmethod 1639 0x0000000003270810 code [0x0000000003270ac0, 0x00000000032723e8]
Event: 2.798 Thread 0x0000000017738000 1640       3       com.android.dx.rop.code.InsnList::contentEquals (54 bytes)
Event: 2.799 Thread 0x0000000017738000 nmethod 1640 0x0000000003272e90 code [0x0000000003273060, 0x0000000003273b08]
Event: 2.799 Thread 0x0000000017738000 1629       3       com.android.dx.cf.code.Ropper::addReturnBlock (228 bytes)

GC Heap History (4 events):
Event: 1.486 GC heap before
{Heap before GC invocations=1 (full 0):
 PSYoungGen      total 38400K, used 33280K [0x00000000eab00000, 0x00000000ed580000, 0x0000000100000000)
  eden space 33280K, 100% used [0x00000000eab00000,0x00000000ecb80000,0x00000000ecb80000)
  from space 5120K, 0% used [0x00000000ed080000,0x00000000ed080000,0x00000000ed580000)
  to   space 5120K, 0% used [0x00000000ecb80000,0x00000000ecb80000,0x00000000ed080000)
 ParOldGen       total 87552K, used 0K [0x00000000c0000000, 0x00000000c5580000, 0x00000000eab00000)
  object space 87552K, 0% used [0x00000000c0000000,0x00000000c0000000,0x00000000c5580000)
 Metaspace       used 5865K, capacity 6832K, committed 7040K, reserved 1056768K
  class space    used 591K, capacity 616K, committed 640K, reserved 1048576K
Event: 1.723 GC heap after
Heap after GC invocations=1 (full 0):
 PSYoungGen      total 38400K, used 5107K [0x00000000eab00000, 0x00000000ef600000, 0x0000000100000000)
  eden space 33280K, 0% used [0x00000000eab00000,0x00000000eab00000,0x00000000ecb80000)
  from space 5120K, 99% used [0x00000000ecb80000,0x00000000ed07cc30,0x00000000ed080000)
  to   space 5120K, 0% used [0x00000000ef100000,0x00000000ef100000,0x00000000ef600000)
 ParOldGen       total 87552K, used 674K [0x00000000c0000000, 0x00000000c5580000, 0x00000000eab00000)
  object space 87552K, 0% used [0x00000000c0000000,0x00000000c00a8b88,0x00000000c5580000)
 Metaspace       used 5865K, capacity 6832K, committed 7040K, reserved 1056768K
  class space    used 591K, capacity 616K, committed 640K, reserved 1048576K
}
Event: 2.545 GC heap before
{Heap before GC invocations=2 (full 0):
 PSYoungGen      total 38400K, used 38387K [0x00000000eab00000, 0x00000000ef600000, 0x0000000100000000)
  eden space 33280K, 100% used [0x00000000eab00000,0x00000000ecb80000,0x00000000ecb80000)
  from space 5120K, 99% used [0x00000000ecb80000,0x00000000ed07cc30,0x00000000ed080000)
  to   space 5120K, 0% used [0x00000000ef100000,0x00000000ef100000,0x00000000ef600000)
 ParOldGen       total 87552K, used 674K [0x00000000c0000000, 0x00000000c5580000, 0x00000000eab00000)
  object space 87552K, 0% used [0x00000000c0000000,0x00000000c00a8b88,0x00000000c5580000)
 Metaspace       used 6112K, capacity 7024K, committed 7296K, reserved 1056768K
  class space    used 592K, capacity 616K, committed 640K, reserved 1048576K
Event: 2.679 GC heap after
Heap after GC invocations=2 (full 0):
 PSYoungGen      total 71680K, used 5115K [0x00000000eab00000, 0x00000000ef600000, 0x0000000100000000)
  eden space 66560K, 0% used [0x00000000eab00000,0x00000000eab00000,0x00000000eec00000)
  from space 5120K, 99% used [0x00000000ef100000,0x00000000ef5fec40,0x00000000ef600000)
  to   space 5120K, 0% used [0x00000000eec00000,0x00000000eec00000,0x00000000ef100000)
 ParOldGen       total 87552K, used 4411K [0x00000000c0000000, 0x00000000c5580000, 0x00000000eab00000)
  object space 87552K, 5% used [0x00000000c0000000,0x00000000c044efe0,0x00000000c5580000)
 Metaspace       used 6112K, capacity 7024K, committed 7296K, reserved 1056768K
  class space    used 592K, capacity 616K, committed 640K, reserved 1048576K
}

Deoptimization events (9 events):
Event: 0.832 Thread 0x0000000017a24000 Uncommon trap: reason=bimorphic action=maybe_recompile pc=0x0000000002e243d8 method=java.util.HashMap.getNode(ILjava/lang/Object;)Ljava/util/HashMap$Node; @ 126
Event: 2.217 Thread 0x0000000017afb000 Uncommon trap: reason=unreached action=reinterpret pc=0x0000000002e4181c method=com.android.dx.rop.cst.Constant.compareTo(Lcom/android/dx/rop/cst/Constant;)I @ 12
Event: 2.404 Thread 0x0000000002af0800 Uncommon trap: reason=uninitialized action=reinterpret pc=0x0000000003119a5c method=com.android.dx.cf.code.BytecodeArray.parseInstruction(ILcom/android/dx/cf/code/BytecodeArray$Visitor;)I @ 999
Event: 2.410 Thread 0x0000000002af0800 Uncommon trap: reason=bimorphic action=maybe_recompile pc=0x0000000002e243d8 method=java.util.HashMap.getNode(ILjava/lang/Object;)Ljava/util/HashMap$Node; @ 126
Event: 2.410 Thread 0x0000000002af0800 Uncommon trap: reason=bimorphic action=maybe_recompile pc=0x0000000002f61944 method=java.util.HashMap.putVal(ILjava/lang/Object;Ljava/lang/Object;ZZ)Ljava/lang/Object; @ 203
Event: 2.727 Thread 0x0000000017afb000 Uncommon trap: reason=unreached action=reinterpret pc=0x0000000003111440 method=com.android.dx.ssa.LocalVariableExtractor.processBlock(I)V @ 251
Event: 2.728 Thread 0x0000000002af0800 Uncommon trap: reason=unloaded action=reinterpret pc=0x00000000031ef7d4 method=com.android.dx.cf.cst.ConstantPoolParser.parse0(ILjava/util/BitSet;)Lcom/android/dx/rop/cst/Constant; @ 198
Event: 2.744 Thread 0x0000000017b1e800 Uncommon trap: reason=bimorphic action=maybe_recompile pc=0x0000000002e243d8 method=java.util.HashMap.getNode(ILjava/lang/Object;)Ljava/util/HashMap$Node; @ 126
Event: 2.744 Thread 0x0000000017b1e800 Uncommon trap: reason=bimorphic action=maybe_recompile pc=0x0000000002e243d8 method=java.util.HashMap.getNode(ILjava/lang/Object;)Ljava/util/HashMap$Node; @ 126

Internal exceptions (10 events):
Event: 0.794 Thread 0x0000000017a24000 Exception <a 'java/security/PrivilegedActionException'> (0x00000000eba3b328) thrown at [D:\re\workspace\8-2-build-windows-amd64-cygwin\jdk8u25\1677\hotspot\src\share\vm\prims\jvm.cpp, line 1312]
Event: 0.795 Thread 0x0000000002af0800 Exception <a 'java/security/PrivilegedActionException'> (0x00000000ebba14f0) thrown at [D:\re\workspace\8-2-build-windows-amd64-cygwin\jdk8u25\1677\hotspot\src\share\vm\prims\jvm.cpp, line 1312]
Event: 0.796 Thread 0x0000000017a24000 Exception <a 'java/security/PrivilegedActionException'> (0x00000000eba40e50) thrown at [D:\re\workspace\8-2-build-windows-amd64-cygwin\jdk8u25\1677\hotspot\src\share\vm\prims\jvm.cpp, line 1312]
Event: 0.797 Thread 0x0000000017a24000 Exception <a 'java/security/PrivilegedActionException'> (0x00000000eba46708) thrown at [D:\re\workspace\8-2-build-windows-amd64-cygwin\jdk8u25\1677\hotspot\src\share\vm\prims\jvm.cpp, line 1312]
Event: 0.801 Thread 0x0000000017afb000 Exception <a 'java/security/PrivilegedActionException'> (0x00000000ebb04b88) thrown at [D:\re\workspace\8-2-build-windows-amd64-cygwin\jdk8u25\1677\hotspot\src\share\vm\prims\jvm.cpp, line 1312]
Event: 0.815 Thread 0x0000000002af0800 Exception <a 'java/security/PrivilegedActionException'> (0x00000000ebbc3638) thrown at [D:\re\workspace\8-2-build-windows-amd64-cygwin\jdk8u25\1677\hotspot\src\share\vm\prims\jvm.cpp, line 1312]
Event: 0.817 Thread 0x0000000002af0800 Exception <a 'java/security/PrivilegedActionException'> (0x00000000ebbca100) thrown at [D:\re\workspace\8-2-build-windows-amd64-cygwin\jdk8u25\1677\hotspot\src\share\vm\prims\jvm.cpp, line 1312]
Event: 0.946 Thread 0x0000000017a24000 Exception <a 'java/security/PrivilegedActionException'> (0x00000000ebde58e8) thrown at [D:\re\workspace\8-2-build-windows-amd64-cygwin\jdk8u25\1677\hotspot\src\share\vm\prims\jvm.cpp, line 1312]
Event: 1.184 Thread 0x0000000017b1e800 Exception <a 'java/security/PrivilegedActionException'> (0x00000000ec3df610) thrown at [D:\re\workspace\8-2-build-windows-amd64-cygwin\jdk8u25\1677\hotspot\src\share\vm\prims\jvm.cpp, line 1312]
Event: 1.918 Thread 0x0000000002af0800 Exception <a 'java/security/PrivilegedActionException'> (0x00000000eb9405c0) thrown at [D:\re\workspace\8-2-build-windows-amd64-cygwin\jdk8u25\1677\hotspot\src\share\vm\prims\jvm.cpp, line 1312]

Events (10 events):
Event: 2.727 Thread 0x0000000017afb000 DEOPT UNPACKING pc=0x0000000002c3556a sp=0x00000000187fe690 mode 2
Event: 2.728 Thread 0x0000000002af0800 Uncommon trap: trap_request=0x000000d2 fr.pc=0x00000000031ef7d4
Event: 2.728 Thread 0x0000000002af0800 DEOPT PACKING pc=0x00000000031ef7d4 sp=0x0000000002ace930
Event: 2.728 Thread 0x0000000002af0800 DEOPT UNPACKING pc=0x0000000002c3556a sp=0x0000000002ace958 mode 2
Event: 2.744 Thread 0x0000000017b1e800 Uncommon trap: trap_request=0xffffffc6 fr.pc=0x0000000002e243d8
Event: 2.744 Thread 0x0000000017b1e800 DEOPT PACKING pc=0x0000000002e243d8 sp=0x0000000018bfe5f0
Event: 2.744 Thread 0x0000000017b1e800 DEOPT UNPACKING pc=0x0000000002c3556a sp=0x0000000018bfe560 mode 2
Event: 2.744 Thread 0x0000000017b1e800 Uncommon trap: trap_request=0xffffffc6 fr.pc=0x0000000002e243d8
Event: 2.744 Thread 0x0000000017b1e800 DEOPT PACKING pc=0x0000000002e243d8 sp=0x0000000018bfe5f0
Event: 2.744 Thread 0x0000000017b1e800 DEOPT UNPACKING pc=0x0000000002c3556a sp=0x0000000018bfe560 mode 2


Dynamic libraries:
0x00007ff6a4b00000 - 0x00007ff6a4b34000 	C:\Program Files\Java\jdk1.8.0_25\bin\java.exe
0x00007ffca8790000 - 0x00007ffca893d000 	C:\WINDOWS\SYSTEM32\ntdll.dll
0x00007ffca83a0000 - 0x00007ffca84de000 	C:\WINDOWS\system32\KERNEL32.DLL
0x00007ffca5c90000 - 0x00007ffca5da5000 	C:\WINDOWS\system32\KERNELBASE.dll
0x00007ffca4460000 - 0x00007ffca44ee000 	C:\WINDOWS\system32\apphelp.dll
0x00007ffc98a30000 - 0x00007ffc98a83000 	C:\WINDOWS\AppPatch\AppPatch64\AcGenral.DLL
0x00007ffca69a0000 - 0x00007ffca6a4a000 	C:\WINDOWS\system32\msvcrt.dll
0x00007ffca5710000 - 0x00007ffca573e000 	C:\WINDOWS\SYSTEM32\SspiCli.dll
0x00007ffca63b0000 - 0x00007ffca6404000 	C:\WINDOWS\system32\SHLWAPI.dll
0x00007ffca6820000 - 0x00007ffca6997000 	C:\WINDOWS\system32\USER32.dll
0x00007ffca6410000 - 0x00007ffca65a4000 	C:\WINDOWS\system32\ole32.dll
0x00007ffca6e70000 - 0x00007ffca839a000 	C:\WINDOWS\system32\SHELL32.dll
0x00007ffca4e80000 - 0x00007ffca4ea1000 	C:\WINDOWS\SYSTEM32\USERENV.dll
0x00007ffca6100000 - 0x00007ffca61aa000 	C:\WINDOWS\system32\ADVAPI32.dll
0x00007ffc9b110000 - 0x00007ffc9b12e000 	C:\WINDOWS\SYSTEM32\MPR.dll
0x00007ffca8640000 - 0x00007ffca8781000 	C:\WINDOWS\system32\RPCRT4.dll
0x00007ffca65c0000 - 0x00007ffca6619000 	C:\WINDOWS\SYSTEM32\sechost.dll
0x00007ffca5ee0000 - 0x00007ffca60f1000 	C:\WINDOWS\SYSTEM32\combase.dll
0x00007ffca61b0000 - 0x00007ffca6300000 	C:\WINDOWS\system32\GDI32.dll
0x00007ffca58e0000 - 0x00007ffca58f5000 	C:\WINDOWS\SYSTEM32\profapi.dll
0x00007ffca3c80000 - 0x00007ffca3d32000 	C:\WINDOWS\SYSTEM32\SHCORE.dll
0x00007ffca6310000 - 0x00007ffca6346000 	C:\WINDOWS\system32\IMM32.DLL
0x00007ffca84e0000 - 0x00007ffca8632000 	C:\WINDOWS\system32\MSCTF.dll
0x00007ffca0620000 - 0x00007ffca089b000 	C:\WINDOWS\WinSxS\amd64_microsoft.windows.common-controls_6595b64144ccf1df_6.0.9600.18006_none_623f33d3ecbe86e8\COMCTL32.dll
0x0000000065040000 - 0x0000000065112000 	C:\Program Files\Java\jdk1.8.0_25\jre\bin\msvcr100.dll
0x00000000654c0000 - 0x0000000065d1a000 	C:\Program Files\Java\jdk1.8.0_25\jre\bin\server\jvm.dll
0x00007ffc9cb20000 - 0x00007ffc9cb29000 	C:\WINDOWS\SYSTEM32\WSOCK32.dll
0x00007ffc9a480000 - 0x00007ffc9a4a2000 	C:\WINDOWS\SYSTEM32\WINMM.dll
0x00007ffca6810000 - 0x00007ffca6817000 	C:\WINDOWS\system32\PSAPI.DLL
0x00007ffca6e10000 - 0x00007ffca6e6a000 	C:\WINDOWS\system32\WS2_32.dll
0x00007ffc99580000 - 0x00007ffc995aa000 	C:\WINDOWS\SYSTEM32\WINMMBASE.dll
0x00007ffca6800000 - 0x00007ffca6809000 	C:\WINDOWS\system32\NSI.dll
0x00007ffca5c40000 - 0x00007ffca5c8f000 	C:\WINDOWS\SYSTEM32\cfgmgr32.dll
0x00007ffca46e0000 - 0x00007ffca4708000 	C:\WINDOWS\SYSTEM32\DEVOBJ.dll
0x00000000654b0000 - 0x00000000654bf000 	C:\Program Files\Java\jdk1.8.0_25\jre\bin\verify.dll
0x0000000065480000 - 0x00000000654a8000 	C:\Program Files\Java\jdk1.8.0_25\jre\bin\java.dll
0x0000000065460000 - 0x0000000065476000 	C:\Program Files\Java\jdk1.8.0_25\jre\bin\zip.dll
0x00007ffc7c8c0000 - 0x00007ffc7ca49000 	C:\WINDOWS\SYSTEM32\dbghelp.dll

VM Arguments:
jvm_args: -Xmx1024M -Dfile.encoding=windows-1252 -Duser.country=US -Duser.language=en -Duser.variant 
java_command: com.android.dx.command.Main --dex --num-threads=4 --output D:\sources\Rabbitmq\app\build\intermediates\pre-dexed\debug\classes-002e513d28c4e9d81410fc571249d026d502ca02.jar D:\sources\Rabbitmq\app\build\intermediates\exploded-aar\com.android.support\appcompat-v7\24.0.0\jars\classes.jar
java_class_path (initial): C:\Users\Ali Haider\AppData\Local\Android\sdk\build-tools\24.0.0-preview\lib\dx.jar
Launcher Type: SUN_STANDARD

Environment Variables:
JAVA_HOME=C:\Program Files\Java\jdk1.8.0_25
PATH=C:\Program Files (x86)\Common Files\NetSarang;C:\WINDOWS\system32;C:\WINDOWS;C:\WINDOWS\System32\Wbem;C:\WINDOWS\System32\WindowsPowerShell\v1.0\;C:\Program Files\TortoiseSVN\bin;C:\Program Files (x86)\Git\cmd;C:\Program Files (x86)\Git\bin;C:\Program Files (x86)\Skype\Phone\;C:\Program Files (x86)\ATI Technologies\ATI.ACE\Core-Static;C:\wamp\bin\mysql\mysql5.6.12\bin;C:\Python26;C:\Python26\Scripts;C:\Python26\Lib\site-packages\django\bin;C:\Program Files\Java\jdk1.8.0_25\bin;C:\Users\Ali Haider\AppData\Local\Android\sdk\tools;C:\Users\Ali Haider\AppData\Local\Android\sdk\platform-tools
USERNAME=Hina Khan
OS=Windows_NT
PROCESSOR_IDENTIFIER=Intel64 Family 6 Model 42 Stepping 7, GenuineIntel



---------------  S Y S T E M  ---------------

OS: Windows 8.1 , 64 bit Build 9600 

CPU:total 8 (4 cores per cpu, 2 threads per core) family 6 model 42 stepping 7, cmov, cx8, fxsr, mmx, sse, sse2, sse3, ssse3, sse4.1, sse4.2, popcnt, avx, aes, clmul, ht, tsc, tscinvbit

Memory: 4k page, physical 8321388k(897660k free), swap 11467116k(5128k free)

vm_info: Java HotSpot(TM) 64-Bit Server VM (25.25-b02) for windows-amd64 JRE (1.8.0_25-b18), built on Oct  7 2014 14:25:37 by "java_re" with MS VC++ 10.0 (VS2010)

time: Sat Jun 25 01:35:47 2016
elapsed time: 2 seconds (0d 0h 0m 2s)

