#
# There is insufficient memory for the Java Runtime Environment to continue.
# Native memory allocation (malloc) failed to allocate 568976 bytes for Chunk::new
# Possible reasons:
#   The system is out of physical RAM or swap space
#   In 32 bit mode, the process size limit was hit
# Possible solutions:
#   Reduce memory load on the system
#   Increase physical memory or swap space
#   Check if swap backing store is full
#   Use 64 bit Java on a 64 bit OS
#   Decrease Java heap size (-Xmx/-Xms)
#   Decrease number of Java threads
#   Decrease Java thread stack sizes (-Xss)
#   Set larger code cache with -XX:ReservedCodeCacheSize=
# This output file may be truncated or incomplete.
#
#  Out of Memory Error (allocation.cpp:390), pid=7588, tid=3468
#
# JRE version: Java(TM) SE Runtime Environment (8.0_25-b18) (build 1.8.0_25-b18)
# Java VM: Java HotSpot(TM) 64-Bit Server VM (25.25-b02 mixed mode windows-amd64 compressed oops)
# Failed to write core dump. Minidumps are not enabled by default on client versions of Windows
#

---------------  T H R E A D  ---------------

Current thread (0x0000000017415800):  JavaThread "C2 CompilerThread0" daemon [_thread_in_native, id=3468, stack(0x00000000179f0000,0x0000000017af0000)]

Stack: [0x00000000179f0000,0x0000000017af0000]
Native frames: (J=compiled Java code, j=interpreted, Vv=VM code, C=native code)
V  [jvm.dll+0x31667a]


Current CompileTask:
C2:   2144 1216       4       com.android.dx.ssa.back.FirstFitLocalCombiningAllocator$1::processInsn (169 bytes)


---------------  P R O C E S S  ---------------

Java Threads: ( => current thread )
  0x00000000175fd800 JavaThread "pool-1-thread-4" [_thread_in_Java, id=3868, stack(0x00000000183f0000,0x00000000184f0000)]
  0x00000000176a2800 JavaThread "pool-1-thread-3" [_thread_in_Java, id=2012, stack(0x00000000182f0000,0x00000000183f0000)]
  0x00000000175d6000 JavaThread "pool-1-thread-2" [_thread_in_Java, id=7740, stack(0x00000000181f0000,0x00000000182f0000)]
  0x00000000175d3800 JavaThread "pool-2-thread-1" [_thread_blocked, id=11604, stack(0x00000000180f0000,0x00000000181f0000)]
  0x00000000175d2800 JavaThread "pool-1-thread-1" [_thread_in_Java, id=7144, stack(0x0000000017ff0000,0x00000000180f0000)]
  0x00000000174b0800 JavaThread "Service Thread" daemon [_thread_blocked, id=5180, stack(0x0000000017df0000,0x0000000017ef0000)]
  0x000000001746f800 JavaThread "C1 CompilerThread3" daemon [_thread_blocked, id=10360, stack(0x0000000017cf0000,0x0000000017df0000)]
  0x000000001745a800 JavaThread "C2 CompilerThread2" daemon [_thread_in_native, id=8040, stack(0x0000000017bf0000,0x0000000017cf0000)]
  0x0000000017419000 JavaThread "C2 CompilerThread1" daemon [_thread_in_vm, id=8996, stack(0x0000000017af0000,0x0000000017bf0000)]
=>0x0000000017415800 JavaThread "C2 CompilerThread0" daemon [_thread_in_native, id=3468, stack(0x00000000179f0000,0x0000000017af0000)]
  0x0000000017414000 JavaThread "Attach Listener" daemon [_thread_blocked, id=3220, stack(0x00000000178f0000,0x00000000179f0000)]
  0x000000001542e800 JavaThread "Signal Dispatcher" daemon [_thread_blocked, id=8012, stack(0x00000000177f0000,0x00000000178f0000)]
  0x00000000028f7800 JavaThread "Finalizer" daemon [_thread_blocked, id=5204, stack(0x00000000172f0000,0x00000000173f0000)]
  0x000000001541c800 JavaThread "Reference Handler" daemon [_thread_blocked, id=3832, stack(0x00000000171f0000,0x00000000172f0000)]
  0x0000000002800800 JavaThread "main" [_thread_blocked, id=7380, stack(0x0000000002700000,0x0000000002800000)]

Other Threads:
  0x0000000015418800 VMThread [stack: 0x00000000170f0000,0x00000000171f0000] [id=10920]
  0x00000000174b3800 WatcherThread [stack: 0x0000000017ef0000,0x0000000017ff0000] [id=10604]

VM state:not at safepoint (normal execution)

VM Mutex/Monitor currently owned by a thread: None

Heap:
 PSYoungGen      total 38400K, used 32268K [0x00000000eab00000, 0x00000000ed580000, 0x0000000100000000)
  eden space 33280K, 96% used [0x00000000eab00000,0x00000000eca832b0,0x00000000ecb80000)
  from space 5120K, 0% used [0x00000000ed080000,0x00000000ed080000,0x00000000ed580000)
  to   space 5120K, 0% used [0x00000000ecb80000,0x00000000ecb80000,0x00000000ed080000)
 ParOldGen       total 87552K, used 0K [0x00000000c0000000, 0x00000000c5580000, 0x00000000eab00000)
  object space 87552K, 0% used [0x00000000c0000000,0x00000000c0000000,0x00000000c5580000)
 Metaspace       used 5910K, capacity 6896K, committed 7040K, reserved 1056768K
  class space    used 592K, capacity 616K, committed 640K, reserved 1048576K

Card table byte_map: [0x0000000011cc0000,0x0000000011ed0000] byte_map_base: 0x00000000116c0000

Marking Bits: (ParMarkBitMap*) 0x0000000065c9d490
 Begin Bits: [0x0000000012830000, 0x0000000013830000)
 End Bits:   [0x0000000013830000, 0x0000000014830000)

Polling page: 0x0000000000da0000

CodeCache: size=245760Kb used=4819Kb max_used=4825Kb free=240940Kb
 bounds [0x0000000002900000, 0x0000000002dc0000, 0x0000000011900000]
 total_blobs=1492 nmethods=1228 adapters=178
 compilation: enabled

Compilation events (10 events):
Event: 2.128 Thread 0x0000000017419000 1220 %     4       com.android.dx.rop.code.RopMethod::calcPredecessors @ 157 (227 bytes)
Event: 2.131 Thread 0x000000001746f800 1221       3       com.android.dx.util.LabeledList::rebuildLabelToIndex (46 bytes)
Event: 2.131 Thread 0x000000001745a800 1222       4       com.android.dx.dex.code.CodeAddress::<init> (7 bytes)
Event: 2.131 Thread 0x000000001746f800 nmethod 1221 0x0000000002db3a50 code [0x0000000002db3c00, 0x0000000002db4288]
Event: 2.132 Thread 0x000000001745a800 nmethod 1222 0x0000000002da7610 code [0x0000000002da7760, 0x0000000002da7818]
Event: 2.133 Thread 0x000000001746f800 1223       3       com.android.dx.dex.code.RopTranslator::pickOrder (400 bytes)
Event: 2.133 Thread 0x000000001745a800 1224       4       java.util.Arrays::hashCode (56 bytes)
Event: 2.134 Thread 0x0000000017419000 nmethod 1220% 0x0000000002db1c50 code [0x0000000002db1dc0, 0x0000000002db2118]
Event: 2.136 Thread 0x000000001746f800 nmethod 1223 0x0000000002db87d0 code [0x0000000002db8b00, 0x0000000002dbac18]
Event: 2.139 Thread 0x000000001745a800 nmethod 1224 0x0000000002dada90 code [0x0000000002dadbe0, 0x0000000002dade38]

GC Heap History (0 events):
No events

Deoptimization events (10 events):
Event: 1.370 Thread 0x00000000176a2800 Uncommon trap: reason=class_check action=maybe_recompile pc=0x0000000002b50430 method=com.android.dx.ssa.NormalSsaInsn.accept(Lcom/android/dx/ssa/SsaInsn$Visitor;)V @ 9
Event: 1.370 Thread 0x00000000176a2800 Uncommon trap: reason=class_check action=maybe_recompile pc=0x0000000002b50430 method=com.android.dx.ssa.NormalSsaInsn.accept(Lcom/android/dx/ssa/SsaInsn$Visitor;)V @ 9
Event: 1.370 Thread 0x00000000176a2800 Uncommon trap: reason=class_check action=maybe_recompile pc=0x0000000002b50430 method=com.android.dx.ssa.NormalSsaInsn.accept(Lcom/android/dx/ssa/SsaInsn$Visitor;)V @ 9
Event: 1.371 Thread 0x00000000176a2800 Uncommon trap: reason=class_check action=maybe_recompile pc=0x0000000002c4fe6c method=com.android.dx.ssa.NormalSsaInsn.accept(Lcom/android/dx/ssa/SsaInsn$Visitor;)V @ 9
Event: 1.372 Thread 0x00000000176a2800 Uncommon trap: reason=class_check action=maybe_recompile pc=0x0000000002b50430 method=com.android.dx.ssa.NormalSsaInsn.accept(Lcom/android/dx/ssa/SsaInsn$Visitor;)V @ 9
Event: 1.896 Thread 0x00000000175fd800 Uncommon trap: reason=bimorphic action=maybe_recompile pc=0x0000000002b19468 method=java.util.HashMap.getNode(ILjava/lang/Object;)Ljava/util/HashMap$Node; @ 126
Event: 1.896 Thread 0x00000000175fd800 Uncommon trap: reason=class_check action=maybe_recompile pc=0x0000000002d1c3f8 method=java.util.HashMap.putVal(ILjava/lang/Object;Ljava/lang/Object;ZZ)Ljava/lang/Object; @ 203
Event: 1.954 Thread 0x00000000175d6000 Uncommon trap: reason=bimorphic action=maybe_recompile pc=0x0000000002b19468 method=java.util.HashMap.getNode(ILjava/lang/Object;)Ljava/util/HashMap$Node; @ 126
Event: 1.954 Thread 0x00000000175d6000 Uncommon trap: reason=class_check action=maybe_recompile pc=0x0000000002d1c3f8 method=java.util.HashMap.putVal(ILjava/lang/Object;Ljava/lang/Object;ZZ)Ljava/lang/Object; @ 203
Event: 1.990 Thread 0x00000000176a2800 Uncommon trap: reason=null_check action=make_not_entrant pc=0x0000000002bc63a0 method=com.android.dx.rop.type.Type.equals(Ljava/lang/Object;)Z @ 8

Internal exceptions (10 events):
Event: 0.925 Thread 0x00000000175fd800 Exception <a 'java/security/PrivilegedActionException'> (0x00000000eb47f9b0) thrown at [D:\re\workspace\8-2-build-windows-amd64-cygwin\jdk8u25\1677\hotspot\src\share\vm\prims\jvm.cpp, line 1312]
Event: 0.927 Thread 0x00000000175fd800 Exception <a 'java/security/PrivilegedActionException'> (0x00000000eb485dd8) thrown at [D:\re\workspace\8-2-build-windows-amd64-cygwin\jdk8u25\1677\hotspot\src\share\vm\prims\jvm.cpp, line 1312]
Event: 0.942 Thread 0x00000000176a2800 Exception <a 'java/security/PrivilegedActionException'> (0x00000000eb6ac878) thrown at [D:\re\workspace\8-2-build-windows-amd64-cygwin\jdk8u25\1677\hotspot\src\share\vm\prims\jvm.cpp, line 1312]
Event: 1.065 Thread 0x00000000175d6000 Exception <a 'java/security/PrivilegedActionException'> (0x00000000eb5ec638) thrown at [D:\re\workspace\8-2-build-windows-amd64-cygwin\jdk8u25\1677\hotspot\src\share\vm\prims\jvm.cpp, line 1312]
Event: 1.087 Thread 0x00000000175fd800 Exception <a 'java/security/PrivilegedActionException'> (0x00000000eb92b568) thrown at [D:\re\workspace\8-2-build-windows-amd64-cygwin\jdk8u25\1677\hotspot\src\share\vm\prims\jvm.cpp, line 1312]
Event: 1.088 Thread 0x00000000175fd800 Exception <a 'java/security/PrivilegedActionException'> (0x00000000eb931090) thrown at [D:\re\workspace\8-2-build-windows-amd64-cygwin\jdk8u25\1677\hotspot\src\share\vm\prims\jvm.cpp, line 1312]
Event: 1.089 Thread 0x00000000175fd800 Exception <a 'java/security/PrivilegedActionException'> (0x00000000eb936948) thrown at [D:\re\workspace\8-2-build-windows-amd64-cygwin\jdk8u25\1677\hotspot\src\share\vm\prims\jvm.cpp, line 1312]
Event: 1.675 Thread 0x00000000176a2800 Exception <a 'java/security/PrivilegedActionException'> (0x00000000ebd1e368) thrown at [D:\re\workspace\8-2-build-windows-amd64-cygwin\jdk8u25\1677\hotspot\src\share\vm\prims\jvm.cpp, line 1312]
Event: 1.790 Thread 0x00000000175d2800 Exception <a 'java/security/PrivilegedActionException'> (0x00000000ec301880) thrown at [D:\re\workspace\8-2-build-windows-amd64-cygwin\jdk8u25\1677\hotspot\src\share\vm\prims\jvm.cpp, line 1312]
Event: 1.990 Thread 0x00000000176a2800 Implicit null exception at 0x0000000002bc62a2 to 0x0000000002bc6392

Events (10 events):
Event: 1.954 Thread 0x00000000175d6000 DEOPT PACKING pc=0x0000000002b19468 sp=0x00000000182ee9a0
Event: 1.954 Thread 0x00000000175d6000 DEOPT UNPACKING pc=0x000000000294556a sp=0x00000000182ee8b8 mode 2
Event: 1.954 Thread 0x00000000175d6000 Uncommon trap: trap_request=0xffffffde fr.pc=0x0000000002d1c3f8
Event: 1.954 Thread 0x00000000175d6000 DEOPT PACKING pc=0x0000000002d1c3f8 sp=0x00000000182ee8e0
Event: 1.954 Thread 0x00000000175d6000 DEOPT UNPACKING pc=0x000000000294556a sp=0x00000000182ee858 mode 2
Event: 1.990 Thread 0x00000000176a2800 Uncommon trap: trap_request=0xfffffff4 fr.pc=0x0000000002bc63a0
Event: 1.990 Thread 0x00000000176a2800 DEOPT PACKING pc=0x0000000002bc63a0 sp=0x00000000183ee3b0
Event: 1.990 Thread 0x00000000176a2800 DEOPT UNPACKING pc=0x000000000294556a sp=0x00000000183ee338 mode 2
Event: 2.053 Thread 0x00000000175fd800 DEOPT PACKING pc=0x0000000002b9e6dd sp=0x00000000184eecd0
Event: 2.053 Thread 0x00000000175fd800 DEOPT UNPACKING pc=0x00000000029475bf sp=0x00000000184eeac0 mode 0


Dynamic libraries:
0x00007ff6a4b00000 - 0x00007ff6a4b34000 	C:\Program Files\Java\jdk1.8.0_25\bin\java.exe
0x00007ffca8790000 - 0x00007ffca893d000 	C:\WINDOWS\SYSTEM32\ntdll.dll
0x00007ffca83a0000 - 0x00007ffca84de000 	C:\WINDOWS\system32\KERNEL32.DLL
0x00007ffca5c90000 - 0x00007ffca5da5000 	C:\WINDOWS\system32\KERNELBASE.dll
0x00007ffca4460000 - 0x00007ffca44ee000 	C:\WINDOWS\system32\apphelp.dll
0x00007ffc98a30000 - 0x00007ffc98a83000 	C:\WINDOWS\AppPatch\AppPatch64\AcGenral.DLL
0x00007ffca69a0000 - 0x00007ffca6a4a000 	C:\WINDOWS\system32\msvcrt.dll
0x00007ffca5710000 - 0x00007ffca573e000 	C:\WINDOWS\SYSTEM32\SspiCli.dll
0x00007ffca63b0000 - 0x00007ffca6404000 	C:\WINDOWS\system32\SHLWAPI.dll
0x00007ffca6820000 - 0x00007ffca6997000 	C:\WINDOWS\system32\USER32.dll
0x00007ffca6410000 - 0x00007ffca65a4000 	C:\WINDOWS\system32\ole32.dll
0x00007ffca6e70000 - 0x00007ffca839a000 	C:\WINDOWS\system32\SHELL32.dll
0x00007ffca4e80000 - 0x00007ffca4ea1000 	C:\WINDOWS\SYSTEM32\USERENV.dll
0x00007ffca6100000 - 0x00007ffca61aa000 	C:\WINDOWS\system32\ADVAPI32.dll
0x00007ffc9b110000 - 0x00007ffc9b12e000 	C:\WINDOWS\SYSTEM32\MPR.dll
0x00007ffca8640000 - 0x00007ffca8781000 	C:\WINDOWS\system32\RPCRT4.dll
0x00007ffca65c0000 - 0x00007ffca6619000 	C:\WINDOWS\SYSTEM32\sechost.dll
0x00007ffca5ee0000 - 0x00007ffca60f1000 	C:\WINDOWS\SYSTEM32\combase.dll
0x00007ffca61b0000 - 0x00007ffca6300000 	C:\WINDOWS\system32\GDI32.dll
0x00007ffca58e0000 - 0x00007ffca58f5000 	C:\WINDOWS\SYSTEM32\profapi.dll
0x00007ffca3c80000 - 0x00007ffca3d32000 	C:\WINDOWS\SYSTEM32\SHCORE.dll
0x00007ffca6310000 - 0x00007ffca6346000 	C:\WINDOWS\system32\IMM32.DLL
0x00007ffca84e0000 - 0x00007ffca8632000 	C:\WINDOWS\system32\MSCTF.dll
0x00007ffca0620000 - 0x00007ffca089b000 	C:\WINDOWS\WinSxS\amd64_microsoft.windows.common-controls_6595b64144ccf1df_6.0.9600.18006_none_623f33d3ecbe86e8\COMCTL32.dll
0x0000000065040000 - 0x0000000065112000 	C:\Program Files\Java\jdk1.8.0_25\jre\bin\msvcr100.dll
0x00000000654c0000 - 0x0000000065d1a000 	C:\Program Files\Java\jdk1.8.0_25\jre\bin\server\jvm.dll
0x00007ffc9cb20000 - 0x00007ffc9cb29000 	C:\WINDOWS\SYSTEM32\WSOCK32.dll
0x00007ffc9a480000 - 0x00007ffc9a4a2000 	C:\WINDOWS\SYSTEM32\WINMM.dll
0x00007ffca6810000 - 0x00007ffca6817000 	C:\WINDOWS\system32\PSAPI.DLL
0x00007ffca6e10000 - 0x00007ffca6e6a000 	C:\WINDOWS\system32\WS2_32.dll
0x00007ffc99580000 - 0x00007ffc995aa000 	C:\WINDOWS\SYSTEM32\WINMMBASE.dll
0x00007ffca6800000 - 0x00007ffca6809000 	C:\WINDOWS\system32\NSI.dll
0x00007ffca5c40000 - 0x00007ffca5c8f000 	C:\WINDOWS\SYSTEM32\cfgmgr32.dll
0x00007ffca46e0000 - 0x00007ffca4708000 	C:\WINDOWS\SYSTEM32\DEVOBJ.dll
0x00000000654b0000 - 0x00000000654bf000 	C:\Program Files\Java\jdk1.8.0_25\jre\bin\verify.dll
0x0000000065480000 - 0x00000000654a8000 	C:\Program Files\Java\jdk1.8.0_25\jre\bin\java.dll
0x0000000065460000 - 0x0000000065476000 	C:\Program Files\Java\jdk1.8.0_25\jre\bin\zip.dll
0x00007ffc7c8c0000 - 0x00007ffc7ca49000 	C:\WINDOWS\SYSTEM32\dbghelp.dll

VM Arguments:
jvm_args: -Xmx1024M -Dfile.encoding=windows-1252 -Duser.country=US -Duser.language=en -Duser.variant 
java_command: com.android.dx.command.Main --dex --num-threads=4 --output D:\sources\Rabbitmq\app\build\intermediates\pre-dexed\debug\classes-78bbe46d0fdf966b0f896ee64066916c141998a1.jar D:\sources\Rabbitmq\app\build\intermediates\exploded-aar\com.android.support\support-vector-drawable\24.0.0\jars\classes.jar
java_class_path (initial): C:\Users\Ali Haider\AppData\Local\Android\sdk\build-tools\24.0.0-preview\lib\dx.jar
Launcher Type: SUN_STANDARD

Environment Variables:
JAVA_HOME=C:\Program Files\Java\jdk1.8.0_25
PATH=C:\Program Files (x86)\Common Files\NetSarang;C:\WINDOWS\system32;C:\WINDOWS;C:\WINDOWS\System32\Wbem;C:\WINDOWS\System32\WindowsPowerShell\v1.0\;C:\Program Files\TortoiseSVN\bin;C:\Program Files (x86)\Git\cmd;C:\Program Files (x86)\Git\bin;C:\Program Files (x86)\Skype\Phone\;C:\Program Files (x86)\ATI Technologies\ATI.ACE\Core-Static;C:\wamp\bin\mysql\mysql5.6.12\bin;C:\Python26;C:\Python26\Scripts;C:\Python26\Lib\site-packages\django\bin;C:\Program Files\Java\jdk1.8.0_25\bin;C:\Users\Ali Haider\AppData\Local\Android\sdk\tools;C:\Users\Ali Haider\AppData\Local\Android\sdk\platform-tools
USERNAME=Hina Khan
OS=Windows_NT
PROCESSOR_IDENTIFIER=Intel64 Family 6 Model 42 Stepping 7, GenuineIntel



---------------  S Y S T E M  ---------------

OS: Windows 8.1 , 64 bit Build 9600 

CPU:total 8 (4 cores per cpu, 2 threads per core) family 6 model 42 stepping 7, cmov, cx8, fxsr, mmx, sse, sse2, sse3, ssse3, sse4.1, sse4.2, popcnt, avx, aes, clmul, ht, tsc, tscinvbit

Memory: 4k page, physical 8321388k(979596k free), swap 11467116k(5036k free)

vm_info: Java HotSpot(TM) 64-Bit Server VM (25.25-b02) for windows-amd64 JRE (1.8.0_25-b18), built on Oct  7 2014 14:25:37 by "java_re" with MS VC++ 10.0 (VS2010)

time: Sat Jun 25 01:32:42 2016
elapsed time: 2 seconds (0d 0h 0m 2s)

